This is pdfTeX, Version 3.1415926-1.40.10 (TeX Live 2009/Debian) (format=pdflatex 2011.4.11)  9 AUG 2011 14:39
entering extended mode
 %&-line parsing enabled.
**latex-manual-short
(./latex-manual-short.tex
LaTeX2e <2009/09/24>
Babel <v3.8l> and hyphenation patterns for english, usenglishmax, dumylang, noh
yphenation, loaded.
(/usr/share/texmf-texlive/tex/latex/base/report.cls
Document Class: report 2007/10/19 v1.4h Standard LaTeX document class
(/usr/share/texmf-texlive/tex/latex/base/size10.clo
File: size10.clo 2007/10/19 v1.4h Standard LaTeX file (size option)
)
\c@part=\count79
\c@chapter=\count80
\c@section=\count81
\c@subsection=\count82
\c@subsubsection=\count83
\c@paragraph=\count84
\c@subparagraph=\count85
\c@figure=\count86
\c@table=\count87
\abovecaptionskip=\skip41
\belowcaptionskip=\skip42
\bibindent=\dimen102
)
(/usr/share/texmf-texlive/tex/latex/base/makeidx.sty
Package: makeidx 2000/03/29 v1.0m Standard LaTeX package
)
(/usr/share/texmf-texlive/tex/latex/listings/listings.sty
(/usr/share/texmf-texlive/tex/latex/graphics/keyval.sty
Package: keyval 1999/03/16 v1.13 key=value parser (DPC)
\KV@toks@=\toks14
)
\lst@mode=\count88
\lst@gtempboxa=\box26
\lst@token=\toks15
\lst@length=\count89
\lst@currlwidth=\dimen103
\lst@column=\count90
\lst@pos=\count91
\lst@lostspace=\dimen104
\lst@width=\dimen105
\lst@newlines=\count92
\lst@lineno=\count93
\lst@maxwidth=\dimen106

(/usr/share/texmf-texlive/tex/latex/listings/lstmisc.sty
File: lstmisc.sty 2007/02/22 1.4 (Carsten Heinz)
\c@lstnumber=\count94
\lst@skipnumbers=\count95
\lst@framebox=\box27
)
(/usr/share/texmf-texlive/tex/latex/listings/listings.cfg
File: listings.cfg 2007/02/22 1.4 listings configuration
))
Package: listings 2007/02/22 1.4 (Carsten Heinz)

(/usr/share/texmf-texlive/tex/latex/base/alltt.sty
Package: alltt 1997/06/16 v2.0g defines alltt environment
)
(/usr/share/texmf-texlive/tex/latex/base/fontenc.sty
Package: fontenc 2005/09/27 v1.99g Standard LaTeX package

(/usr/share/texmf-texlive/tex/latex/base/t1enc.def
File: t1enc.def 2005/09/27 v1.99g Standard LaTeX file
LaTeX Font Info:    Redeclaring font encoding T1 on input line 43.
))
(/usr/share/texmf-texlive/tex/latex/xstring/xstring.sty
(/usr/share/texmf-texlive/tex/generic/xstring/xstring.tex
\@xs@message=\write3
\integerpart=\count96
\decimalpart=\count97
)
Package: xstring 2009/06/05 v1.5c String manipulations (C Tellechea)
)
(/usr/share/texmf-texlive/tex/latex/listings/lstlang1.sty
File: lstlang1.sty 2004/09/05 1.3 listings language file
)
(/usr/share/texmf-texlive/tex/latex/listings/lstlang2.sty
File: lstlang2.sty 2004/09/05 1.3 listings language file
)
\@indexfile=\write4
\openout4 = `latex-manual-short.idx'.


Writing index file latex-manual-short.idx
(./latex-manual-short.aux (./latex-preamble-short.aux)
(./latex-facilities-short.aux))
\openout1 = `latex-manual-short.aux'.

LaTeX Font Info:    Checking defaults for OML/cmm/m/it on input line 26.
LaTeX Font Info:    ... okay on input line 26.
LaTeX Font Info:    Checking defaults for T1/cmr/m/n on input line 26.
LaTeX Font Info:    ... okay on input line 26.
LaTeX Font Info:    Checking defaults for OT1/cmr/m/n on input line 26.
LaTeX Font Info:    ... okay on input line 26.
LaTeX Font Info:    Checking defaults for OMS/cmsy/m/n on input line 26.
LaTeX Font Info:    ... okay on input line 26.
LaTeX Font Info:    Checking defaults for OMX/cmex/m/n on input line 26.
LaTeX Font Info:    ... okay on input line 26.
LaTeX Font Info:    Checking defaults for U/cmr/m/n on input line 26.
LaTeX Font Info:    ... okay on input line 26.
\c@lstlisting=\count98
 (/home/theorem/tps/doc/lib/tps.tex
\hypbox=\box28
\turnstylelength=\dimen107
\formulabox=\box29
\formulawd=\dimen108
\processname=\box30
\realtime=\box31
\inruntime=\box32
\gctime=\box33
\igctime=\box34
\processnamewd=\dimen109
\realtimewd=\dimen110
\inruntimewd=\dimen111
\gctimewd=\dimen112
\igctimewd=\dimen113
\diffwd=\dimen114
\ndiffwd=\dimen115
\tempa=\box35
\tempb=\box36
\tempc=\dimen116
\tempd=\box37
\gappremises=\box38
)
(/home/theorem/tps/doc/lib/tpsdoc.tex
\c@definition=\count99
)
LaTeX Font Info:    External font `cmex10' loaded for size
(Font)              <12> on input line 31.
LaTeX Font Info:    External font `cmex10' loaded for size
(Font)              <8> on input line 31.
LaTeX Font Info:    External font `cmex10' loaded for size
(Font)              <6> on input line 31.
LaTeX Font Info:    Try loading font information for OMS+cmr on input line 31.

(/usr/share/texmf-texlive/tex/latex/base/omscmr.fd
File: omscmr.fd 1999/05/25 v2.5h Standard LaTeX font definitions
)
LaTeX Font Info:    Font shape `OMS/cmr/m/n' in size <10> not available
(Font)              Font shape `OMS/cmsy/m/n' tried instead on input line 31.
 [0

{/var/lib/texmf/fonts/map/pdftex/updmap/pdftex.map}] (./latex-manual-short.toc
LaTeX Font Info:    External font `cmex10' loaded for size
(Font)              <7> on input line 3.
LaTeX Font Info:    External font `cmex10' loaded for size
(Font)              <5> on input line 3.
 [1

] [2] [3] [4] [5]
[6] [7])
\tf@toc=\write5
\openout5 = `latex-manual-short.toc'.

 [8]
\openout2 = `latex-preamble-short.aux'.

 (./latex-preamble-short.tex
Chapter 1.

Overfull \hbox (25.38455pt too wide) in paragraph at lines 3--9
\T1/cmr/m/n/10 This doc-u-ment is a short ver-sion of the TPS3 Fa-cil-i-ties Gu
ide, and lists \T1/cmr/m/sc/10 Tps\T1/cmr/m/n/10 commands,
 []

LaTeX Font Info:    Try loading font information for T1+cmtt on input line 16.
(/usr/share/texmf-texlive/tex/latex/base/t1cmtt.fd
File: t1cmtt.fd 1999/05/25 v2.5h Standard LaTeX font definitions
)) [9


]
\openout2 = `latex-facilities-short.aux'.


(./latex-facilities-short.tex
Chapter 2.

Overfull \hbox (23.52725pt too wide) in paragraph at lines 11--24
\T1/cmr/m/n/10 HEIGHT, PROOFW-ACTIVE-WIDTH, PROOFW-ACTIVE+NOS-HEIGHT,
 []


Overfull \hbox (32.9046pt too wide) in paragraph at lines 29--38
\T1/cmr/m/n/10 mine the lay-out of these win-dows. The flags EDWIN-CURRENT,TOP,
VPFORM-
 []

[10



] [11] [12]
Overfull \hbox (49.29764pt too wide) in paragraph at lines 159--161
[]\T1/cmr/m/n/10 If the flag UNIXLIB-SHOWPATH is NIL, the prompt will be <LIB:<
CLASS><num>> 
 []

[13] [14] [15] [16] [17] [18] [19] [20] [21] [22] [23] [24] [25] [26]
Overfull \hbox (21.8599pt too wide) in paragraph at lines 989--990
[]\T1/cmr/m/n/10 SEE ALSO: ELIMINATE-ALL-RULEP-APPS, ELIMINATE-CONJ*-RULEP-
 []

[27] [28] [29] [30] [31] [32] [33] [34] [35] [36] [37] [38] [39] [40] [41]
[42] [43]
Chapter 3.

Underfull \hbox (badness 10000) detected at line 1900
\T1/cmtt/m/n/10 (H1) H1
 []


Overfull \hbox (25.00003pt too wide) in paragraph at lines 1896--1900
[] 
 []


Underfull \hbox (badness 10000) detected at line 1900
\T1/cmtt/m/n/10 (P2) H
 []


Overfull \hbox (56.49234pt too wide) in paragraph at lines 1900--1900
[] \T1/cmtt/m/n/10 *    [] 
 []


Underfull \hbox (badness 10000) detected at line 1908
\T1/cmtt/m/n/10 (P1) H1
 []


Overfull \hbox (25.00003pt too wide) in paragraph at lines 1904--1908
[] 
 []


Underfull \hbox (badness 10000) detected at line 1908
\T1/cmtt/m/n/10 (P2) H2
 []


Overfull \hbox (56.49234pt too wide) in paragraph at lines 1908--1908
[] \T1/cmtt/m/n/10 *    [] 
 []


Underfull \hbox (badness 10000) detected at line 1916
\T1/cmtt/m/n/10 (D1) H
 []


Overfull \hbox (51.24362pt too wide) in paragraph at lines 1912--1916
\T1/cmtt/m/n/10 *    [] 
 []


Underfull \hbox (badness 10000) detected at line 1916
\T1/cmtt/m/n/10 (P2) H
 []


Overfull \hbox (56.49234pt too wide) in paragraph at lines 1916--1916
[] \T1/cmtt/m/n/10 *    [] 
 []


Underfull \hbox (badness 10000) detected at line 1931
\T1/cmtt/m/n/10 (D1) H
 []


Overfull \hbox (51.24362pt too wide) in paragraph at lines 1926--1931
\T1/cmtt/m/n/10 *    [] 
 []


Underfull \hbox (badness 10000) detected at line 1931
\T1/cmtt/m/n/10 (D2) H
 []


Overfull \hbox (51.24362pt too wide) in paragraph at lines 1931--1931
[]     [] 
 []

[44

]
Underfull \hbox (badness 10000) detected at line 1943
\T1/cmtt/m/n/10 (D1) H
 []


Overfull \hbox (51.24362pt too wide) in paragraph at lines 1935--1943
\T1/cmtt/m/n/10 *    [] 
 []


Underfull \hbox (badness 10000) detected at line 1943
\T1/cmtt/m/n/10 (H2) H,H2
 []


Overfull \hbox (51.24362pt too wide) in paragraph at lines 1943--1943
[]     [] 
 []


Underfull \hbox (badness 10000) detected at line 1943
\T1/cmtt/m/n/10 (P3) H,H2
 []


Overfull \hbox (51.24362pt too wide) in paragraph at lines 1943--1943
[]     [] 
 []


Underfull \hbox (badness 10000) detected at line 1943
\T1/cmtt/m/n/10 (H4) H,H4
 []


Overfull \hbox (51.24362pt too wide) in paragraph at lines 1943--1943
[]     [] 
 []


Underfull \hbox (badness 10000) detected at line 1943
\T1/cmtt/m/n/10 (P5) H,H4
 []


Overfull \hbox (51.24362pt too wide) in paragraph at lines 1943--1943
[]     [] 
 []


Underfull \hbox (badness 10000) detected at line 1943
\T1/cmtt/m/n/10 (P6) H
 []


Overfull \hbox (56.49234pt too wide) in paragraph at lines 1943--1943
[] \T1/cmtt/m/n/10 *    [] 
 []


Underfull \hbox (badness 10000) detected at line 1957
\T1/cmtt/m/n/10 (D1) H
 []


Overfull \hbox (51.24362pt too wide) in paragraph at lines 1947--1957
\T1/cmtt/m/n/10 *    [] 
 []


Underfull \hbox (badness 10000) detected at line 1957
\T1/cmtt/m/n/10 (H2) H,H2
 []


Overfull \hbox (51.24362pt too wide) in paragraph at lines 1957--1957
[]     [] 
 []


Underfull \hbox (badness 10000) detected at line 1957
\T1/cmtt/m/n/10 (P3) H,H2
 []


Overfull \hbox (51.24362pt too wide) in paragraph at lines 1957--1957
[]     [] 
 []


Underfull \hbox (badness 10000) detected at line 1957
\T1/cmtt/m/n/10 (H4) H,H4
 []


Overfull \hbox (51.24362pt too wide) in paragraph at lines 1957--1957
[]     [] 
 []


Underfull \hbox (badness 10000) detected at line 1957
\T1/cmtt/m/n/10 (P5) H,H4
 []


Overfull \hbox (51.24362pt too wide) in paragraph at lines 1957--1957
[]     [] 
 []


Underfull \hbox (badness 10000) detected at line 1957
\T1/cmtt/m/n/10 (H6) H,H6
 []


Overfull \hbox (51.24362pt too wide) in paragraph at lines 1957--1957
[]     [] 
 []


Underfull \hbox (badness 10000) detected at line 1957
\T1/cmtt/m/n/10 (P7) H,H6
 []


Overfull \hbox (51.24362pt too wide) in paragraph at lines 1957--1957
[]     [] 
 []


Underfull \hbox (badness 10000) detected at line 1957
\T1/cmtt/m/n/10 (P8) H
 []


Overfull \hbox (56.49234pt too wide) in paragraph at lines 1957--1957
[] \T1/cmtt/m/n/10 *    [] 
 []


Overfull \hbox (21.16672pt too wide) in paragraph at lines 1957--1958
[] \T1/cmtt/m/n/10 Transformation: (P8 D1 ss) ==> (P3 H2 ss) (P5 H4 ss) (P7 H6 
ss)  
 []


Underfull \hbox (badness 10000) detected at line 1973
\T1/cmtt/m/n/10 (D1) H
 []


Overfull \hbox (51.24362pt too wide) in paragraph at lines 1961--1973
\T1/cmtt/m/n/10 *    [] 
 []


Underfull \hbox (badness 10000) detected at line 1973
\T1/cmtt/m/n/10 (H2) H,H2
 []


Overfull \hbox (51.24362pt too wide) in paragraph at lines 1973--1973
[]     [] 
 []


Underfull \hbox (badness 10000) detected at line 1973
\T1/cmtt/m/n/10 (P3) H,H2
 []


Overfull \hbox (51.24362pt too wide) in paragraph at lines 1973--1973
[]     [] 
 []


Underfull \hbox (badness 10000) detected at line 1973
\T1/cmtt/m/n/10 (H4) H,H4
 []


Overfull \hbox (51.24362pt too wide) in paragraph at lines 1973--1973
[]     [] 
 []


Underfull \hbox (badness 10000) detected at line 1973
\T1/cmtt/m/n/10 (P5) H,H4
 []


Overfull \hbox (51.24362pt too wide) in paragraph at lines 1973--1973
[]     [] 
 []


Underfull \hbox (badness 10000) detected at line 1973
\T1/cmtt/m/n/10 (H6) H,H6
 []


Overfull \hbox (51.24362pt too wide) in paragraph at lines 1973--1973
[]     [] 
 []


Underfull \hbox (badness 10000) detected at line 1973
\T1/cmtt/m/n/10 (P7) H,H6
 []


Overfull \hbox (51.24362pt too wide) in paragraph at lines 1973--1973
[]     [] 
 []


Underfull \hbox (badness 10000) detected at line 1973
\T1/cmtt/m/n/10 (H8) H,H8
 []


Overfull \hbox (51.24362pt too wide) in paragraph at lines 1973--1973
[]     [] 
 []


Underfull \hbox (badness 10000) detected at line 1973
\T1/cmtt/m/n/10 (P9) H,H8
 []


Overfull \hbox (51.24362pt too wide) in paragraph at lines 1973--1973
[]     [] 
 []


Underfull \hbox (badness 10000) detected at line 1973
\T1/cmtt/m/n/10 (P10) H
 []


Overfull \hbox (56.49234pt too wide) in paragraph at lines 1973--1973
[] \T1/cmtt/m/n/10 *    [] 
 []


Overfull \hbox (84.15134pt too wide) in paragraph at lines 1973--1974
[] \T1/cmtt/m/n/10 Transformation: (P10 D1 ss) ==> (P3 H2 ss) (P5 H4 ss) (P7 H6
 ss) (P9 H8 ss)  
 []


Underfull \hbox (badness 10000) detected at line 1982
\T1/cmtt/m/n/10 (H1) H,H1
 []


Overfull \hbox (25.00003pt too wide) in paragraph at lines 1977--1982
[] 
 []


Underfull \hbox (badness 10000) detected at line 1982
\T1/cmtt/m/n/10 (D2) H,H1
 []


Overfull \hbox (51.24362pt too wide) in paragraph at lines 1982--1982
[]     [] 
 []


Underfull \hbox (badness 10000) detected at line 1982
\T1/cmtt/m/n/10 (P3) H
 []


Overfull \hbox (56.49234pt too wide) in paragraph at lines 1982--1982
[] \T1/cmtt/m/n/10 *    [] 
 []


Underfull \hbox (badness 10000) detected at line 1990
\T1/cmtt/m/n/10 (D1) H
 []


Overfull \hbox (51.24362pt too wide) in paragraph at lines 1986--1990
\T1/cmtt/m/n/10 *    [] 
 []

[45]
Underfull \hbox (badness 10000) detected at line 1990
\T1/cmtt/m/n/10 (D2) H
 []


Overfull \hbox (51.24362pt too wide) in paragraph at lines 1990--1990
[]     [] 
 []


Underfull \hbox (badness 10000) detected at line 1998
\T1/cmtt/m/n/10 (D1) H
 []


Overfull \hbox (51.24362pt too wide) in paragraph at lines 1994--1998
\T1/cmtt/m/n/10 *    [] 
 []


Underfull \hbox (badness 10000) detected at line 1998
\T1/cmtt/m/n/10 (D2) H
 []


Overfull \hbox (51.24362pt too wide) in paragraph at lines 1998--1998
[]     [] 
 []


Underfull \hbox (badness 10000) detected at line 2006
\T1/cmtt/m/n/10 (D1) H
 []


Overfull \hbox (51.24362pt too wide) in paragraph at lines 2002--2006
\T1/cmtt/m/n/10 *    [] 
 []


Underfull \hbox (badness 10000) detected at line 2006
\T1/cmtt/m/n/10 (D2) H
 []


Overfull \hbox (51.24362pt too wide) in paragraph at lines 2006--2006
[]     [] 
 []


Underfull \hbox (badness 10000) detected at line 2015
\T1/cmtt/m/n/10 (D1) H
 []


Overfull \hbox (51.24362pt too wide) in paragraph at lines 2010--2015
\T1/cmtt/m/n/10 *    [] 
 []


Underfull \hbox (badness 10000) detected at line 2015
\T1/cmtt/m/n/10 (D2) H
 []


Overfull \hbox (51.24362pt too wide) in paragraph at lines 2015--2015
[]     [] 
 []


Underfull \hbox (badness 10000) detected at line 2015
\T1/cmtt/m/n/10 (D3) H
 []


Overfull \hbox (51.24362pt too wide) in paragraph at lines 2015--2015
[]     [] 
 []


Underfull \hbox (badness 10000) detected at line 2023
\T1/cmtt/m/n/10 (D1) H
 []


Overfull \hbox (51.24362pt too wide) in paragraph at lines 2019--2023
\T1/cmtt/m/n/10 *    [] 
 []


Underfull \hbox (badness 10000) detected at line 2023
\T1/cmtt/m/n/10 (D2) H
 []


Overfull \hbox (51.24362pt too wide) in paragraph at lines 2023--2023
[]     [] 
 []


Underfull \hbox (badness 10000) detected at line 2032
\T1/cmtt/m/n/10 (P1) H
 []


Overfull \hbox (25.00003pt too wide) in paragraph at lines 2027--2032
[] 
 []


Underfull \hbox (badness 10000) detected at line 2032
\T1/cmtt/m/n/10 (P2) H
 []


Overfull \hbox (51.24362pt too wide) in paragraph at lines 2032--2032
[]     [] 
 []


Underfull \hbox (badness 10000) detected at line 2032
\T1/cmtt/m/n/10 (P3) H
 []


Overfull \hbox (56.49234pt too wide) in paragraph at lines 2032--2032
[] \T1/cmtt/m/n/10 *    [] 
 []


Underfull \hbox (badness 10000) detected at line 2040
\T1/cmtt/m/n/10 (P1) H
 []


Overfull \hbox (25.00003pt too wide) in paragraph at lines 2036--2040
[] 
 []


Underfull \hbox (badness 10000) detected at line 2040
\T1/cmtt/m/n/10 (P2) H
 []


Overfull \hbox (56.49234pt too wide) in paragraph at lines 2040--2040
[] \T1/cmtt/m/n/10 *    [] 
 []


Underfull \hbox (badness 10000) detected at line 2048
\T1/cmtt/m/n/10 (P1) H
 []


Overfull \hbox (25.00003pt too wide) in paragraph at lines 2044--2048
[] 
 []


Underfull \hbox (badness 10000) detected at line 2048
\T1/cmtt/m/n/10 (P2) H
 []


Overfull \hbox (56.49234pt too wide) in paragraph at lines 2048--2048
[] \T1/cmtt/m/n/10 *    [] 
 []

[46]
Underfull \hbox (badness 10000) detected at line 2056
\T1/cmtt/m/n/10 (D1) H
 []


Overfull \hbox (51.24362pt too wide) in paragraph at lines 2052--2056
\T1/cmtt/m/n/10 *    [] 
 []


Underfull \hbox (badness 10000) detected at line 2056
\T1/cmtt/m/n/10 (D2) H
 []


Overfull \hbox (51.24362pt too wide) in paragraph at lines 2056--2056
[]     [] 
 []


Underfull \hbox (badness 10000) detected at line 2064
\T1/cmtt/m/n/10 (D1) H
 []


Overfull \hbox (51.24362pt too wide) in paragraph at lines 2060--2064
\T1/cmtt/m/n/10 *    [] 
 []


Underfull \hbox (badness 10000) detected at line 2064
\T1/cmtt/m/n/10 (D2) H
 []


Overfull \hbox (51.24362pt too wide) in paragraph at lines 2064--2064
[]     [] 
 []


Underfull \hbox (badness 10000) detected at line 2072
\T1/cmtt/m/n/10 (D1) H
 []


Overfull \hbox (51.24362pt too wide) in paragraph at lines 2068--2072
\T1/cmtt/m/n/10 *    [] 
 []


Underfull \hbox (badness 10000) detected at line 2072
\T1/cmtt/m/n/10 (D2) H
 []


Overfull \hbox (51.24362pt too wide) in paragraph at lines 2072--2072
[]     [] 
 []


Underfull \hbox (badness 10000) detected at line 2080
\T1/cmtt/m/n/10 (P1) H
 []


Overfull \hbox (25.00003pt too wide) in paragraph at lines 2076--2080
[] 
 []


Underfull \hbox (badness 10000) detected at line 2080
\T1/cmtt/m/n/10 (P2) H
 []


Overfull \hbox (56.49234pt too wide) in paragraph at lines 2080--2080
[] \T1/cmtt/m/n/10 *    [] 
 []


Underfull \hbox (badness 10000) detected at line 2089
\T1/cmtt/m/n/10 (H1) H,H1
 []


Overfull \hbox (25.00003pt too wide) in paragraph at lines 2084--2089
[] 
 []


Underfull \hbox (badness 10000) detected at line 2089
\T1/cmtt/m/n/10 (P2) H,H1
 []


Overfull \hbox (51.24362pt too wide) in paragraph at lines 2089--2089
[]     [] 
 []


Underfull \hbox (badness 10000) detected at line 2089
\T1/cmtt/m/n/10 (P3) H
 []


Overfull \hbox (56.49234pt too wide) in paragraph at lines 2089--2089
[] \T1/cmtt/m/n/10 *    [] 
 []


Underfull \hbox (badness 10000) detected at line 2098
\T1/cmtt/m/n/10 (H1) H,H1
 []


Overfull \hbox (25.00003pt too wide) in paragraph at lines 2093--2098
[] 
 []


Underfull \hbox (badness 10000) detected at line 2098
\T1/cmtt/m/n/10 (P2) H,H1
 []


Overfull \hbox (51.24362pt too wide) in paragraph at lines 2098--2098
[]     [] 
 []


Underfull \hbox (badness 10000) detected at line 2098
\T1/cmtt/m/n/10 (P3) H
 []


Overfull \hbox (56.49234pt too wide) in paragraph at lines 2098--2098
[] \T1/cmtt/m/n/10 *    [] 
 []


Underfull \hbox (badness 10000) detected at line 2108
\T1/cmtt/m/n/10 (H1) H,H1
 []


Overfull \hbox (25.00003pt too wide) in paragraph at lines 2102--2108
[] 
 []


Underfull \hbox (badness 10000) detected at line 2108
\T1/cmtt/m/n/10 (P2) H,H1
 []


Overfull \hbox (51.24362pt too wide) in paragraph at lines 2108--2108
[]     [] 
 []


Underfull \hbox (badness 10000) detected at line 2108
\T1/cmtt/m/n/10 (P3) H,H1
 []


Overfull \hbox (51.24362pt too wide) in paragraph at lines 2108--2108
[]     [] 
 []


Underfull \hbox (badness 10000) detected at line 2108
\T1/cmtt/m/n/10 (P4) H
 []


Overfull \hbox (56.49234pt too wide) in paragraph at lines 2108--2108
[] \T1/cmtt/m/n/10 *    [] 
 []

[47]
Underfull \hbox (badness 10000) detected at line 2115
\T1/cmtt/m/n/10 (P1) H
 []


Overfull \hbox (51.24362pt too wide) in paragraph at lines 2112--2115
\T1/cmtt/m/n/10 *    [] 
 []


Underfull \hbox (badness 10000) detected at line 2124
\T1/cmtt/m/n/10 (P1) H
 []


Overfull \hbox (25.00003pt too wide) in paragraph at lines 2119--2124
[] 
 []


Underfull \hbox (badness 10000) detected at line 2124
\T1/cmtt/m/n/10 (D2) H
 []


Overfull \hbox (56.49234pt too wide) in paragraph at lines 2124--2124
[] \T1/cmtt/m/n/10 *    [] 
 []


Underfull \hbox (badness 10000) detected at line 2124
\T1/cmtt/m/n/10 (D3) H
 []


Overfull \hbox (51.24362pt too wide) in paragraph at lines 2124--2124
[]     [] 
 []


Underfull \hbox (badness 10000) detected at line 2135
\T1/cmtt/m/n/10 (P1) H
 []


Overfull \hbox (25.00003pt too wide) in paragraph at lines 2128--2135
[] 
 []


Underfull \hbox (badness 10000) detected at line 2135
\T1/cmtt/m/n/10 (D2) H
 []


Overfull \hbox (56.49234pt too wide) in paragraph at lines 2135--2135
[] \T1/cmtt/m/n/10 *    [] 
 []


Underfull \hbox (badness 10000) detected at line 2135
\T1/cmtt/m/n/10 (D3) H
 []


Overfull \hbox (51.24362pt too wide) in paragraph at lines 2135--2135
[]     [] 
 []


Overfull \hbox (262.13632pt too wide) in paragraph at lines 2135--2136
[] \T1/cmtt/m/n/10 Restrictions: (SAME-MODULO-EQUALITY $ [] \OML/cmm/m/it/10 P[
]$ $ [] R[]$ $ [] s[]$ $ [] t[]$\T1/cmtt/m/n/10 ) Transformation: (pp D2 ss) ==
> (P1 ss) (pp D3 ss P1 D2)  
 []


Underfull \hbox (badness 10000) detected at line 2149
\T1/cmtt/m/n/10 (P1) H
 []


Overfull \hbox (25.00003pt too wide) in paragraph at lines 2145--2149
[] 
 []


Underfull \hbox (badness 10000) detected at line 2149
\T1/cmtt/m/n/10 (P2) H
 []


Overfull \hbox (56.49234pt too wide) in paragraph at lines 2149--2149
[] \T1/cmtt/m/n/10 *    [] 
 []


Underfull \hbox (badness 10000) detected at line 2158
\T1/cmtt/m/n/10 (D1) H
 []


Overfull \hbox (51.24362pt too wide) in paragraph at lines 2153--2158
\T1/cmtt/m/n/10 *    [] 
 []


Underfull \hbox (badness 10000) detected at line 2158
\T1/cmtt/m/n/10 (P2) H
 []


Overfull \hbox (51.24362pt too wide) in paragraph at lines 2158--2158
[]     [] 
 []


Underfull \hbox (badness 10000) detected at line 2158
\T1/cmtt/m/n/10 (P3) H
 []


Overfull \hbox (56.49234pt too wide) in paragraph at lines 2158--2158
[] \T1/cmtt/m/n/10 *    [] 
 []


Underfull \hbox (badness 10000) detected at line 2167
\T1/cmtt/m/n/10 (H1) H,H1
 []


Overfull \hbox (25.00003pt too wide) in paragraph at lines 2162--2167
[] 
 []


Underfull \hbox (badness 10000) detected at line 2167
\T1/cmtt/m/n/10 (P2) H,H1
 []


Overfull \hbox (51.24362pt too wide) in paragraph at lines 2167--2167
[]     [] 
 []

[48]
Underfull \hbox (badness 10000) detected at line 2167
\T1/cmtt/m/n/10 (P3) H
 []


Overfull \hbox (56.49234pt too wide) in paragraph at lines 2167--2167
[] \T1/cmtt/m/n/10 *    [] 
 []


Underfull \hbox (badness 10000) detected at line 2176
\T1/cmtt/m/n/10 (D1) H
 []


Overfull \hbox (51.24362pt too wide) in paragraph at lines 2171--2176
\T1/cmtt/m/n/10 *    [] 
 []


Underfull \hbox (badness 10000) detected at line 2176
\T1/cmtt/m/n/10 (D2) H
 []


Overfull \hbox (51.24362pt too wide) in paragraph at lines 2176--2176
[]     [] 
 []


Overfull \hbox (145.00366pt too wide) in paragraph at lines 2176--2177
[] \T1/cmtt/m/n/10 Restrictions: (NON-ATOMIC-OR-TRUTHVALUE $ [] \OML/cmm/m/it/1
0 A[]$\T1/cmtt/m/n/10 ) Transformation: (pp D1 ss) ==> (pp D2 ss)  
 []


Underfull \hbox (badness 10000) detected at line 2185
\T1/cmtt/m/n/10 (P1) H
 []


Overfull \hbox (25.00003pt too wide) in paragraph at lines 2180--2185
[] 
 []


Underfull \hbox (badness 10000) detected at line 2185
\T1/cmtt/m/n/10 (P2) H
 []


Overfull \hbox (56.49234pt too wide) in paragraph at lines 2185--2185
[] \T1/cmtt/m/n/10 *    [] 
 []


Overfull \hbox (40.0293pt too wide) in paragraph at lines 2185--2186
[] \T1/cmtt/m/n/10 Restrictions: (NON-ATOMIC $ [] \OML/cmm/m/it/10 A[]$\T1/cmtt
/m/n/10 ) Transformation: (P2 ss) ==> (P1 ss)  
 []


Underfull \hbox (badness 10000) detected at line 2194
\T1/cmtt/m/n/10 (P1) H
 []


Overfull \hbox (25.00003pt too wide) in paragraph at lines 2189--2194
[] 
 []


Underfull \hbox (badness 10000) detected at line 2194
\T1/cmtt/m/n/10 (P2) H
 []


Overfull \hbox (56.49234pt too wide) in paragraph at lines 2194--2194
[] \T1/cmtt/m/n/10 *    [] 
 []


Overfull \hbox (40.0293pt too wide) in paragraph at lines 2194--2195
[] \T1/cmtt/m/n/10 Restrictions: (NON-ATOMIC $ [] \OML/cmm/m/it/10 A[]$\T1/cmtt
/m/n/10 ) Transformation: (P2 ss) ==> (P1 ss)  
 []


Underfull \hbox (badness 10000) detected at line 2203
\T1/cmtt/m/n/10 (D1) H
 []


Overfull \hbox (51.24362pt too wide) in paragraph at lines 2198--2203
\T1/cmtt/m/n/10 *    [] 
 []


Underfull \hbox (badness 10000) detected at line 2203
\T1/cmtt/m/n/10 (D2) H
 []


Overfull \hbox (51.24362pt too wide) in paragraph at lines 2203--2203
[]     [] 
 []


Overfull \hbox (145.00366pt too wide) in paragraph at lines 2203--2204
[] \T1/cmtt/m/n/10 Restrictions: (NON-ATOMIC-OR-TRUTHVALUE $ [] \OML/cmm/m/it/1
0 A[]$\T1/cmtt/m/n/10 ) Transformation: (pp D1 ss) ==> (pp D2 ss)  
 []


Underfull \hbox (badness 10000) detected at line 2218
\T1/cmtt/m/n/10 (D1) H
 []


Overfull \hbox (51.24362pt too wide) in paragraph at lines 2213--2218
\T1/cmtt/m/n/10 *    [] 
 []


Underfull \hbox (badness 10000) detected at line 2218
\T1/cmtt/m/n/10 (D2) H
 []


Overfull \hbox (51.24362pt too wide) in paragraph at lines 2218--2218
[]     [] 
 []


Overfull \hbox (85.22054pt too wide) in paragraph at lines 2218--2219
[] \T1/cmtt/m/n/10 Restrictions: (WFFEQ-AB $ [] \OML/cmm/m/it/10 A[]$ $ [] B[]$
\T1/cmtt/m/n/10 ) Transformation: (pp D1 ss) ==> (pp D2 ss)  
 []


Underfull \hbox (badness 10000) detected at line 2228
\T1/cmtt/m/n/10 (D1) H
 []


Overfull \hbox (51.24362pt too wide) in paragraph at lines 2222--2228
\T1/cmtt/m/n/10 *    [] 
 []


Underfull \hbox (badness 10000) detected at line 2228
\T1/cmtt/m/n/10 (D2) H
 []


Overfull \hbox (51.24362pt too wide) in paragraph at lines 2228--2228
[]     [] 
 []


Overfull \hbox (421.03474pt too wide) in paragraph at lines 2228--2229
[] \T1/cmtt/m/n/10 Restrictions: (FREE-FOR $ [] \OML/cmm/m/it/10 y[]$ $ [] x[]$
 $ [] A[]$\T1/cmtt/m/n/10 ) (IS-VARIABLE $ [] \OML/cmm/m/it/10 y[]$\T1/cmtt/m/n
/10 ) (IS-VARIABLE $ [] \OML/cmm/m/it/10 x[]$\T1/cmtt/m/n/10 ) (NOT-FREE-IN $ [
] \OML/cmm/m/it/10 y[]$ $ [] A[]$\T1/cmtt/m/n/10 ) Transformation: (pp D1 ss) =
=> (pp D2 ss)  
 []


Underfull \hbox (badness 10000) detected at line 2238
\T1/cmtt/m/n/10 (P1) H
 []


Overfull \hbox (25.00003pt too wide) in paragraph at lines 2232--2238
[] 
 []

[49]
Underfull \hbox (badness 10000) detected at line 2238
\T1/cmtt/m/n/10 (P2) H
 []


Overfull \hbox (56.49234pt too wide) in paragraph at lines 2238--2238
[] \T1/cmtt/m/n/10 *    [] 
 []


Overfull \hbox (389.54243pt too wide) in paragraph at lines 2238--2239
[] \T1/cmtt/m/n/10 Restrictions: (FREE-FOR $ [] \OML/cmm/m/it/10 y[]$ $ [] x[]$
 $ [] A[]$\T1/cmtt/m/n/10 ) (IS-VARIABLE $ [] \OML/cmm/m/it/10 y[]$\T1/cmtt/m/n
/10 ) (IS-VARIABLE $ [] \OML/cmm/m/it/10 x[]$\T1/cmtt/m/n/10 ) (NOT-FREE-IN $ [
] \OML/cmm/m/it/10 y[]$ $ [] A[]$\T1/cmtt/m/n/10 ) Transformation: (P2 ss) ==> 
(P1 ss)  
 []


Underfull \hbox (badness 10000) detected at line 2247
\T1/cmtt/m/n/10 (P1) H
 []


Overfull \hbox (25.00003pt too wide) in paragraph at lines 2242--2247
[] 
 []


Underfull \hbox (badness 10000) detected at line 2247
\T1/cmtt/m/n/10 (P2) H
 []


Overfull \hbox (56.49234pt too wide) in paragraph at lines 2247--2247
[] \T1/cmtt/m/n/10 *    [] 
 []


Overfull \hbox (44.74481pt too wide) in paragraph at lines 2247--2248
[] \T1/cmtt/m/n/10 Restrictions: (IS-VARIABLE $ [] \OML/cmm/m/it/10 x[]$\T1/cmt
t/m/n/10 ) Transformation: (P2 ss) ==> (P1 ss)  
 []


Underfull \hbox (badness 10000) detected at line 2258
\T1/cmtt/m/n/10 (D1) H
 []


Overfull \hbox (51.24362pt too wide) in paragraph at lines 2251--2258
\T1/cmtt/m/n/10 *    [] 
 []


Underfull \hbox (badness 10000) detected at line 2258
\T1/cmtt/m/n/10 (H2) H,H2
 []


Overfull \hbox (51.24362pt too wide) in paragraph at lines 2258--2258
[]     [] 
 []


Underfull \hbox (badness 10000) detected at line 2258
\T1/cmtt/m/n/10 (D3) H,H2
 []


Overfull \hbox (51.24362pt too wide) in paragraph at lines 2258--2258
[]     [] 
 []


Underfull \hbox (badness 10000) detected at line 2258
\T1/cmtt/m/n/10 (P4) H
 []


Overfull \hbox (56.49234pt too wide) in paragraph at lines 2258--2258
[] \T1/cmtt/m/n/10 *    [] 
 []


Overfull \hbox (483.90569pt too wide) in paragraph at lines 2258--2259
[] \T1/cmtt/m/n/10 Restrictions: (IS-VARIABLE $ [] \OML/cmm/m/it/10 y[]$\T1/cmt
t/m/n/10 ) (NOT-FREE-IN-HYPS $ [] \OML/cmm/m/it/10 y[]$\T1/cmtt/m/n/10 ) (NOT-F
REE-IN $ [] \OML/cmm/m/it/10 y[]$ $ []\OT1/cmr/m/n/10 [ []$ $\OMS/cmsy/m/n/10 9
 \OML/cmm/m/it/10 x[] [] B[] []\OT1/cmr/m/n/10 ]$\T1/cmtt/m/n/10 ) (NOT-FREE-IN
 $ [] \OML/cmm/m/it/10 y[]$ $ [] A[]$\T1/cmtt/m/n/10 ) Transformation: (P4 D1 s
s) ==> (D3 H2 ss)  
 []


Underfull \hbox (badness 10000) detected at line 2270
\T1/cmtt/m/n/10 (D1) H
 []


Overfull \hbox (51.24362pt too wide) in paragraph at lines 2262--2270
\T1/cmtt/m/n/10 *    [] 
 []


Underfull \hbox (badness 10000) detected at line 2270
\T1/cmtt/m/n/10 (H2) H,H2
 []


Overfull \hbox (51.24362pt too wide) in paragraph at lines 2270--2270
[]     [] 
 []


Underfull \hbox (badness 10000) detected at line 2270
\T1/cmtt/m/n/10 (D3) H,H2
 []


Overfull \hbox (51.24362pt too wide) in paragraph at lines 2270--2270
[]     [] 
 []


Underfull \hbox (badness 10000) detected at line 2270
\T1/cmtt/m/n/10 (P4) H
 []


Overfull \hbox (56.49234pt too wide) in paragraph at lines 2270--2270
[] \T1/cmtt/m/n/10 *    [] 
 []


Overfull \hbox (320.71231pt too wide) in paragraph at lines 2270--2271
[] \T1/cmtt/m/n/10 Restrictions: (NOT-FREE-IN-HYPS $ [] \OML/cmm/m/it/10 x[]$\T
1/cmtt/m/n/10 ) (IS-VARIABLE $ [] \OML/cmm/m/it/10 x[]$\T1/cmtt/m/n/10 ) (NOT-F
REE-IN $ [] \OML/cmm/m/it/10 x[]$ $ [] A[]$\T1/cmtt/m/n/10 ) Transformation: (P
4 D1 ss) ==> (D3 H2 ss)  
 []


Underfull \hbox (badness 10000) detected at line 2279
\T1/cmtt/m/n/10 (P1) H
 []


Overfull \hbox (25.00003pt too wide) in paragraph at lines 2274--2279
[] 
 []


Underfull \hbox (badness 10000) detected at line 2279
\T1/cmtt/m/n/10 (P2) H
 []


Overfull \hbox (56.49234pt too wide) in paragraph at lines 2279--2279
[] \T1/cmtt/m/n/10 *    [] 
 []


Overfull \hbox (168.04855pt too wide) in paragraph at lines 2279--2280
[] \T1/cmtt/m/n/10 Restrictions: (IS-VARIABLE $ [] \OML/cmm/m/it/10 x[]$\T1/cmt
t/m/n/10 ) (NOT-FREE-IN-HYPS $ [] \OML/cmm/m/it/10 x[]$\T1/cmtt/m/n/10 ) Transf
ormation: (P2 ss) ==> (P1 ss)  
 []


Underfull \hbox (badness 10000) detected at line 2288
\T1/cmtt/m/n/10 (D1) H
 []


Overfull \hbox (51.24362pt too wide) in paragraph at lines 2283--2288
\T1/cmtt/m/n/10 *    [] 
 []


Underfull \hbox (badness 10000) detected at line 2288
\T1/cmtt/m/n/10 (D2) H
 []


Overfull \hbox (51.24362pt too wide) in paragraph at lines 2288--2288
[]     [] 
 []


Overfull \hbox (91.98328pt too wide) in paragraph at lines 2288--2289
[] \T1/cmtt/m/n/10 Restrictions: (IS-VARIABLE $ [] \OML/cmm/m/it/10 x[]$\T1/cmt
t/m/n/10 ) Transformation: (pp D1 ss) ==> (pp D2 D1 ss)  
 []


Underfull \hbox (badness 10000) detected at line 2303
\T1/cmtt/m/n/10 (D1) H
 []


Overfull \hbox (51.24362pt too wide) in paragraph at lines 2298--2303
\T1/cmtt/m/n/10 *    [] 
 []


Underfull \hbox (badness 10000) detected at line 2303
\T1/cmtt/m/n/10 (D2) H
 []


Overfull \hbox (51.24362pt too wide) in paragraph at lines 2303--2303
[]     [] 
 []

[50]
Overfull \hbox (342.18625pt too wide) in paragraph at lines 2303--2304
[] \T1/cmtt/m/n/10 Restrictions: (NOT-FREE-IN-HYPS $ [] \OML/cmm/m/it/10 x[]$\T
1/cmtt/m/n/10 ) (IS-VARIABLE $ [] \OML/cmm/m/it/10 x[]$\T1/cmtt/m/n/10 ) (FREE-
FOR $ [] \OML/cmm/m/it/10 t[]$ $ [] x[]$ $ [] A[]$\T1/cmtt/m/n/10 ) Transformat
ion: (pp D1 ss) ==> (pp D2 ss D1)  
 []


Underfull \hbox (badness 10000) detected at line 2321
\T1/cmtt/m/n/10 (D1) H
 []


Overfull \hbox (51.24362pt too wide) in paragraph at lines 2313--2321
\T1/cmtt/m/n/10 *    [] 
 []


Underfull \hbox (badness 10000) detected at line 2321
\T1/cmtt/m/n/10 (D2) H
 []


Overfull \hbox (51.24362pt too wide) in paragraph at lines 2321--2321
[]     [] 
 []


Overfull \hbox (100.96669pt too wide) in paragraph at lines 2321--2322
[] \T1/cmtt/m/n/10 Restrictions: (WFFEQ-DEFEQ $ [] \OML/cmm/m/it/10 A[]$ $ [] B
[]$\T1/cmtt/m/n/10 ) Transformation: (pp D1 ss) ==> (pp D2 ss)  
 []


Underfull \hbox (badness 10000) detected at line 2330
\T1/cmtt/m/n/10 (P1) H
 []


Overfull \hbox (25.00003pt too wide) in paragraph at lines 2325--2330
[] 
 []


Underfull \hbox (badness 10000) detected at line 2330
\T1/cmtt/m/n/10 (P2) H
 []


Overfull \hbox (56.49234pt too wide) in paragraph at lines 2330--2330
[] \T1/cmtt/m/n/10 *    [] 
 []


Underfull \hbox (badness 10000) detected at line 2339
\T1/cmtt/m/n/10 (P1) H
 []


Overfull \hbox (25.00003pt too wide) in paragraph at lines 2334--2339
[] 
 []


Underfull \hbox (badness 10000) detected at line 2339
\T1/cmtt/m/n/10 (P2) H
 []


Overfull \hbox (56.49234pt too wide) in paragraph at lines 2339--2339
[] \T1/cmtt/m/n/10 *    [] 
 []


Underfull \hbox (badness 10000) detected at line 2347
\T1/cmtt/m/n/10 (D1) H
 []


Overfull \hbox (51.24362pt too wide) in paragraph at lines 2343--2347
\T1/cmtt/m/n/10 *    [] 
 []


Underfull \hbox (badness 10000) detected at line 2347
\T1/cmtt/m/n/10 (D2) H
 []


Overfull \hbox (51.24362pt too wide) in paragraph at lines 2347--2348
[]     []
 []


Underfull \hbox (badness 10000) detected at line 2355
\T1/cmtt/m/n/10 (D1) H
 []


Overfull \hbox (51.24362pt too wide) in paragraph at lines 2351--2355
\T1/cmtt/m/n/10 *    [] 
 []


Underfull \hbox (badness 10000) detected at line 2355
\T1/cmtt/m/n/10 (D2) H
 []


Overfull \hbox (51.24362pt too wide) in paragraph at lines 2355--2356
[]     []
 []


Underfull \hbox (badness 10000) detected at line 2364
\T1/cmtt/m/n/10 (P1) H
 []


Overfull \hbox (25.00003pt too wide) in paragraph at lines 2359--2364
[] 
 []

[51]
Underfull \hbox (badness 10000) detected at line 2364
\T1/cmtt/m/n/10 (P2) H
 []


Overfull \hbox (56.49234pt too wide) in paragraph at lines 2364--2364
[] \T1/cmtt/m/n/10 *    [] 
 []


Overfull \hbox (293.13069pt too wide) in paragraph at lines 2364--2365
[] \T1/cmtt/m/n/10 Restrictions: (IS-VARIABLE $ [] \OML/cmm/m/it/10 x[]$\T1/cmt
t/m/n/10 ) (NOT-FREE-IN $ [] \OML/cmm/m/it/10 x[]$ $ [] f[]$\T1/cmtt/m/n/10 ) (
NOT-FREE-IN $ [] \OML/cmm/m/it/10 x[]$ $ [] g[]$\T1/cmtt/m/n/10 ) Transformatio
n: (P2 ss) ==> (P1 ss)  
 []


Underfull \hbox (badness 10000) detected at line 2372
\T1/cmtt/m/n/10 (P1) H
 []


Overfull \hbox (25.00003pt too wide) in paragraph at lines 2368--2372
[] 
 []


Underfull \hbox (badness 10000) detected at line 2372
\T1/cmtt/m/n/10 (P2) H
 []


Overfull \hbox (56.49234pt too wide) in paragraph at lines 2372--2372
[] \T1/cmtt/m/n/10 *    [] 
 []


Underfull \hbox (badness 10000) detected at line 2384
\T1/cmtt/m/n/10 (D1) H
 []


Overfull \hbox (25.00003pt too wide) in paragraph at lines 2376--2384
[] 
 []


Underfull \hbox (badness 10000) detected at line 2384
\T1/cmtt/m/n/10 (D2) H
 []


Overfull \hbox (51.24362pt too wide) in paragraph at lines 2384--2384
[]     [] 
 []


Underfull \hbox (badness 10000) detected at line 2384
\T1/cmtt/m/n/10 (H3) H,H3
 []


Overfull \hbox (51.24362pt too wide) in paragraph at lines 2384--2384
[]     [] 
 []


Underfull \hbox (badness 10000) detected at line 2384
\T1/cmtt/m/n/10 (P4) H,H3
 []


Overfull \hbox (51.24362pt too wide) in paragraph at lines 2384--2384
[]     [] 
 []


Underfull \hbox (badness 10000) detected at line 2384
\T1/cmtt/m/n/10 (P5) H
 []


Overfull \hbox (56.49234pt too wide) in paragraph at lines 2384--2384
[] \T1/cmtt/m/n/10 *    [] 
 []


Overfull \hbox (336.10567pt too wide) in paragraph at lines 2384--2385
[] \T1/cmtt/m/n/10 Restrictions: (NOT-FREE-IN-HYPS $ [] \OML/cmm/m/it/10 x[]$\T
1/cmtt/m/n/10 ) (IS-VARIABLE $ [] \OML/cmm/m/it/10 x[]$\T1/cmtt/m/n/10 ) (NOT-F
REE-IN $ [] \OML/cmm/m/it/10 x[]$ $ [] C[]$\T1/cmtt/m/n/10 ) Transformation: (P
5 ss) ==> (P4 ss D1 D2 H3)  
 []


Underfull \hbox (badness 10000) detected at line 2395
\T1/cmtt/m/n/10 (P1) H
 []


Overfull \hbox (25.00003pt too wide) in paragraph at lines 2388--2395
[] 
 []


Underfull \hbox (badness 10000) detected at line 2395
\T1/cmtt/m/n/10 (D2) H
 []


Overfull \hbox (56.49234pt too wide) in paragraph at lines 2395--2395
[] \T1/cmtt/m/n/10 *    [] 
 []


Underfull \hbox (badness 10000) detected at line 2395
\T1/cmtt/m/n/10 (D3) H
 []


Overfull \hbox (51.24362pt too wide) in paragraph at lines 2395--2395
[]     [] 
 []


Overfull \hbox (264.6394pt too wide) in paragraph at lines 2395--2396
[] \T1/cmtt/m/n/10 Restrictions: (SAME-MODULO-EQUALITY $ [] \OML/cmm/m/it/10 P[
]$ $ [] R[]$ $ [] s[]$ $ [] t[]$\T1/cmtt/m/n/10 ) Transformation: (pp D2 ss) ==
> (P1 ss) (pp D3 ss P1 D2)  
 []


Underfull \hbox (badness 10000) detected at line 2406
\T1/cmtt/m/n/10 (P1) H
 []


Overfull \hbox (25.00003pt too wide) in paragraph at lines 2399--2406
[] 
 []


Underfull \hbox (badness 10000) detected at line 2406
\T1/cmtt/m/n/10 (D2) H
 []


Overfull \hbox (56.49234pt too wide) in paragraph at lines 2406--2406
[] \T1/cmtt/m/n/10 *    [] 
 []


Underfull \hbox (badness 10000) detected at line 2406
\T1/cmtt/m/n/10 (D3) H
 []


Overfull \hbox (51.24362pt too wide) in paragraph at lines 2406--2406
[]     [] 
 []


Overfull \hbox (227.89838pt too wide) in paragraph at lines 2406--2407
[] \T1/cmtt/m/n/10 Restrictions: (R-PRIME-RESTR $ [] \OML/cmm/m/it/10 s[]$ $ []
 P[]$ $ [] t[]$ $ [] R[]$\T1/cmtt/m/n/10 ) Transformation: (pp D2 ss) ==> (P1 s
s) (pp D3 ss P1 D2)  
 []


Underfull \hbox (badness 10000) detected at line 2417
\T1/cmtt/m/n/10 (P1) H
 []


Overfull \hbox (25.00003pt too wide) in paragraph at lines 2410--2417
[] 
 []


Underfull \hbox (badness 10000) detected at line 2417
\T1/cmtt/m/n/10 (D2) H
 []


Overfull \hbox (56.49234pt too wide) in paragraph at lines 2417--2417
[] \T1/cmtt/m/n/10 *    [] 
 []


Underfull \hbox (badness 10000) detected at line 2417
\T1/cmtt/m/n/10 (D3) H
 []


Overfull \hbox (51.24362pt too wide) in paragraph at lines 2417--2417
[]     [] 
 []


Overfull \hbox (227.89838pt too wide) in paragraph at lines 2417--2418
[] \T1/cmtt/m/n/10 Restrictions: (R-PRIME-RESTR $ [] \OML/cmm/m/it/10 s[]$ $ []
 P[]$ $ [] t[]$ $ [] R[]$\T1/cmtt/m/n/10 ) Transformation: (pp D2 ss) ==> (P1 s
s) (pp D3 ss P1 D2)  
 []


Underfull \hbox (badness 10000) detected at line 2425
\T1/cmtt/m/n/10 (P1) H
 []


Overfull \hbox (25.00003pt too wide) in paragraph at lines 2421--2425
[] 
 []


Underfull \hbox (badness 10000) detected at line 2425
\T1/cmtt/m/n/10 (P2) H
 []


Overfull \hbox (56.49234pt too wide) in paragraph at lines 2425--2425
[] \T1/cmtt/m/n/10 *    [] 
 []

[52]
Underfull \hbox (badness 10000) detected at line 2440
\T1/cmtt/m/n/10 (D1) H
 []


Overfull \hbox (51.24362pt too wide) in paragraph at lines 2435--2440
\T1/cmtt/m/n/10 *    [] 
 []


Underfull \hbox (badness 10000) detected at line 2440
\T1/cmtt/m/n/10 (D2) H
 []


Overfull \hbox (51.24362pt too wide) in paragraph at lines 2440--2440
[]     [] 
 []


Overfull \hbox (87.26776pt too wide) in paragraph at lines 2440--2441
[] \T1/cmtt/m/n/10 Restrictions: (CONTAINS-DEFN $ [] \OML/cmm/m/it/10 A[]$\T1/c
mtt/m/n/10 ) Transformation: (pp D1 ss) ==> (pp D2 ss)  
 []


Underfull \hbox (badness 10000) detected at line 2449
\T1/cmtt/m/n/10 (D1) H
 []


Overfull \hbox (51.24362pt too wide) in paragraph at lines 2444--2449
\T1/cmtt/m/n/10 *    [] 
 []


Underfull \hbox (badness 10000) detected at line 2449
\T1/cmtt/m/n/10 (D2) H
 []


Overfull \hbox (51.24362pt too wide) in paragraph at lines 2449--2449
[]     [] 
 []


Overfull \hbox (89.39719pt too wide) in paragraph at lines 2449--2450
[] \T1/cmtt/m/n/10 Restrictions: (WFFEQ-DEF $ [] \OML/cmm/m/it/10 P[]$ $ [] R[]
$\T1/cmtt/m/n/10 ) Transformation: (pp D1 ss) ==> (pp D2 ss)  
 []


Underfull \hbox (badness 10000) detected at line 2458
\T1/cmtt/m/n/10 (P1) H
 []


Overfull \hbox (25.00003pt too wide) in paragraph at lines 2453--2458
[] 
 []


Underfull \hbox (badness 10000) detected at line 2458
\T1/cmtt/m/n/10 (P2) H
 []


Overfull \hbox (56.49234pt too wide) in paragraph at lines 2458--2458
[] \T1/cmtt/m/n/10 *    [] 
 []


Overfull \hbox (55.77545pt too wide) in paragraph at lines 2458--2459
[] \T1/cmtt/m/n/10 Restrictions: (CONTAINS-DEFN $ [] \OML/cmm/m/it/10 A[]$\T1/c
mtt/m/n/10 ) Transformation: (P2 ss) ==> (P1 ss)  
 []


Underfull \hbox (badness 10000) detected at line 2474
\T1/cmtt/m/n/10 (D1) H
 []


Overfull \hbox (51.24362pt too wide) in paragraph at lines 2468--2474
\T1/cmtt/m/n/10 *    [] 
 []


Underfull \hbox (badness 10000) detected at line 2474
\T1/cmtt/m/n/10 (D2) H
 []


Overfull \hbox (51.24362pt too wide) in paragraph at lines 2474--2474
[]     [] 
 []


Overfull \hbox (111.46413pt too wide) in paragraph at lines 2474--2475
[] \T1/cmtt/m/n/10 Restrictions: (WFFEQ-AB-BETA $ [] \OML/cmm/m/it/10 A[]$ $ []
 B[]$\T1/cmtt/m/n/10 ) Transformation: (pp D1 ss) ==> (pp D2 ss)  
 []


Underfull \hbox (badness 10000) detected at line 2484
\T1/cmtt/m/n/10 (D1) H
 []


Overfull \hbox (51.24362pt too wide) in paragraph at lines 2478--2484
\T1/cmtt/m/n/10 *    [] 
 []


Underfull \hbox (badness 10000) detected at line 2484
\T1/cmtt/m/n/10 (D2) H
 []


Overfull \hbox (51.24362pt too wide) in paragraph at lines 2484--2484
[]     [] 
 []


Overfull \hbox (106.21541pt too wide) in paragraph at lines 2484--2485
[] \T1/cmtt/m/n/10 Restrictions: (WFFEQ-AB-ETA $ [] \OML/cmm/m/it/10 A[]$ $ [] 
B[]$\T1/cmtt/m/n/10 ) Transformation: (pp D1 ss) ==> (pp D2 ss)  
 []


Underfull \hbox (badness 10000) detected at line 2494
\T1/cmtt/m/n/10 (D1) H
 []


Overfull \hbox (51.24362pt too wide) in paragraph at lines 2488--2494
\T1/cmtt/m/n/10 *    [] 
 []

[53]
Underfull \hbox (badness 10000) detected at line 2494
\T1/cmtt/m/n/10 (D2) H
 []


Overfull \hbox (51.24362pt too wide) in paragraph at lines 2494--2494
[]     [] 
 []


Overfull \hbox (121.96156pt too wide) in paragraph at lines 2494--2495
[] \T1/cmtt/m/n/10 Restrictions: (WFFEQ-AB-LAMBDA $ [] \OML/cmm/m/it/10 A[]$ $ 
[] B[]$\T1/cmtt/m/n/10 ) Transformation: (pp D1 ss) ==> (pp D2 ss)  
 []


Underfull \hbox (badness 10000) detected at line 2503
\T1/cmtt/m/n/10 (D1) H
 []


Overfull \hbox (51.24362pt too wide) in paragraph at lines 2498--2503
\T1/cmtt/m/n/10 *    [] 
 []


Underfull \hbox (badness 10000) detected at line 2503
\T1/cmtt/m/n/10 (D2) H
 []


Overfull \hbox (51.24362pt too wide) in paragraph at lines 2503--2503
[]     [] 
 []


Underfull \hbox (badness 10000) detected at line 2511
\T1/cmtt/m/n/10 (D1) H
 []


Overfull \hbox (51.24362pt too wide) in paragraph at lines 2507--2511
\T1/cmtt/m/n/10 *    [] 
 []


Underfull \hbox (badness 10000) detected at line 2511
\T1/cmtt/m/n/10 (D2) H
 []


Overfull \hbox (51.24362pt too wide) in paragraph at lines 2511--2511
[]     [] 
 []


Underfull \hbox (badness 10000) detected at line 2519
\T1/cmtt/m/n/10 (D1) H
 []


Overfull \hbox (51.24362pt too wide) in paragraph at lines 2515--2519
\T1/cmtt/m/n/10 *    [] 
 []


Underfull \hbox (badness 10000) detected at line 2519
\T1/cmtt/m/n/10 (D2) H
 []


Overfull \hbox (51.24362pt too wide) in paragraph at lines 2519--2519
[]     [] 
 []


Underfull \hbox (badness 10000) detected at line 2528
\T1/cmtt/m/n/10 (P1) H
 []


Overfull \hbox (25.00003pt too wide) in paragraph at lines 2523--2528
[] 
 []


Underfull \hbox (badness 10000) detected at line 2528
\T1/cmtt/m/n/10 (P2) H
 []


Overfull \hbox (56.49234pt too wide) in paragraph at lines 2528--2528
[] \T1/cmtt/m/n/10 *    [] 
 []


Underfull \hbox (badness 10000) detected at line 2536
\T1/cmtt/m/n/10 (P1) H
 []


Overfull \hbox (25.00003pt too wide) in paragraph at lines 2532--2536
[] 
 []


Underfull \hbox (badness 10000) detected at line 2536
\T1/cmtt/m/n/10 (P2) H
 []


Overfull \hbox (56.49234pt too wide) in paragraph at lines 2536--2536
[] \T1/cmtt/m/n/10 *    [] 
 []


Underfull \hbox (badness 10000) detected at line 2544
\T1/cmtt/m/n/10 (P1) H
 []


Overfull \hbox (25.00003pt too wide) in paragraph at lines 2540--2544
[] 
 []


Underfull \hbox (badness 10000) detected at line 2544
\T1/cmtt/m/n/10 (P2) H
 []


Overfull \hbox (56.49234pt too wide) in paragraph at lines 2544--2544
[] \T1/cmtt/m/n/10 *    [] 
 []


Underfull \hbox (badness 10000) detected at line 2559
\T1/cmtt/m/n/10 (D1) H
 []


Overfull \hbox (51.24362pt too wide) in paragraph at lines 2554--2559
\T1/cmtt/m/n/10 *    [] 
 []

[54]
Underfull \hbox (badness 10000) detected at line 2559
\T1/cmtt/m/n/10 (D2) H
 []


Overfull \hbox (51.24362pt too wide) in paragraph at lines 2559--2559
[]     [] 
 []


Underfull \hbox (badness 10000) detected at line 2568
\T1/cmtt/m/n/10 (D1) H
 []


Overfull \hbox (51.24362pt too wide) in paragraph at lines 2563--2568
\T1/cmtt/m/n/10 *    [] 
 []


Underfull \hbox (badness 10000) detected at line 2568
\T1/cmtt/m/n/10 (D2) H
 []


Overfull \hbox (51.24362pt too wide) in paragraph at lines 2568--2568
[]     [] 
 []


Underfull \hbox (badness 10000) detected at line 2577
\T1/cmtt/m/n/10 (P1) H
 []


Overfull \hbox (25.00003pt too wide) in paragraph at lines 2572--2577
[] 
 []


Underfull \hbox (badness 10000) detected at line 2577
\T1/cmtt/m/n/10 (P2) H
 []


Overfull \hbox (56.49234pt too wide) in paragraph at lines 2577--2577
[] \T1/cmtt/m/n/10 *    [] 
 []


Underfull \hbox (badness 10000) detected at line 2586
\T1/cmtt/m/n/10 (P1) H
 []


Overfull \hbox (25.00003pt too wide) in paragraph at lines 2581--2586
[] 
 []


Underfull \hbox (badness 10000) detected at line 2586
\T1/cmtt/m/n/10 (P2) H
 []


Overfull \hbox (56.49234pt too wide) in paragraph at lines 2586--2586
[] \T1/cmtt/m/n/10 *    [] 
 []


Underfull \hbox (badness 10000) detected at line 2595
\T1/cmtt/m/n/10 (D1) H
 []


Overfull \hbox (51.24362pt too wide) in paragraph at lines 2590--2595
\T1/cmtt/m/n/10 *    [] 
 []


Underfull \hbox (badness 10000) detected at line 2595
\T1/cmtt/m/n/10 (D2) H
 []


Overfull \hbox (51.24362pt too wide) in paragraph at lines 2595--2595
[]     [] 
 []


Underfull \hbox (badness 10000) detected at line 2604
\T1/cmtt/m/n/10 (D1) H
 []


Overfull \hbox (51.24362pt too wide) in paragraph at lines 2599--2604
\T1/cmtt/m/n/10 *    [] 
 []


Underfull \hbox (badness 10000) detected at line 2604
\T1/cmtt/m/n/10 (D2) H
 []


Overfull \hbox (51.24362pt too wide) in paragraph at lines 2604--2604
[]     [] 
 []


Underfull \hbox (badness 10000) detected at line 2612
\T1/cmtt/m/n/10 (P1) H
 []


Overfull \hbox (25.00003pt too wide) in paragraph at lines 2608--2612
[] 
 []


Underfull \hbox (badness 10000) detected at line 2612
\T1/cmtt/m/n/10 (P2) H
 []


Overfull \hbox (56.49234pt too wide) in paragraph at lines 2612--2612
[] \T1/cmtt/m/n/10 *    [] 
 []


Underfull \hbox (badness 10000) detected at line 2621
\T1/cmtt/m/n/10 (P1) H
 []


Overfull \hbox (25.00003pt too wide) in paragraph at lines 2616--2621
[] 
 []


Underfull \hbox (badness 10000) detected at line 2621
\T1/cmtt/m/n/10 (P2) H
 []


Overfull \hbox (56.49234pt too wide) in paragraph at lines 2621--2621
[] \T1/cmtt/m/n/10 *    [] 
 []


Underfull \hbox (badness 10000) detected at line 2631
\T1/cmtt/m/n/10 (P1) H
 []


Overfull \hbox (25.00003pt too wide) in paragraph at lines 2625--2631
[] 
 []

[55]
Underfull \hbox (badness 10000) detected at line 2631
\T1/cmtt/m/n/10 (P2) H
 []


Overfull \hbox (56.49234pt too wide) in paragraph at lines 2631--2631
[] \T1/cmtt/m/n/10 *    [] 
 []


Overfull \hbox (121.96156pt too wide) in paragraph at lines 2631--2632
[] \T1/cmtt/m/n/10 Restrictions: (INSTANCE-OF-REWRITING $ [] \OML/cmm/m/it/10 A
[]$ $ [] B[]$\T1/cmtt/m/n/10 ) Transformation: (P2 ss) ==> (P1 ss)  
 []

[56]
Chapter 4.
[57

] [58] [59] [60]
Chapter 5.

Overfull \hbox (40.80069pt too wide) in paragraph at lines 2990--3002
\T1/cmr/m/n/10 RULEP-TAC RULEP-TAC) (MAKE-ROOM :USE NAT-DED) DUPLICATE-
 []

[61

] [62]
Overfull \hbox (29.83115pt too wide) in paragraph at lines 3134--3141
\T1/cmr/m/n/10 FALSE-TAC INIT-TAC REFL+TAC LAMBDA-TAC NOT-TAC OR+TAC
 []


Overfull \hbox (46.6326pt too wide) in paragraph at lines 3134--3141
\T1/cmr/m/n/10 OR-TAC AND+TAC IMPLIES-TAC EQUIV+TAC EQUIV-TAC EXTO+TAC
 []


Overfull \hbox (24.55576pt too wide) in paragraph at lines 3134--3141
\T1/cmr/m/n/10 EQO-TAC ALL-TAC EX-ISTS+TAC EQFUNC-TAC EQUIV-WFFS+TAC
 []

[63]
Overfull \hbox (30.66757pt too wide) in paragraph at lines 3201--3208
\T1/cmr/m/n/10 EXISTS-PLINE-TAC INDIRECT-DISJ-PLINE-TAC EQUIV-EQ-CONTR-
 []


Overfull \hbox (27.61057pt too wide) in paragraph at lines 3233--3243
\T1/cmr/m/n/10 REWRITE-PLINE-TAC RULEC-TAC UGEN-TAC EGEN-TAC (THEN**
 []


Overfull \hbox (32.19388pt too wide) in paragraph at lines 3233--3243
\T1/cmr/m/n/10 UI-TAC UNSPONSOR-TAC) (THEN** UNNEC-EXP-TAC UNSPONSOR-
 []

[64]
Overfull \hbox (28.6756pt too wide) in paragraph at lines 3275--3277
[]\T1/cmr/m/n/10 (ORELSE TRUTH-TAC ABSURD-TAC MAKE-ROOM ICONJ*-
 []


Overfull \hbox (30.24991pt too wide) in paragraph at lines 3296--3300
\T1/cmr/m/n/10 PLAN-TAC EQUALITY-PLAN-TAC EQUIV-WFFS-PLAN-TAC RULEQ-
 []


Overfull \hbox (26.77853pt too wide) in paragraph at lines 3296--3300
\T1/cmr/m/n/10 PLAN-TAC LEXPD*-VARY-TAC IMPLICS-EQUIV-TAC ML::TRUTHP-
 []


Overfull \hbox (24.14029pt too wide) in paragraph at lines 3307--3310
\T1/cmr/m/n/10 RULEQ-SLINE-TAC LCONTR*-VARY-TAC EQUIV-DISJ-TAC EQUIV-
 []

[65]
Overfull \hbox (24.14029pt too wide) in paragraph at lines 3317--3321
\T1/cmr/m/n/10 EXP-SLINE-TAC EQUIV-DISJ-TAC EQUIV-IMPLICS-TAC LCONTR*-
 []


Overfull \hbox (23.44601pt too wide) in paragraph at lines 3364--3374
\T1/cmr/m/n/10 SUPPORT-TAC (THEN** ECONJ-TAC UNSPONSOR-TAC) DEDUCT-
 []

[66] [67] [68] [69] [70] [71]
Overfull \hbox (35.20178pt too wide) in paragraph at lines 3732--3736
[]\T1/cmr/m/n/10 (ORELSE SAME-TAC TRUTH-TAC ABSURD-TAC INDIRECT2-
 []


Overfull \hbox (28.7214pt too wide) in paragraph at lines 3732--3736
\T1/cmr/m/n/10 TAC IMPLICS-EQUIV-TAC PUSHNEG-TAC PULLNEG-TAC DEDUCT-
 []

[72] [73]
Overfull \hbox (20.41263pt too wide) in paragraph at lines 3903--3904
[]\T1/cmr/m/n/10 (ORELSE UGEN-TAC (THEN ABU-TAC UGEN-TAC) EGEN-
 []

[74] [75] [76] [77] [78]
Overfull \hbox (25.55246pt too wide) in paragraph at lines 4220--4226
[]\T1/cmr/m/n/10 (ORELSE (IFTHEN BETA-ETA-TOGETHER-TAC LCONTR*-
 []


Overfull \hbox (41.49716pt too wide) in paragraph at lines 4220--4226
\T1/cmr/m/n/10 BETA-ETA-SEPARATE-TAC (ORELSE LCONTR*-BETA-TAC LCONTR*-
 []


Overfull \hbox (39.64624pt too wide) in paragraph at lines 4228--4234
[]\T1/cmr/m/n/10 (ORELSE (IFTHEN BETA-ETA-TOGETHER-TAC LCONTR*-
 []


Overfull \hbox (41.49716pt too wide) in paragraph at lines 4228--4234
\T1/cmr/m/n/10 BETA-ETA-SEPARATE-TAC (ORELSE LCONTR*-BETA-TAC LCONTR*-
 []


Overfull \hbox (24.83456pt too wide) in paragraph at lines 4267--4272
\T1/cmr/m/n/10 BETA-ETA-SEPARATE-TAC (ORELSE LEXPD*-BETA-TAC LEXPD*-
 []


Overfull \hbox (31.31494pt too wide) in paragraph at lines 4274--4279
[]\T1/cmr/m/n/10 (ORELSE (IFTHEN BETA-ETA-TOGETHER-TAC LEXPD*-
 []


Overfull \hbox (24.83456pt too wide) in paragraph at lines 4274--4279
\T1/cmr/m/n/10 BETA-ETA-SEPARATE-TAC (ORELSE LEXPD*-BETA-TAC LEXPD*-
 []

[79] [80] [81]
Chapter 6.
[82

] [83]
Chapter 7.
[84

] [85] [86] [87] [88] [89] [90] [91]
Chapter 8.

Overfull \hbox (25.13184pt too wide) in paragraph at lines 4952--4956
\T1/cmr/m/n/10 Al-low-able prop-er-ties are: \T1/cmtt/m/n/10 EXTMATE-ARGTYPES\T
1/cmr/m/n/10 , \T1/cmtt/m/n/10 EXTMATE-ARGNAMES\T1/cmr/m/n/10 , \T1/cmtt/m/n/10
 EXTMATE-ARGHELP\T1/cmr/m/n/10 ,
 []

[92

]
Overfull \hbox (24.84528pt too wide) in paragraph at lines 5062--5066
\T1/cmr/m/n/10 FILENAME, VPD-STYLE, VPD-PTYPES, VPD-BRIEF and VPD-VPFPAGE
 []

[93] [94] [95]
Chapter 9.
[96

] [97] [98] [99]
Chapter 10.
[100

] [101] [102]
Chapter 11.
[103

] [104] [105] [106]
Chapter 12.
[107

]
Overfull \hbox (31.09375pt too wide) in paragraph at lines 5916--5918
[]\T1/cmr/m/n/10 SEE ALSO: ASSIGN-VAR, UNASSIGN-VAR, REMOVE-ALL-ASSIGNMENTS,
 []

[108]
Overfull \hbox (26.85867pt too wide) in paragraph at lines 5940--5941
[]\T1/cmr/m/n/10 SEE ALSO: PROB-A-BIL-ITY, IN-TER-PRET, MAX-BINDER-COMPUTATION,

 []


Overfull \hbox (61.91956pt too wide) in paragraph at lines 5948--5950
[]\T1/cmr/m/n/10 SEE ALSO: ASSIGN-VAR, SHOW-ASSIGNMENTS, REMOVE-ALL-ASSIGNMENTS
,
 []


Overfull \hbox (60.32272pt too wide) in paragraph at lines 5958--5959
[]\T1/cmr/m/n/10 SEE ALSO: COND-PROBABILITY, IN-TER-PRET, MAX-BINDER-COMPUTATIO
N,
 []


Overfull \hbox (56.36536pt too wide) in paragraph at lines 5963--5964
[]\T1/cmr/m/n/10 SEE ALSO: UNASSIGN-VAR, ASSIGN-VAR, IN-TER-PRET, SHOW-ASSIGNME
NTS 
 []

[109]
Chapter 13.
[110

] [111] [112] [113] [114] [115] [116] [117] [118] [119] [120]
Chapter 14.

Overfull \hbox (31.88483pt too wide) in paragraph at lines 6741--6742
[] \T1/cmtt/m/n/10 OR may be replaced by any of: INVERSE $\OML/cmm/m/it/10 ^^U 
p[]^^U q[]: q$ $\OMS/cmsy/m/n/10 _ \OML/cmm/m/it/10 p$ \T1/cmtt/m/n/10 IMPLIES 
$\OML/cmm/m/it/10 ^^U p[]^^U q[]:$
 []

[121

]
Chapter 15.
[122

] [123] [124] [125] [126]
Chapter 16.

Overfull \hbox (39.8061pt too wide) in paragraph at lines 6989--6992
[][] 
 []


Overfull \hbox (197.19923pt too wide) in paragraph at lines 7017--7020
[][] 
 []

[127

] [128]
Chapter 17.

Overfull \hbox (70.44899pt too wide) in paragraph at lines 7128--7134
[][] 
 []

[129

]
Chapter 18.
[130

]
Chapter 19.
[131

]
Chapter 20.
[132

]
Chapter 21.
[133

]
Chapter 22.
[134

] [135] [136] [137] [138] [139] [140] [141]
Overfull \hbox (27.97061pt too wide) in paragraph at lines 7756--7759
\T1/cmr/m/n/10 PSCHEMES, PCLASS-SCHEME-TREE, PCLASS-TREE, FETCH-LIBCLASS,
 []


Overfull \hbox (20.05588pt too wide) in paragraph at lines 7768--7771
\T1/cmr/m/n/10 PCLASS, PSCHEMES, PCLASS-SCHEME-TREE, PCLASS-TREE, FETCH-
 []

[142]
Overfull \hbox (20.55576pt too wide) in paragraph at lines 7792--7795
\T1/cmr/m/n/10 SCHEME, PSCHEMES, FETCH-LIBCLASS, FETCH-LIBCLASS*, PCLASS,
 []


Overfull \hbox (20.19473pt too wide) in paragraph at lines 7821--7825
\T1/cmr/m/n/10 DIRECTION, CLASS-SCHEME, CLASSIFY-CLASS, UNCLASSIFY-CLASS,
 []


Overfull \hbox (26.85977pt too wide) in paragraph at lines 7821--7825
\T1/cmr/m/n/10 PSCHEMES, PCLASS, PCLASS-SCHEME-TREE, PCLASS-TREE, CREATE-
 []


Overfull \hbox (30.956pt too wide) in paragraph at lines 7830--7834
\T1/cmr/m/n/10 CLASS, CLASSIFY-ITEM, UNCLASSIFY-ITEM, GOTO-CLASS, PSCHEMES,
 []

[143]
Overfull \hbox (34.4968pt too wide) in paragraph at lines 7854--7857
\T1/cmr/m/n/10 PCLASS, PSCHEMES, PCLASS-SCHEME-TREE, PCLASS-TREE, CLASSIFY-
 []


Overfull \hbox (24.70752pt too wide) in paragraph at lines 7871--7874
\T1/cmr/m/n/10 UNCLASSIFY-ITEM, GOTO-CLASS, CLASS-SCHEME, FETCH-LIBCLASS,
 []

[144]
Overfull \hbox (27.97061pt too wide) in paragraph at lines 7913--7916
\T1/cmr/m/n/10 PSCHEMES, PCLASS-SCHEME-TREE, PCLASS-TREE, FETCH-LIBCLASS,
 []


Overfull \hbox (27.97061pt too wide) in paragraph at lines 7921--7925
\T1/cmr/m/n/10 PSCHEMES, PCLASS-SCHEME-TREE, PCLASS-TREE, FETCH-LIBCLASS,
 []

[145]
Chapter 23.

Overfull \hbox (31.16428pt too wide) in paragraph at lines 7948--7951
\T1/cmr/m/n/10 TREE, PCLASS-TREE, CREATE-LIBCLASS, CLASSIFY-CLASS, CLASSIFY-
 []

[146

] [147]
Chapter 24.
[148

]
Chapter 25.
[149

] [150] [151] [152]
Chapter 26.
[153

] [154] [155]
Chapter 27.
[156

] [157] [158] [159] [160]
Overfull \hbox (38.0296pt too wide) in paragraph at lines 8662--8801
[][] 
 []

[161]
Overfull \vbox (1029.0pt too high) has occurred while \output is active []


[162] [163] [164] [165] [166] [167] [168]
Overfull \hbox (38.0296pt too wide) in paragraph at lines 9130--9187
[][] 
 []

[169]
Overfull \vbox (57.0pt too high) has occurred while \output is active []

 [170]
Overfull \hbox (38.0296pt too wide) in paragraph at lines 9193--9223
[][] 
 []


Overfull \hbox (22.06128pt too wide) in paragraph at lines 9229--9281
[][] 
 []

[171] [172] [173] [174]
Overfull \hbox (22.06128pt too wide) in paragraph at lines 9432--9460
[][] 
 []

[175] [176] [177]
Chapter 28.

Overfull \hbox (39.68384pt too wide) in paragraph at lines 9582--9586
\T1/cmtt/m/n/10 FLAGTYPE\T1/cmr/m/n/10 , \T1/cmtt/m/n/10 DEFAULT\T1/cmr/m/n/10 
, \T1/cmtt/m/n/10 PRE-CHANGE-FN\T1/cmr/m/n/10 , \T1/cmtt/m/n/10 CHANGE-FN\T1/cm
r/m/n/10 , \T1/cmtt/m/n/10 SUBJECTS\T1/cmr/m/n/10 , \T1/cmtt/m/n/10 RELEVANCY-P
RECONDITIONS\T1/cmr/m/n/10 ,
 []

[178

] [179] [180] [181] [182] [183] [184] [185] [186] [187] [188] [189]
[190] [191] [192] [193] [194] [195] [196] [197] [198] [199] [200]
Overfull \hbox (214.44955pt too wide) in paragraph at lines 10902--10924
\T1/cmr/m/n/10 NONE | OTREE | OSET | ========================+=========+=======
==+========+
 []


Overfull \hbox (317.89651pt too wide) in paragraph at lines 10929--10951
\T1/cmr/m/n/10 DEFAULT-EXPAND: | NONE | OTREE | OSET | ========================
+=========+=========+========+
 []

[201]
Overfull \hbox (317.89651pt too wide) in paragraph at lines 10956--10978
\T1/cmr/m/n/10 DEFAULT-EXPAND: | NONE | OTREE | OSET | ========================
+=========+=========+========+
 []

[202] [203] [204]
Overfull \hbox (43.53134pt too wide) in paragraph at lines 11126--11127
[]\T1/cmr/m/n/10 If NIL, record-ing events of type CONSIDERED-
 []


Overfull \hbox (23.72165pt too wide) in paragraph at lines 11132--11133
\T1/cmtt/m/n/10 MS93-1\T1/cmr/m/n/10 , \T1/cmtt/m/n/10 MS92-9\T1/cmr/m/n/10 , \
T1/cmtt/m/n/10 MS91-7\T1/cmr/m/n/10 , \T1/cmtt/m/n/10 MS91-6\T1/cmr/m/n/10 , \T
1/cmtt/m/n/10 MS90-9\T1/cmr/m/n/10 , \T1/cmtt/m/n/10 MS90-3\T1/cmr/m/n/10 , \T1
/cmtt/m/n/10 MS89\T1/cmr/m/n/10 , \T1/cmtt/m/n/10 MS88\T1/cmr/m/n/10 , \T1/cmtt
/m/n/10 MATING-SEARCH\T1/cmr/m/n/10 .
 []

[205] [206] [207]
Overfull \hbox (34.31982pt too wide) in paragraph at lines 11309--11314
\T1/cmr/m/n/10 GC-TIME for more in-for-ma-tion. It takes val-ues of type NULL-O
R-POSINTEGER
 []

[208] [209] [210] [211] [212] [213] [214] [215] [216] [217] [218] [219]
[220] [221] [222] [223]
Overfull \hbox (31.26147pt too wide) in paragraph at lines 12189--12191
\T1/cmr/m/n/10 takes val-ues of type IN-TE-GER+ and be-longs to sub-jects \T1/c
mtt/m/n/10 TRANSMIT\T1/cmr/m/n/10 , \T1/cmtt/m/n/10 UNIFICATION\T1/cmr/m/n/10 ,

 []

[224] [225] [226] [227] [228] [229]
Overfull \hbox (23.78616pt too wide) in paragraph at lines 12503--12507
[]\T1/cmr/m/n/10 If MS04-DELAY-UNIF-CONSTRAINTS
 []

[230]
Overfull \hbox (43.53024pt too wide) in paragraph at lines 12540--12543
[]\T1/cmr/m/n/10 If set to T (and MS04-DELAY-UNIF-CONSTRAINTS
 []

[231] [232] [233] [234]
Overfull \hbox (20.25027pt too wide) in paragraph at lines 12758--12759
[]\T1/cmr/m/n/10 See Also: MOD-ELS, MAX-DOMAIN-SIZE, MAX-BINDER-COMPUTATION
 []

[235]
Overfull \hbox (20.25027pt too wide) in paragraph at lines 12785--12786
[]\T1/cmr/m/n/10 See Also: MOD-ELS, MAX-DOMAIN-SIZE, MAX-BINDER-COMPUTATION
 []


Overfull \hbox (38.26874pt too wide) in paragraph at lines 12805--12807
[]\T1/cmr/m/n/10 If MS04-USE-SET-CONSTRAINTS
 []

[236] [237]
Overfull \hbox (55.23682pt too wide) in paragraph at lines 12916--12918
[]\T1/cmr/m/n/10 If MS04-USE-SET-CONSTRAINTS
 []

[238] [239] [240] [241]
Overfull \hbox (34.4957pt too wide) in paragraph at lines 13127--13128
\T1/cmr/m/n/10 SYM-BOL and be-longs to sub-jects \T1/cmtt/m/n/10 TRANSMIT\T1/cm
r/m/n/10 , \T1/cmtt/m/n/10 MS91-6\T1/cmr/m/n/10 , \T1/cmtt/m/n/10 MS89\T1/cmr/m
/n/10 , \T1/cmtt/m/n/10 MS88\T1/cmr/m/n/10 , \T1/cmtt/m/n/10 MATING-SEARCH\T1/c
mr/m/n/10 .
 []

[242] [243] [244] [245] [246] [247] [248] [249] [250] [251] [252] [253]
[254] [255] [256] [257] [258] [259] [260] [261] [262] [263] [264] [265]
[266] [267] [268] [269]
Overfull \hbox (24.08157pt too wide) in paragraph at lines 14755--14756
[]\T1/cmr/m/n/10 SEE ALSO: MODES-GWFFS, TEST-INIT, TPS-TEST, ADD-GOODMODES,
 []

[270] [271] [272]
Overfull \hbox (20.19254pt too wide) in paragraph at lines 14957--14965
\T1/cmr/m/n/10 CHECK, UNIF-COUNTER and UNIF-TRIGGER will be NIL. UNI-SEARCH-
 []


Overfull \hbox (27.62238pt too wide) in paragraph at lines 14957--14965
\T1/cmr/m/n/10 INTEGER and be-longs to sub-jects \T1/cmtt/m/n/10 TRANSMIT\T1/cm
r/m/n/10 , \T1/cmtt/m/n/10 MS98-1\T1/cmr/m/n/10 , \T1/cmtt/m/n/10 IMPORTANT\T1/
cmr/m/n/10 , \T1/cmtt/m/n/10 UNIFICATION\T1/cmr/m/n/10 .
 []

[273]
Overfull \hbox (23.52725pt too wide) in paragraph at lines 14982--14985
\T1/cmtt/m/n/10 MS98-1\T1/cmr/m/n/10 , \T1/cmtt/m/n/10 MS93-1\T1/cmr/m/n/10 , \
T1/cmtt/m/n/10 MS92-9\T1/cmr/m/n/10 , \T1/cmtt/m/n/10 MS91-7\T1/cmr/m/n/10 , \T
1/cmtt/m/n/10 MS90-9\T1/cmr/m/n/10 , \T1/cmtt/m/n/10 MS90-3\T1/cmr/m/n/10 , \T1
/cmtt/m/n/10 MATING-SEARCH\T1/cmr/m/n/10 , \T1/cmtt/m/n/10 IMPORTANT\T1/cmr/m/n
/10 .
 []

[274] [275] [276]
Overfull \hbox (31.16428pt too wide) in paragraph at lines 15134--15138
\T1/cmr/m/n/10 TREE, PCLASS-TREE, CREATE-LIBCLASS, CLASSIFY-CLASS, CLASSIFY-
 []

[277]
Chapter 29.
[278

] [279] [280] [281] [282] [283] [284] [285]
Chapter 30.
[286

] [287] [288]
Chapter 31.
[289

] [290]
Chapter 32.

Overfull \hbox (45.1825pt too wide) in paragraph at lines 15983--15987
\T1/cmtt/m/n/10 PRINT-SPACE-P\T1/cmr/m/n/10 , \T1/cmtt/m/n/10 TERPRI-HEURISTICS
\T1/cmr/m/n/10 , \T1/cmtt/m/n/10 PRINT-TYPESYM\T1/cmr/m/n/10 , \T1/cmtt/m/n/10 
PRINT-TYPE-CHAR\T1/cmr/m/n/10 , \T1/cmtt/m/n/10 PRINT-INDENT\T1/cmr/m/n/10 ,
 []


Overfull \hbox (45.1825pt too wide) in paragraph at lines 15983--15987
\T1/cmtt/m/n/10 DISPLAY-POSTFIX\T1/cmr/m/n/10 , \T1/cmtt/m/n/10 BEGIN-ENVIRONME
NT\T1/cmr/m/n/10 , \T1/cmtt/m/n/10 END-ENVIRONMENT\T1/cmr/m/n/10 , \T1/cmtt/m/n
/10 TEXT-PREFIX\T1/cmr/m/n/10 , \T1/cmtt/m/n/10 TEXT-POSTFIX\T1/cmr/m/n/10 ,
 []

[291

]) [292] (./latex-manual-short.ind [293


] [294] [295] [296] [297] [298]
[299] [300] [301] [302] [303] [304] [305] [306] [307] [308] [309] [310]
[311] [312] [313] [314] [315] [316] [317] [318] [319] [320] [321] [322]
[323] [324] [325] [326] [327] [328] [329] [330]) (./latex-manual-short.aux
(./latex-preamble-short.aux) (./latex-facilities-short.aux)) ) 
Here is how much of TeX's memory you used:
 2944 strings out of 495061
 37341 string characters out of 1182621
 157076 words of memory out of 3000000
 6105 multiletter control sequences out of 15000+50000
 19007 words of font info for 42 fonts, out of 3000000 for 9000
 28 hyphenation exceptions out of 8191
 59i,8n,40p,714b,1506s stack positions out of 5000i,500n,10000p,200000b,50000s
{/usr/share/texmf
/fonts/enc/dvips/cm-super/cm-super-t1.enc}</usr/share/texmf-texlive/fonts/type1
/public/amsfonts/cm/cmbx10.pfb></usr/share/texmf-texlive/fonts/type1/public/ams
fonts/cm/cmex10.pfb></usr/share/texmf-texlive/fonts/type1/public/amsfonts/cm/cm
mi10.pfb></usr/share/texmf-texlive/fonts/type1/public/amsfonts/cm/cmmi7.pfb></u
sr/share/texmf-texlive/fonts/type1/public/amsfonts/cm/cmr10.pfb></usr/share/tex
mf-texlive/fonts/type1/public/amsfonts/cm/cmr7.pfb></usr/share/texmf-texlive/fo
nts/type1/public/amsfonts/cm/cmsy10.pfb></usr/share/texmf/fonts/type1/public/cm
-super/sfbi1000.pfb></usr/share/texmf/fonts/type1/public/cm-super/sfbx1000.pfb>
</usr/share/texmf/fonts/type1/public/cm-super/sfbx1440.pfb></usr/share/texmf/fo
nts/type1/public/cm-super/sfbx1728.pfb></usr/share/texmf/fonts/type1/public/cm-
super/sfbx2074.pfb></usr/share/texmf/fonts/type1/public/cm-super/sfbx2488.pfb><
/usr/share/texmf/fonts/type1/public/cm-super/sfcc1000.pfb></usr/share/texmf/fon
ts/type1/public/cm-super/sfrm0600.pfb></usr/share/texmf/fonts/type1/public/cm-s
uper/sfrm0700.pfb></usr/share/texmf/fonts/type1/public/cm-super/sfrm0800.pfb></
usr/share/texmf/fonts/type1/public/cm-super/sfrm1000.pfb></usr/share/texmf/font
s/type1/public/cm-super/sfrm1200.pfb></usr/share/texmf/fonts/type1/public/cm-su
per/sftt1000.pfb>
Output written on latex-manual-short.pdf (331 pages, 969552 bytes).
PDF statistics:
 1145 PDF objects out of 1200 (max. 8388607)
 0 named destinations out of 1000 (max. 500000)
 1 words of extra memory for PDF output out of 10000 (max. 10000000)

