This is pdfTeX, Version 3.1415926-1.40.10 (TeX Live 2009/Debian) (format=latex 2011.4.11)  10 AUG 2011 09:37
entering extended mode
 %&-line parsing enabled.
**latex-manual
(./latex-manual.tex
LaTeX2e <2009/09/24>
Babel <v3.8l> and hyphenation patterns for english, usenglishmax, dumylang, noh
yphenation, loaded.
(/usr/share/texmf-texlive/tex/latex/base/report.cls
Document Class: report 2007/10/19 v1.4h Standard LaTeX document class
(/usr/share/texmf-texlive/tex/latex/base/size10.clo
File: size10.clo 2007/10/19 v1.4h Standard LaTeX file (size option)
)
\c@part=\count79
\c@chapter=\count80
\c@section=\count81
\c@subsection=\count82
\c@subsubsection=\count83
\c@paragraph=\count84
\c@subparagraph=\count85
\c@figure=\count86
\c@table=\count87
\abovecaptionskip=\skip41
\belowcaptionskip=\skip42
\bibindent=\dimen102
)
(/usr/share/texmf-texlive/tex/latex/base/makeidx.sty
Package: makeidx 2000/03/29 v1.0m Standard LaTeX package
)
(/usr/share/texmf-texlive/tex/latex/listings/listings.sty
(/usr/share/texmf-texlive/tex/latex/graphics/keyval.sty
Package: keyval 1999/03/16 v1.13 key=value parser (DPC)
\KV@toks@=\toks14
)
\lst@mode=\count88
\lst@gtempboxa=\box26
\lst@token=\toks15
\lst@length=\count89
\lst@currlwidth=\dimen103
\lst@column=\count90
\lst@pos=\count91
\lst@lostspace=\dimen104
\lst@width=\dimen105
\lst@newlines=\count92
\lst@lineno=\count93
\lst@maxwidth=\dimen106

(/usr/share/texmf-texlive/tex/latex/listings/lstmisc.sty
File: lstmisc.sty 2007/02/22 1.4 (Carsten Heinz)
\c@lstnumber=\count94
\lst@skipnumbers=\count95
\lst@framebox=\box27
)
(/usr/share/texmf-texlive/tex/latex/listings/listings.cfg
File: listings.cfg 2007/02/22 1.4 listings configuration
))
Package: listings 2007/02/22 1.4 (Carsten Heinz)

(/usr/share/texmf-texlive/tex/latex/base/alltt.sty
Package: alltt 1997/06/16 v2.0g defines alltt environment
)
(/usr/share/texmf-texlive/tex/latex/base/fontenc.sty
Package: fontenc 2005/09/27 v1.99g Standard LaTeX package

(/usr/share/texmf-texlive/tex/latex/base/t1enc.def
File: t1enc.def 2005/09/27 v1.99g Standard LaTeX file
LaTeX Font Info:    Redeclaring font encoding T1 on input line 43.
))
(/usr/share/texmf-texlive/tex/latex/xstring/xstring.sty
(/usr/share/texmf-texlive/tex/generic/xstring/xstring.tex
\@xs@message=\write3
\integerpart=\count96
\decimalpart=\count97
)
Package: xstring 2009/06/05 v1.5c String manipulations (C Tellechea)
)
(/usr/share/texmf-texlive/tex/latex/listings/lstlang1.sty
File: lstlang1.sty 2004/09/05 1.3 listings language file
)
(/usr/share/texmf-texlive/tex/latex/listings/lstlang2.sty
File: lstlang2.sty 2004/09/05 1.3 listings language file
)
\@indexfile=\write4
\openout4 = `latex-manual.idx'.


Writing index file latex-manual.idx
(./latex-manual.aux (./latex-preamble.aux) (./latex-facilities.aux))
\openout1 = `latex-manual.aux'.

LaTeX Font Info:    Checking defaults for OML/cmm/m/it on input line 26.
LaTeX Font Info:    ... okay on input line 26.
LaTeX Font Info:    Checking defaults for T1/cmr/m/n on input line 26.
LaTeX Font Info:    ... okay on input line 26.
LaTeX Font Info:    Checking defaults for OT1/cmr/m/n on input line 26.
LaTeX Font Info:    ... okay on input line 26.
LaTeX Font Info:    Checking defaults for OMS/cmsy/m/n on input line 26.
LaTeX Font Info:    ... okay on input line 26.
LaTeX Font Info:    Checking defaults for OMX/cmex/m/n on input line 26.
LaTeX Font Info:    ... okay on input line 26.
LaTeX Font Info:    Checking defaults for U/cmr/m/n on input line 26.
LaTeX Font Info:    ... okay on input line 26.
\c@lstlisting=\count98

(/home/theorem/tps/doc/lib/tps.tex
\hypbox=\box28
\turnstylelength=\dimen107
\formulabox=\box29
\formulawd=\dimen108
\processname=\box30
\realtime=\box31
\inruntime=\box32
\gctime=\box33
\igctime=\box34
\processnamewd=\dimen109
\realtimewd=\dimen110
\inruntimewd=\dimen111
\gctimewd=\dimen112
\igctimewd=\dimen113
\diffwd=\dimen114
\ndiffwd=\dimen115
\tempa=\box35
\tempb=\box36
\tempc=\dimen116
\tempd=\box37
\gappremises=\box38
) (/home/theorem/tps/doc/lib/tpsdoc.tex
\c@definition=\count99
)
LaTeX Font Info:    External font `cmex10' loaded for size
(Font)              <12> on input line 31.
LaTeX Font Info:    External font `cmex10' loaded for size
(Font)              <8> on input line 31.
LaTeX Font Info:    External font `cmex10' loaded for size
(Font)              <6> on input line 31.
LaTeX Font Info:    Try loading font information for OMS+cmr on input line 31.

(/usr/share/texmf-texlive/tex/latex/base/omscmr.fd
File: omscmr.fd 1999/05/25 v2.5h Standard LaTeX font definitions
)
LaTeX Font Info:    Font shape `OMS/cmr/m/n' in size <10> not available
(Font)              Font shape `OMS/cmsy/m/n' tried instead on input line 31.
 [0

] (./latex-manual.toc
LaTeX Font Info:    External font `cmex10' loaded for size
(Font)              <7> on input line 3.
LaTeX Font Info:    External font `cmex10' loaded for size
(Font)              <5> on input line 3.

[1

] [2] [3] [4] [5] [6] [7] [8] [9] [10] [11])
\tf@toc=\write5
\openout5 = `latex-manual.toc'.

 [12]
\openout2 = `latex-preamble.aux'.

 (./latex-preamble.tex
Chapter 1.
LaTeX Font Info:    Try loading font information for T1+cmtt on input line 14.
(/usr/share/texmf-texlive/tex/latex/base/t1cmtt.fd
File: t1cmtt.fd 1999/05/25 v2.5h Standard LaTeX font definitions
)) [13


]
\openout2 = `latex-facilities.aux'.


(./latex-facilities.tex
Chapter 2.

Overfull \hbox (23.52725pt too wide) in paragraph at lines 11--24
\T1/cmr/m/n/10 HEIGHT, PROOFW-ACTIVE-WIDTH, PROOFW-ACTIVE+NOS-HEIGHT,
 []


Overfull \hbox (32.9046pt too wide) in paragraph at lines 29--38
\T1/cmr/m/n/10 mine the lay-out of these win-dows. The flags EDWIN-CURRENT,TOP,
VPFORM-
 []

[14



] [15] [16]
Overfull \hbox (49.29764pt too wide) in paragraph at lines 159--161
[]\T1/cmr/m/n/10 If the flag UNIXLIB-SHOWPATH is NIL, the prompt will be <LIB:<
CLASS><num>> 
 []

[17] [18] [19] [20] [21] [22] [23] [24] [25] [26] [27] [28] [29] [30]
Overfull \hbox (21.8599pt too wide) in paragraph at lines 989--990
[]\T1/cmr/m/n/10 SEE ALSO: ELIMINATE-ALL-RULEP-APPS, ELIMINATE-CONJ*-RULEP-
 []

[31] [32] [33] [34] [35] [36] [37] [38] [39] [40] [41] [42] [43] [44] [45]
[46] [47]
Chapter 3.

Underfull \hbox (badness 10000) detected at line 1900
\T1/cmtt/m/n/10 (H1) H1
 []


Overfull \hbox (25.00003pt too wide) in paragraph at lines 1896--1900
[] 
 []


Underfull \hbox (badness 10000) detected at line 1900
\T1/cmtt/m/n/10 (P2) H
 []


Overfull \hbox (56.49234pt too wide) in paragraph at lines 1900--1900
[] \T1/cmtt/m/n/10 *    [] 
 []


Underfull \hbox (badness 10000) detected at line 1908
\T1/cmtt/m/n/10 (P1) H1
 []


Overfull \hbox (25.00003pt too wide) in paragraph at lines 1904--1908
[] 
 []


Underfull \hbox (badness 10000) detected at line 1908
\T1/cmtt/m/n/10 (P2) H2
 []


Overfull \hbox (56.49234pt too wide) in paragraph at lines 1908--1908
[] \T1/cmtt/m/n/10 *    [] 
 []


Underfull \hbox (badness 10000) detected at line 1916
\T1/cmtt/m/n/10 (D1) H
 []


Overfull \hbox (51.24362pt too wide) in paragraph at lines 1912--1916
\T1/cmtt/m/n/10 *    [] 
 []


Underfull \hbox (badness 10000) detected at line 1916
\T1/cmtt/m/n/10 (P2) H
 []


Overfull \hbox (56.49234pt too wide) in paragraph at lines 1916--1916
[] \T1/cmtt/m/n/10 *    [] 
 []


Underfull \hbox (badness 10000) detected at line 1931
\T1/cmtt/m/n/10 (D1) H
 []


Overfull \hbox (51.24362pt too wide) in paragraph at lines 1926--1931
\T1/cmtt/m/n/10 *    [] 
 []


Underfull \hbox (badness 10000) detected at line 1931
\T1/cmtt/m/n/10 (D2) H
 []


Overfull \hbox (51.24362pt too wide) in paragraph at lines 1931--1931
[]     [] 
 []

[48

]
Underfull \hbox (badness 10000) detected at line 1943
\T1/cmtt/m/n/10 (D1) H
 []


Overfull \hbox (51.24362pt too wide) in paragraph at lines 1935--1943
\T1/cmtt/m/n/10 *    [] 
 []


Underfull \hbox (badness 10000) detected at line 1943
\T1/cmtt/m/n/10 (H2) H,H2
 []


Overfull \hbox (51.24362pt too wide) in paragraph at lines 1943--1943
[]     [] 
 []


Underfull \hbox (badness 10000) detected at line 1943
\T1/cmtt/m/n/10 (P3) H,H2
 []


Overfull \hbox (51.24362pt too wide) in paragraph at lines 1943--1943
[]     [] 
 []


Underfull \hbox (badness 10000) detected at line 1943
\T1/cmtt/m/n/10 (H4) H,H4
 []


Overfull \hbox (51.24362pt too wide) in paragraph at lines 1943--1943
[]     [] 
 []


Underfull \hbox (badness 10000) detected at line 1943
\T1/cmtt/m/n/10 (P5) H,H4
 []


Overfull \hbox (51.24362pt too wide) in paragraph at lines 1943--1943
[]     [] 
 []


Underfull \hbox (badness 10000) detected at line 1943
\T1/cmtt/m/n/10 (P6) H
 []


Overfull \hbox (56.49234pt too wide) in paragraph at lines 1943--1943
[] \T1/cmtt/m/n/10 *    [] 
 []


Underfull \hbox (badness 10000) detected at line 1957
\T1/cmtt/m/n/10 (D1) H
 []


Overfull \hbox (51.24362pt too wide) in paragraph at lines 1947--1957
\T1/cmtt/m/n/10 *    [] 
 []


Underfull \hbox (badness 10000) detected at line 1957
\T1/cmtt/m/n/10 (H2) H,H2
 []


Overfull \hbox (51.24362pt too wide) in paragraph at lines 1957--1957
[]     [] 
 []


Underfull \hbox (badness 10000) detected at line 1957
\T1/cmtt/m/n/10 (P3) H,H2
 []


Overfull \hbox (51.24362pt too wide) in paragraph at lines 1957--1957
[]     [] 
 []


Underfull \hbox (badness 10000) detected at line 1957
\T1/cmtt/m/n/10 (H4) H,H4
 []


Overfull \hbox (51.24362pt too wide) in paragraph at lines 1957--1957
[]     [] 
 []


Underfull \hbox (badness 10000) detected at line 1957
\T1/cmtt/m/n/10 (P5) H,H4
 []


Overfull \hbox (51.24362pt too wide) in paragraph at lines 1957--1957
[]     [] 
 []


Underfull \hbox (badness 10000) detected at line 1957
\T1/cmtt/m/n/10 (H6) H,H6
 []


Overfull \hbox (51.24362pt too wide) in paragraph at lines 1957--1957
[]     [] 
 []


Underfull \hbox (badness 10000) detected at line 1957
\T1/cmtt/m/n/10 (P7) H,H6
 []


Overfull \hbox (51.24362pt too wide) in paragraph at lines 1957--1957
[]     [] 
 []


Underfull \hbox (badness 10000) detected at line 1957
\T1/cmtt/m/n/10 (P8) H
 []


Overfull \hbox (56.49234pt too wide) in paragraph at lines 1957--1957
[] \T1/cmtt/m/n/10 *    [] 
 []


Overfull \hbox (21.16672pt too wide) in paragraph at lines 1957--1958
[] \T1/cmtt/m/n/10 Transformation: (P8 D1 ss) ==> (P3 H2 ss) (P5 H4 ss) (P7 H6 
ss)  
 []


Underfull \hbox (badness 10000) detected at line 1973
\T1/cmtt/m/n/10 (D1) H
 []


Overfull \hbox (51.24362pt too wide) in paragraph at lines 1961--1973
\T1/cmtt/m/n/10 *    [] 
 []


Underfull \hbox (badness 10000) detected at line 1973
\T1/cmtt/m/n/10 (H2) H,H2
 []


Overfull \hbox (51.24362pt too wide) in paragraph at lines 1973--1973
[]     [] 
 []


Underfull \hbox (badness 10000) detected at line 1973
\T1/cmtt/m/n/10 (P3) H,H2
 []


Overfull \hbox (51.24362pt too wide) in paragraph at lines 1973--1973
[]     [] 
 []


Underfull \hbox (badness 10000) detected at line 1973
\T1/cmtt/m/n/10 (H4) H,H4
 []


Overfull \hbox (51.24362pt too wide) in paragraph at lines 1973--1973
[]     [] 
 []


Underfull \hbox (badness 10000) detected at line 1973
\T1/cmtt/m/n/10 (P5) H,H4
 []


Overfull \hbox (51.24362pt too wide) in paragraph at lines 1973--1973
[]     [] 
 []


Underfull \hbox (badness 10000) detected at line 1973
\T1/cmtt/m/n/10 (H6) H,H6
 []


Overfull \hbox (51.24362pt too wide) in paragraph at lines 1973--1973
[]     [] 
 []


Underfull \hbox (badness 10000) detected at line 1973
\T1/cmtt/m/n/10 (P7) H,H6
 []


Overfull \hbox (51.24362pt too wide) in paragraph at lines 1973--1973
[]     [] 
 []


Underfull \hbox (badness 10000) detected at line 1973
\T1/cmtt/m/n/10 (H8) H,H8
 []


Overfull \hbox (51.24362pt too wide) in paragraph at lines 1973--1973
[]     [] 
 []


Underfull \hbox (badness 10000) detected at line 1973
\T1/cmtt/m/n/10 (P9) H,H8
 []


Overfull \hbox (51.24362pt too wide) in paragraph at lines 1973--1973
[]     [] 
 []


Underfull \hbox (badness 10000) detected at line 1973
\T1/cmtt/m/n/10 (P10) H
 []


Overfull \hbox (56.49234pt too wide) in paragraph at lines 1973--1973
[] \T1/cmtt/m/n/10 *    [] 
 []


Overfull \hbox (84.15134pt too wide) in paragraph at lines 1973--1974
[] \T1/cmtt/m/n/10 Transformation: (P10 D1 ss) ==> (P3 H2 ss) (P5 H4 ss) (P7 H6
 ss) (P9 H8 ss)  
 []


Underfull \hbox (badness 10000) detected at line 1982
\T1/cmtt/m/n/10 (H1) H,H1
 []


Overfull \hbox (25.00003pt too wide) in paragraph at lines 1977--1982
[] 
 []


Underfull \hbox (badness 10000) detected at line 1982
\T1/cmtt/m/n/10 (D2) H,H1
 []


Overfull \hbox (51.24362pt too wide) in paragraph at lines 1982--1982
[]     [] 
 []


Underfull \hbox (badness 10000) detected at line 1982
\T1/cmtt/m/n/10 (P3) H
 []


Overfull \hbox (56.49234pt too wide) in paragraph at lines 1982--1982
[] \T1/cmtt/m/n/10 *    [] 
 []


Underfull \hbox (badness 10000) detected at line 1990
\T1/cmtt/m/n/10 (D1) H
 []


Overfull \hbox (51.24362pt too wide) in paragraph at lines 1986--1990
\T1/cmtt/m/n/10 *    [] 
 []

[49]
Underfull \hbox (badness 10000) detected at line 1990
\T1/cmtt/m/n/10 (D2) H
 []


Overfull \hbox (51.24362pt too wide) in paragraph at lines 1990--1990
[]     [] 
 []


Underfull \hbox (badness 10000) detected at line 1998
\T1/cmtt/m/n/10 (D1) H
 []


Overfull \hbox (51.24362pt too wide) in paragraph at lines 1994--1998
\T1/cmtt/m/n/10 *    [] 
 []


Underfull \hbox (badness 10000) detected at line 1998
\T1/cmtt/m/n/10 (D2) H
 []


Overfull \hbox (51.24362pt too wide) in paragraph at lines 1998--1998
[]     [] 
 []


Underfull \hbox (badness 10000) detected at line 2006
\T1/cmtt/m/n/10 (D1) H
 []


Overfull \hbox (51.24362pt too wide) in paragraph at lines 2002--2006
\T1/cmtt/m/n/10 *    [] 
 []


Underfull \hbox (badness 10000) detected at line 2006
\T1/cmtt/m/n/10 (D2) H
 []


Overfull \hbox (51.24362pt too wide) in paragraph at lines 2006--2006
[]     [] 
 []


Underfull \hbox (badness 10000) detected at line 2015
\T1/cmtt/m/n/10 (D1) H
 []


Overfull \hbox (51.24362pt too wide) in paragraph at lines 2010--2015
\T1/cmtt/m/n/10 *    [] 
 []


Underfull \hbox (badness 10000) detected at line 2015
\T1/cmtt/m/n/10 (D2) H
 []


Overfull \hbox (51.24362pt too wide) in paragraph at lines 2015--2015
[]     [] 
 []


Underfull \hbox (badness 10000) detected at line 2015
\T1/cmtt/m/n/10 (D3) H
 []


Overfull \hbox (51.24362pt too wide) in paragraph at lines 2015--2015
[]     [] 
 []


Underfull \hbox (badness 10000) detected at line 2023
\T1/cmtt/m/n/10 (D1) H
 []


Overfull \hbox (51.24362pt too wide) in paragraph at lines 2019--2023
\T1/cmtt/m/n/10 *    [] 
 []


Underfull \hbox (badness 10000) detected at line 2023
\T1/cmtt/m/n/10 (D2) H
 []


Overfull \hbox (51.24362pt too wide) in paragraph at lines 2023--2023
[]     [] 
 []


Underfull \hbox (badness 10000) detected at line 2032
\T1/cmtt/m/n/10 (P1) H
 []


Overfull \hbox (25.00003pt too wide) in paragraph at lines 2027--2032
[] 
 []


Underfull \hbox (badness 10000) detected at line 2032
\T1/cmtt/m/n/10 (P2) H
 []


Overfull \hbox (51.24362pt too wide) in paragraph at lines 2032--2032
[]     [] 
 []


Underfull \hbox (badness 10000) detected at line 2032
\T1/cmtt/m/n/10 (P3) H
 []


Overfull \hbox (56.49234pt too wide) in paragraph at lines 2032--2032
[] \T1/cmtt/m/n/10 *    [] 
 []


Underfull \hbox (badness 10000) detected at line 2040
\T1/cmtt/m/n/10 (P1) H
 []


Overfull \hbox (25.00003pt too wide) in paragraph at lines 2036--2040
[] 
 []


Underfull \hbox (badness 10000) detected at line 2040
\T1/cmtt/m/n/10 (P2) H
 []


Overfull \hbox (56.49234pt too wide) in paragraph at lines 2040--2040
[] \T1/cmtt/m/n/10 *    [] 
 []


Underfull \hbox (badness 10000) detected at line 2048
\T1/cmtt/m/n/10 (P1) H
 []


Overfull \hbox (25.00003pt too wide) in paragraph at lines 2044--2048
[] 
 []


Underfull \hbox (badness 10000) detected at line 2048
\T1/cmtt/m/n/10 (P2) H
 []


Overfull \hbox (56.49234pt too wide) in paragraph at lines 2048--2048
[] \T1/cmtt/m/n/10 *    [] 
 []

[50]
Underfull \hbox (badness 10000) detected at line 2056
\T1/cmtt/m/n/10 (D1) H
 []


Overfull \hbox (51.24362pt too wide) in paragraph at lines 2052--2056
\T1/cmtt/m/n/10 *    [] 
 []


Underfull \hbox (badness 10000) detected at line 2056
\T1/cmtt/m/n/10 (D2) H
 []


Overfull \hbox (51.24362pt too wide) in paragraph at lines 2056--2056
[]     [] 
 []


Underfull \hbox (badness 10000) detected at line 2064
\T1/cmtt/m/n/10 (D1) H
 []


Overfull \hbox (51.24362pt too wide) in paragraph at lines 2060--2064
\T1/cmtt/m/n/10 *    [] 
 []


Underfull \hbox (badness 10000) detected at line 2064
\T1/cmtt/m/n/10 (D2) H
 []


Overfull \hbox (51.24362pt too wide) in paragraph at lines 2064--2064
[]     [] 
 []


Underfull \hbox (badness 10000) detected at line 2072
\T1/cmtt/m/n/10 (D1) H
 []


Overfull \hbox (51.24362pt too wide) in paragraph at lines 2068--2072
\T1/cmtt/m/n/10 *    [] 
 []


Underfull \hbox (badness 10000) detected at line 2072
\T1/cmtt/m/n/10 (D2) H
 []


Overfull \hbox (51.24362pt too wide) in paragraph at lines 2072--2072
[]     [] 
 []


Underfull \hbox (badness 10000) detected at line 2080
\T1/cmtt/m/n/10 (P1) H
 []


Overfull \hbox (25.00003pt too wide) in paragraph at lines 2076--2080
[] 
 []


Underfull \hbox (badness 10000) detected at line 2080
\T1/cmtt/m/n/10 (P2) H
 []


Overfull \hbox (56.49234pt too wide) in paragraph at lines 2080--2080
[] \T1/cmtt/m/n/10 *    [] 
 []


Underfull \hbox (badness 10000) detected at line 2089
\T1/cmtt/m/n/10 (H1) H,H1
 []


Overfull \hbox (25.00003pt too wide) in paragraph at lines 2084--2089
[] 
 []


Underfull \hbox (badness 10000) detected at line 2089
\T1/cmtt/m/n/10 (P2) H,H1
 []


Overfull \hbox (51.24362pt too wide) in paragraph at lines 2089--2089
[]     [] 
 []


Underfull \hbox (badness 10000) detected at line 2089
\T1/cmtt/m/n/10 (P3) H
 []


Overfull \hbox (56.49234pt too wide) in paragraph at lines 2089--2089
[] \T1/cmtt/m/n/10 *    [] 
 []


Underfull \hbox (badness 10000) detected at line 2098
\T1/cmtt/m/n/10 (H1) H,H1
 []


Overfull \hbox (25.00003pt too wide) in paragraph at lines 2093--2098
[] 
 []


Underfull \hbox (badness 10000) detected at line 2098
\T1/cmtt/m/n/10 (P2) H,H1
 []


Overfull \hbox (51.24362pt too wide) in paragraph at lines 2098--2098
[]     [] 
 []


Underfull \hbox (badness 10000) detected at line 2098
\T1/cmtt/m/n/10 (P3) H
 []


Overfull \hbox (56.49234pt too wide) in paragraph at lines 2098--2098
[] \T1/cmtt/m/n/10 *    [] 
 []


Underfull \hbox (badness 10000) detected at line 2108
\T1/cmtt/m/n/10 (H1) H,H1
 []


Overfull \hbox (25.00003pt too wide) in paragraph at lines 2102--2108
[] 
 []


Underfull \hbox (badness 10000) detected at line 2108
\T1/cmtt/m/n/10 (P2) H,H1
 []


Overfull \hbox (51.24362pt too wide) in paragraph at lines 2108--2108
[]     [] 
 []


Underfull \hbox (badness 10000) detected at line 2108
\T1/cmtt/m/n/10 (P3) H,H1
 []


Overfull \hbox (51.24362pt too wide) in paragraph at lines 2108--2108
[]     [] 
 []


Underfull \hbox (badness 10000) detected at line 2108
\T1/cmtt/m/n/10 (P4) H
 []


Overfull \hbox (56.49234pt too wide) in paragraph at lines 2108--2108
[] \T1/cmtt/m/n/10 *    [] 
 []

[51]
Underfull \hbox (badness 10000) detected at line 2115
\T1/cmtt/m/n/10 (P1) H
 []


Overfull \hbox (51.24362pt too wide) in paragraph at lines 2112--2115
\T1/cmtt/m/n/10 *    [] 
 []


Underfull \hbox (badness 10000) detected at line 2124
\T1/cmtt/m/n/10 (P1) H
 []


Overfull \hbox (25.00003pt too wide) in paragraph at lines 2119--2124
[] 
 []


Underfull \hbox (badness 10000) detected at line 2124
\T1/cmtt/m/n/10 (D2) H
 []


Overfull \hbox (56.49234pt too wide) in paragraph at lines 2124--2124
[] \T1/cmtt/m/n/10 *    [] 
 []


Underfull \hbox (badness 10000) detected at line 2124
\T1/cmtt/m/n/10 (D3) H
 []


Overfull \hbox (51.24362pt too wide) in paragraph at lines 2124--2124
[]     [] 
 []


Underfull \hbox (badness 10000) detected at line 2135
\T1/cmtt/m/n/10 (P1) H
 []


Overfull \hbox (25.00003pt too wide) in paragraph at lines 2128--2135
[] 
 []


Underfull \hbox (badness 10000) detected at line 2135
\T1/cmtt/m/n/10 (D2) H
 []


Overfull \hbox (56.49234pt too wide) in paragraph at lines 2135--2135
[] \T1/cmtt/m/n/10 *    [] 
 []


Underfull \hbox (badness 10000) detected at line 2135
\T1/cmtt/m/n/10 (D3) H
 []


Overfull \hbox (51.24362pt too wide) in paragraph at lines 2135--2135
[]     [] 
 []


Overfull \hbox (262.13632pt too wide) in paragraph at lines 2135--2136
[] \T1/cmtt/m/n/10 Restrictions: (SAME-MODULO-EQUALITY $ [] \OML/cmm/m/it/10 P[
]$ $ [] R[]$ $ [] s[]$ $ [] t[]$\T1/cmtt/m/n/10 ) Transformation: (pp D2 ss) ==
> (P1 ss) (pp D3 ss P1 D2)  
 []


Underfull \hbox (badness 10000) detected at line 2149
\T1/cmtt/m/n/10 (P1) H
 []


Overfull \hbox (25.00003pt too wide) in paragraph at lines 2145--2149
[] 
 []


Underfull \hbox (badness 10000) detected at line 2149
\T1/cmtt/m/n/10 (P2) H
 []


Overfull \hbox (56.49234pt too wide) in paragraph at lines 2149--2149
[] \T1/cmtt/m/n/10 *    [] 
 []


Underfull \hbox (badness 10000) detected at line 2158
\T1/cmtt/m/n/10 (D1) H
 []


Overfull \hbox (51.24362pt too wide) in paragraph at lines 2153--2158
\T1/cmtt/m/n/10 *    [] 
 []


Underfull \hbox (badness 10000) detected at line 2158
\T1/cmtt/m/n/10 (P2) H
 []


Overfull \hbox (51.24362pt too wide) in paragraph at lines 2158--2158
[]     [] 
 []


Underfull \hbox (badness 10000) detected at line 2158
\T1/cmtt/m/n/10 (P3) H
 []


Overfull \hbox (56.49234pt too wide) in paragraph at lines 2158--2158
[] \T1/cmtt/m/n/10 *    [] 
 []


Underfull \hbox (badness 10000) detected at line 2167
\T1/cmtt/m/n/10 (H1) H,H1
 []


Overfull \hbox (25.00003pt too wide) in paragraph at lines 2162--2167
[] 
 []


Underfull \hbox (badness 10000) detected at line 2167
\T1/cmtt/m/n/10 (P2) H,H1
 []


Overfull \hbox (51.24362pt too wide) in paragraph at lines 2167--2167
[]     [] 
 []

[52]
Underfull \hbox (badness 10000) detected at line 2167
\T1/cmtt/m/n/10 (P3) H
 []


Overfull \hbox (56.49234pt too wide) in paragraph at lines 2167--2167
[] \T1/cmtt/m/n/10 *    [] 
 []


Underfull \hbox (badness 10000) detected at line 2176
\T1/cmtt/m/n/10 (D1) H
 []


Overfull \hbox (51.24362pt too wide) in paragraph at lines 2171--2176
\T1/cmtt/m/n/10 *    [] 
 []


Underfull \hbox (badness 10000) detected at line 2176
\T1/cmtt/m/n/10 (D2) H
 []


Overfull \hbox (51.24362pt too wide) in paragraph at lines 2176--2176
[]     [] 
 []


Overfull \hbox (145.00366pt too wide) in paragraph at lines 2176--2177
[] \T1/cmtt/m/n/10 Restrictions: (NON-ATOMIC-OR-TRUTHVALUE $ [] \OML/cmm/m/it/1
0 A[]$\T1/cmtt/m/n/10 ) Transformation: (pp D1 ss) ==> (pp D2 ss)  
 []


Underfull \hbox (badness 10000) detected at line 2185
\T1/cmtt/m/n/10 (P1) H
 []


Overfull \hbox (25.00003pt too wide) in paragraph at lines 2180--2185
[] 
 []


Underfull \hbox (badness 10000) detected at line 2185
\T1/cmtt/m/n/10 (P2) H
 []


Overfull \hbox (56.49234pt too wide) in paragraph at lines 2185--2185
[] \T1/cmtt/m/n/10 *    [] 
 []


Overfull \hbox (40.0293pt too wide) in paragraph at lines 2185--2186
[] \T1/cmtt/m/n/10 Restrictions: (NON-ATOMIC $ [] \OML/cmm/m/it/10 A[]$\T1/cmtt
/m/n/10 ) Transformation: (P2 ss) ==> (P1 ss)  
 []


Underfull \hbox (badness 10000) detected at line 2194
\T1/cmtt/m/n/10 (P1) H
 []


Overfull \hbox (25.00003pt too wide) in paragraph at lines 2189--2194
[] 
 []


Underfull \hbox (badness 10000) detected at line 2194
\T1/cmtt/m/n/10 (P2) H
 []


Overfull \hbox (56.49234pt too wide) in paragraph at lines 2194--2194
[] \T1/cmtt/m/n/10 *    [] 
 []


Overfull \hbox (40.0293pt too wide) in paragraph at lines 2194--2195
[] \T1/cmtt/m/n/10 Restrictions: (NON-ATOMIC $ [] \OML/cmm/m/it/10 A[]$\T1/cmtt
/m/n/10 ) Transformation: (P2 ss) ==> (P1 ss)  
 []


Underfull \hbox (badness 10000) detected at line 2203
\T1/cmtt/m/n/10 (D1) H
 []


Overfull \hbox (51.24362pt too wide) in paragraph at lines 2198--2203
\T1/cmtt/m/n/10 *    [] 
 []


Underfull \hbox (badness 10000) detected at line 2203
\T1/cmtt/m/n/10 (D2) H
 []


Overfull \hbox (51.24362pt too wide) in paragraph at lines 2203--2203
[]     [] 
 []


Overfull \hbox (145.00366pt too wide) in paragraph at lines 2203--2204
[] \T1/cmtt/m/n/10 Restrictions: (NON-ATOMIC-OR-TRUTHVALUE $ [] \OML/cmm/m/it/1
0 A[]$\T1/cmtt/m/n/10 ) Transformation: (pp D1 ss) ==> (pp D2 ss)  
 []


Underfull \hbox (badness 10000) detected at line 2218
\T1/cmtt/m/n/10 (D1) H
 []


Overfull \hbox (51.24362pt too wide) in paragraph at lines 2213--2218
\T1/cmtt/m/n/10 *    [] 
 []


Underfull \hbox (badness 10000) detected at line 2218
\T1/cmtt/m/n/10 (D2) H
 []


Overfull \hbox (51.24362pt too wide) in paragraph at lines 2218--2218
[]     [] 
 []


Overfull \hbox (85.22054pt too wide) in paragraph at lines 2218--2219
[] \T1/cmtt/m/n/10 Restrictions: (WFFEQ-AB $ [] \OML/cmm/m/it/10 A[]$ $ [] B[]$
\T1/cmtt/m/n/10 ) Transformation: (pp D1 ss) ==> (pp D2 ss)  
 []


Underfull \hbox (badness 10000) detected at line 2228
\T1/cmtt/m/n/10 (D1) H
 []


Overfull \hbox (51.24362pt too wide) in paragraph at lines 2222--2228
\T1/cmtt/m/n/10 *    [] 
 []


Underfull \hbox (badness 10000) detected at line 2228
\T1/cmtt/m/n/10 (D2) H
 []


Overfull \hbox (51.24362pt too wide) in paragraph at lines 2228--2228
[]     [] 
 []


Overfull \hbox (421.03474pt too wide) in paragraph at lines 2228--2229
[] \T1/cmtt/m/n/10 Restrictions: (FREE-FOR $ [] \OML/cmm/m/it/10 y[]$ $ [] x[]$
 $ [] A[]$\T1/cmtt/m/n/10 ) (IS-VARIABLE $ [] \OML/cmm/m/it/10 y[]$\T1/cmtt/m/n
/10 ) (IS-VARIABLE $ [] \OML/cmm/m/it/10 x[]$\T1/cmtt/m/n/10 ) (NOT-FREE-IN $ [
] \OML/cmm/m/it/10 y[]$ $ [] A[]$\T1/cmtt/m/n/10 ) Transformation: (pp D1 ss) =
=> (pp D2 ss)  
 []


Underfull \hbox (badness 10000) detected at line 2238
\T1/cmtt/m/n/10 (P1) H
 []


Overfull \hbox (25.00003pt too wide) in paragraph at lines 2232--2238
[] 
 []

[53]
Underfull \hbox (badness 10000) detected at line 2238
\T1/cmtt/m/n/10 (P2) H
 []


Overfull \hbox (56.49234pt too wide) in paragraph at lines 2238--2238
[] \T1/cmtt/m/n/10 *    [] 
 []


Overfull \hbox (389.54243pt too wide) in paragraph at lines 2238--2239
[] \T1/cmtt/m/n/10 Restrictions: (FREE-FOR $ [] \OML/cmm/m/it/10 y[]$ $ [] x[]$
 $ [] A[]$\T1/cmtt/m/n/10 ) (IS-VARIABLE $ [] \OML/cmm/m/it/10 y[]$\T1/cmtt/m/n
/10 ) (IS-VARIABLE $ [] \OML/cmm/m/it/10 x[]$\T1/cmtt/m/n/10 ) (NOT-FREE-IN $ [
] \OML/cmm/m/it/10 y[]$ $ [] A[]$\T1/cmtt/m/n/10 ) Transformation: (P2 ss) ==> 
(P1 ss)  
 []


Underfull \hbox (badness 10000) detected at line 2247
\T1/cmtt/m/n/10 (P1) H
 []


Overfull \hbox (25.00003pt too wide) in paragraph at lines 2242--2247
[] 
 []


Underfull \hbox (badness 10000) detected at line 2247
\T1/cmtt/m/n/10 (P2) H
 []


Overfull \hbox (56.49234pt too wide) in paragraph at lines 2247--2247
[] \T1/cmtt/m/n/10 *    [] 
 []


Overfull \hbox (44.74481pt too wide) in paragraph at lines 2247--2248
[] \T1/cmtt/m/n/10 Restrictions: (IS-VARIABLE $ [] \OML/cmm/m/it/10 x[]$\T1/cmt
t/m/n/10 ) Transformation: (P2 ss) ==> (P1 ss)  
 []


Underfull \hbox (badness 10000) detected at line 2258
\T1/cmtt/m/n/10 (D1) H
 []


Overfull \hbox (51.24362pt too wide) in paragraph at lines 2251--2258
\T1/cmtt/m/n/10 *    [] 
 []


Underfull \hbox (badness 10000) detected at line 2258
\T1/cmtt/m/n/10 (H2) H,H2
 []


Overfull \hbox (51.24362pt too wide) in paragraph at lines 2258--2258
[]     [] 
 []


Underfull \hbox (badness 10000) detected at line 2258
\T1/cmtt/m/n/10 (D3) H,H2
 []


Overfull \hbox (51.24362pt too wide) in paragraph at lines 2258--2258
[]     [] 
 []


Underfull \hbox (badness 10000) detected at line 2258
\T1/cmtt/m/n/10 (P4) H
 []


Overfull \hbox (56.49234pt too wide) in paragraph at lines 2258--2258
[] \T1/cmtt/m/n/10 *    [] 
 []


Overfull \hbox (483.90569pt too wide) in paragraph at lines 2258--2259
[] \T1/cmtt/m/n/10 Restrictions: (IS-VARIABLE $ [] \OML/cmm/m/it/10 y[]$\T1/cmt
t/m/n/10 ) (NOT-FREE-IN-HYPS $ [] \OML/cmm/m/it/10 y[]$\T1/cmtt/m/n/10 ) (NOT-F
REE-IN $ [] \OML/cmm/m/it/10 y[]$ $ []\OT1/cmr/m/n/10 [ []$ $\OMS/cmsy/m/n/10 9
 \OML/cmm/m/it/10 x[] [] B[] []\OT1/cmr/m/n/10 ]$\T1/cmtt/m/n/10 ) (NOT-FREE-IN
 $ [] \OML/cmm/m/it/10 y[]$ $ [] A[]$\T1/cmtt/m/n/10 ) Transformation: (P4 D1 s
s) ==> (D3 H2 ss)  
 []


Underfull \hbox (badness 10000) detected at line 2270
\T1/cmtt/m/n/10 (D1) H
 []


Overfull \hbox (51.24362pt too wide) in paragraph at lines 2262--2270
\T1/cmtt/m/n/10 *    [] 
 []


Underfull \hbox (badness 10000) detected at line 2270
\T1/cmtt/m/n/10 (H2) H,H2
 []


Overfull \hbox (51.24362pt too wide) in paragraph at lines 2270--2270
[]     [] 
 []


Underfull \hbox (badness 10000) detected at line 2270
\T1/cmtt/m/n/10 (D3) H,H2
 []


Overfull \hbox (51.24362pt too wide) in paragraph at lines 2270--2270
[]     [] 
 []


Underfull \hbox (badness 10000) detected at line 2270
\T1/cmtt/m/n/10 (P4) H
 []


Overfull \hbox (56.49234pt too wide) in paragraph at lines 2270--2270
[] \T1/cmtt/m/n/10 *    [] 
 []


Overfull \hbox (320.71231pt too wide) in paragraph at lines 2270--2271
[] \T1/cmtt/m/n/10 Restrictions: (NOT-FREE-IN-HYPS $ [] \OML/cmm/m/it/10 x[]$\T
1/cmtt/m/n/10 ) (IS-VARIABLE $ [] \OML/cmm/m/it/10 x[]$\T1/cmtt/m/n/10 ) (NOT-F
REE-IN $ [] \OML/cmm/m/it/10 x[]$ $ [] A[]$\T1/cmtt/m/n/10 ) Transformation: (P
4 D1 ss) ==> (D3 H2 ss)  
 []


Underfull \hbox (badness 10000) detected at line 2279
\T1/cmtt/m/n/10 (P1) H
 []


Overfull \hbox (25.00003pt too wide) in paragraph at lines 2274--2279
[] 
 []


Underfull \hbox (badness 10000) detected at line 2279
\T1/cmtt/m/n/10 (P2) H
 []


Overfull \hbox (56.49234pt too wide) in paragraph at lines 2279--2279
[] \T1/cmtt/m/n/10 *    [] 
 []


Overfull \hbox (168.04855pt too wide) in paragraph at lines 2279--2280
[] \T1/cmtt/m/n/10 Restrictions: (IS-VARIABLE $ [] \OML/cmm/m/it/10 x[]$\T1/cmt
t/m/n/10 ) (NOT-FREE-IN-HYPS $ [] \OML/cmm/m/it/10 x[]$\T1/cmtt/m/n/10 ) Transf
ormation: (P2 ss) ==> (P1 ss)  
 []


Underfull \hbox (badness 10000) detected at line 2288
\T1/cmtt/m/n/10 (D1) H
 []


Overfull \hbox (51.24362pt too wide) in paragraph at lines 2283--2288
\T1/cmtt/m/n/10 *    [] 
 []


Underfull \hbox (badness 10000) detected at line 2288
\T1/cmtt/m/n/10 (D2) H
 []


Overfull \hbox (51.24362pt too wide) in paragraph at lines 2288--2288
[]     [] 
 []


Overfull \hbox (91.98328pt too wide) in paragraph at lines 2288--2289
[] \T1/cmtt/m/n/10 Restrictions: (IS-VARIABLE $ [] \OML/cmm/m/it/10 x[]$\T1/cmt
t/m/n/10 ) Transformation: (pp D1 ss) ==> (pp D2 D1 ss)  
 []


Underfull \hbox (badness 10000) detected at line 2303
\T1/cmtt/m/n/10 (D1) H
 []


Overfull \hbox (51.24362pt too wide) in paragraph at lines 2298--2303
\T1/cmtt/m/n/10 *    [] 
 []


Underfull \hbox (badness 10000) detected at line 2303
\T1/cmtt/m/n/10 (D2) H
 []


Overfull \hbox (51.24362pt too wide) in paragraph at lines 2303--2303
[]     [] 
 []

[54]
Overfull \hbox (342.18625pt too wide) in paragraph at lines 2303--2304
[] \T1/cmtt/m/n/10 Restrictions: (NOT-FREE-IN-HYPS $ [] \OML/cmm/m/it/10 x[]$\T
1/cmtt/m/n/10 ) (IS-VARIABLE $ [] \OML/cmm/m/it/10 x[]$\T1/cmtt/m/n/10 ) (FREE-
FOR $ [] \OML/cmm/m/it/10 t[]$ $ [] x[]$ $ [] A[]$\T1/cmtt/m/n/10 ) Transformat
ion: (pp D1 ss) ==> (pp D2 ss D1)  
 []


Underfull \hbox (badness 10000) detected at line 2321
\T1/cmtt/m/n/10 (D1) H
 []


Overfull \hbox (51.24362pt too wide) in paragraph at lines 2313--2321
\T1/cmtt/m/n/10 *    [] 
 []


Underfull \hbox (badness 10000) detected at line 2321
\T1/cmtt/m/n/10 (D2) H
 []


Overfull \hbox (51.24362pt too wide) in paragraph at lines 2321--2321
[]     [] 
 []


Overfull \hbox (100.96669pt too wide) in paragraph at lines 2321--2322
[] \T1/cmtt/m/n/10 Restrictions: (WFFEQ-DEFEQ $ [] \OML/cmm/m/it/10 A[]$ $ [] B
[]$\T1/cmtt/m/n/10 ) Transformation: (pp D1 ss) ==> (pp D2 ss)  
 []


Underfull \hbox (badness 10000) detected at line 2330
\T1/cmtt/m/n/10 (P1) H
 []


Overfull \hbox (25.00003pt too wide) in paragraph at lines 2325--2330
[] 
 []


Underfull \hbox (badness 10000) detected at line 2330
\T1/cmtt/m/n/10 (P2) H
 []


Overfull \hbox (56.49234pt too wide) in paragraph at lines 2330--2330
[] \T1/cmtt/m/n/10 *    [] 
 []


Underfull \hbox (badness 10000) detected at line 2339
\T1/cmtt/m/n/10 (P1) H
 []


Overfull \hbox (25.00003pt too wide) in paragraph at lines 2334--2339
[] 
 []


Underfull \hbox (badness 10000) detected at line 2339
\T1/cmtt/m/n/10 (P2) H
 []


Overfull \hbox (56.49234pt too wide) in paragraph at lines 2339--2339
[] \T1/cmtt/m/n/10 *    [] 
 []


Underfull \hbox (badness 10000) detected at line 2347
\T1/cmtt/m/n/10 (D1) H
 []


Overfull \hbox (51.24362pt too wide) in paragraph at lines 2343--2347
\T1/cmtt/m/n/10 *    [] 
 []


Underfull \hbox (badness 10000) detected at line 2347
\T1/cmtt/m/n/10 (D2) H
 []


Overfull \hbox (51.24362pt too wide) in paragraph at lines 2347--2348
[]     []
 []


Underfull \hbox (badness 10000) detected at line 2355
\T1/cmtt/m/n/10 (D1) H
 []


Overfull \hbox (51.24362pt too wide) in paragraph at lines 2351--2355
\T1/cmtt/m/n/10 *    [] 
 []


Underfull \hbox (badness 10000) detected at line 2355
\T1/cmtt/m/n/10 (D2) H
 []


Overfull \hbox (51.24362pt too wide) in paragraph at lines 2355--2356
[]     []
 []


Underfull \hbox (badness 10000) detected at line 2364
\T1/cmtt/m/n/10 (P1) H
 []


Overfull \hbox (25.00003pt too wide) in paragraph at lines 2359--2364
[] 
 []

[55]
Underfull \hbox (badness 10000) detected at line 2364
\T1/cmtt/m/n/10 (P2) H
 []


Overfull \hbox (56.49234pt too wide) in paragraph at lines 2364--2364
[] \T1/cmtt/m/n/10 *    [] 
 []


Overfull \hbox (293.13069pt too wide) in paragraph at lines 2364--2365
[] \T1/cmtt/m/n/10 Restrictions: (IS-VARIABLE $ [] \OML/cmm/m/it/10 x[]$\T1/cmt
t/m/n/10 ) (NOT-FREE-IN $ [] \OML/cmm/m/it/10 x[]$ $ [] f[]$\T1/cmtt/m/n/10 ) (
NOT-FREE-IN $ [] \OML/cmm/m/it/10 x[]$ $ [] g[]$\T1/cmtt/m/n/10 ) Transformatio
n: (P2 ss) ==> (P1 ss)  
 []


Underfull \hbox (badness 10000) detected at line 2372
\T1/cmtt/m/n/10 (P1) H
 []


Overfull \hbox (25.00003pt too wide) in paragraph at lines 2368--2372
[] 
 []


Underfull \hbox (badness 10000) detected at line 2372
\T1/cmtt/m/n/10 (P2) H
 []


Overfull \hbox (56.49234pt too wide) in paragraph at lines 2372--2372
[] \T1/cmtt/m/n/10 *    [] 
 []


Underfull \hbox (badness 10000) detected at line 2384
\T1/cmtt/m/n/10 (D1) H
 []


Overfull \hbox (25.00003pt too wide) in paragraph at lines 2376--2384
[] 
 []


Underfull \hbox (badness 10000) detected at line 2384
\T1/cmtt/m/n/10 (D2) H
 []


Overfull \hbox (51.24362pt too wide) in paragraph at lines 2384--2384
[]     [] 
 []


Underfull \hbox (badness 10000) detected at line 2384
\T1/cmtt/m/n/10 (H3) H,H3
 []


Overfull \hbox (51.24362pt too wide) in paragraph at lines 2384--2384
[]     [] 
 []


Underfull \hbox (badness 10000) detected at line 2384
\T1/cmtt/m/n/10 (P4) H,H3
 []


Overfull \hbox (51.24362pt too wide) in paragraph at lines 2384--2384
[]     [] 
 []


Underfull \hbox (badness 10000) detected at line 2384
\T1/cmtt/m/n/10 (P5) H
 []


Overfull \hbox (56.49234pt too wide) in paragraph at lines 2384--2384
[] \T1/cmtt/m/n/10 *    [] 
 []


Overfull \hbox (336.10567pt too wide) in paragraph at lines 2384--2385
[] \T1/cmtt/m/n/10 Restrictions: (NOT-FREE-IN-HYPS $ [] \OML/cmm/m/it/10 x[]$\T
1/cmtt/m/n/10 ) (IS-VARIABLE $ [] \OML/cmm/m/it/10 x[]$\T1/cmtt/m/n/10 ) (NOT-F
REE-IN $ [] \OML/cmm/m/it/10 x[]$ $ [] C[]$\T1/cmtt/m/n/10 ) Transformation: (P
5 ss) ==> (P4 ss D1 D2 H3)  
 []


Underfull \hbox (badness 10000) detected at line 2395
\T1/cmtt/m/n/10 (P1) H
 []


Overfull \hbox (25.00003pt too wide) in paragraph at lines 2388--2395
[] 
 []


Underfull \hbox (badness 10000) detected at line 2395
\T1/cmtt/m/n/10 (D2) H
 []


Overfull \hbox (56.49234pt too wide) in paragraph at lines 2395--2395
[] \T1/cmtt/m/n/10 *    [] 
 []


Underfull \hbox (badness 10000) detected at line 2395
\T1/cmtt/m/n/10 (D3) H
 []


Overfull \hbox (51.24362pt too wide) in paragraph at lines 2395--2395
[]     [] 
 []


Overfull \hbox (264.6394pt too wide) in paragraph at lines 2395--2396
[] \T1/cmtt/m/n/10 Restrictions: (SAME-MODULO-EQUALITY $ [] \OML/cmm/m/it/10 P[
]$ $ [] R[]$ $ [] s[]$ $ [] t[]$\T1/cmtt/m/n/10 ) Transformation: (pp D2 ss) ==
> (P1 ss) (pp D3 ss P1 D2)  
 []


Underfull \hbox (badness 10000) detected at line 2406
\T1/cmtt/m/n/10 (P1) H
 []


Overfull \hbox (25.00003pt too wide) in paragraph at lines 2399--2406
[] 
 []


Underfull \hbox (badness 10000) detected at line 2406
\T1/cmtt/m/n/10 (D2) H
 []


Overfull \hbox (56.49234pt too wide) in paragraph at lines 2406--2406
[] \T1/cmtt/m/n/10 *    [] 
 []


Underfull \hbox (badness 10000) detected at line 2406
\T1/cmtt/m/n/10 (D3) H
 []


Overfull \hbox (51.24362pt too wide) in paragraph at lines 2406--2406
[]     [] 
 []


Overfull \hbox (227.89838pt too wide) in paragraph at lines 2406--2407
[] \T1/cmtt/m/n/10 Restrictions: (R-PRIME-RESTR $ [] \OML/cmm/m/it/10 s[]$ $ []
 P[]$ $ [] t[]$ $ [] R[]$\T1/cmtt/m/n/10 ) Transformation: (pp D2 ss) ==> (P1 s
s) (pp D3 ss P1 D2)  
 []


Underfull \hbox (badness 10000) detected at line 2417
\T1/cmtt/m/n/10 (P1) H
 []


Overfull \hbox (25.00003pt too wide) in paragraph at lines 2410--2417
[] 
 []


Underfull \hbox (badness 10000) detected at line 2417
\T1/cmtt/m/n/10 (D2) H
 []


Overfull \hbox (56.49234pt too wide) in paragraph at lines 2417--2417
[] \T1/cmtt/m/n/10 *    [] 
 []


Underfull \hbox (badness 10000) detected at line 2417
\T1/cmtt/m/n/10 (D3) H
 []


Overfull \hbox (51.24362pt too wide) in paragraph at lines 2417--2417
[]     [] 
 []


Overfull \hbox (227.89838pt too wide) in paragraph at lines 2417--2418
[] \T1/cmtt/m/n/10 Restrictions: (R-PRIME-RESTR $ [] \OML/cmm/m/it/10 s[]$ $ []
 P[]$ $ [] t[]$ $ [] R[]$\T1/cmtt/m/n/10 ) Transformation: (pp D2 ss) ==> (P1 s
s) (pp D3 ss P1 D2)  
 []


Underfull \hbox (badness 10000) detected at line 2425
\T1/cmtt/m/n/10 (P1) H
 []


Overfull \hbox (25.00003pt too wide) in paragraph at lines 2421--2425
[] 
 []


Underfull \hbox (badness 10000) detected at line 2425
\T1/cmtt/m/n/10 (P2) H
 []


Overfull \hbox (56.49234pt too wide) in paragraph at lines 2425--2425
[] \T1/cmtt/m/n/10 *    [] 
 []

[56]
Underfull \hbox (badness 10000) detected at line 2440
\T1/cmtt/m/n/10 (D1) H
 []


Overfull \hbox (51.24362pt too wide) in paragraph at lines 2435--2440
\T1/cmtt/m/n/10 *    [] 
 []


Underfull \hbox (badness 10000) detected at line 2440
\T1/cmtt/m/n/10 (D2) H
 []


Overfull \hbox (51.24362pt too wide) in paragraph at lines 2440--2440
[]     [] 
 []


Overfull \hbox (87.26776pt too wide) in paragraph at lines 2440--2441
[] \T1/cmtt/m/n/10 Restrictions: (CONTAINS-DEFN $ [] \OML/cmm/m/it/10 A[]$\T1/c
mtt/m/n/10 ) Transformation: (pp D1 ss) ==> (pp D2 ss)  
 []


Underfull \hbox (badness 10000) detected at line 2449
\T1/cmtt/m/n/10 (D1) H
 []


Overfull \hbox (51.24362pt too wide) in paragraph at lines 2444--2449
\T1/cmtt/m/n/10 *    [] 
 []


Underfull \hbox (badness 10000) detected at line 2449
\T1/cmtt/m/n/10 (D2) H
 []


Overfull \hbox (51.24362pt too wide) in paragraph at lines 2449--2449
[]     [] 
 []


Overfull \hbox (89.39719pt too wide) in paragraph at lines 2449--2450
[] \T1/cmtt/m/n/10 Restrictions: (WFFEQ-DEF $ [] \OML/cmm/m/it/10 P[]$ $ [] R[]
$\T1/cmtt/m/n/10 ) Transformation: (pp D1 ss) ==> (pp D2 ss)  
 []


Underfull \hbox (badness 10000) detected at line 2458
\T1/cmtt/m/n/10 (P1) H
 []


Overfull \hbox (25.00003pt too wide) in paragraph at lines 2453--2458
[] 
 []


Underfull \hbox (badness 10000) detected at line 2458
\T1/cmtt/m/n/10 (P2) H
 []


Overfull \hbox (56.49234pt too wide) in paragraph at lines 2458--2458
[] \T1/cmtt/m/n/10 *    [] 
 []


Overfull \hbox (55.77545pt too wide) in paragraph at lines 2458--2459
[] \T1/cmtt/m/n/10 Restrictions: (CONTAINS-DEFN $ [] \OML/cmm/m/it/10 A[]$\T1/c
mtt/m/n/10 ) Transformation: (P2 ss) ==> (P1 ss)  
 []


Underfull \hbox (badness 10000) detected at line 2474
\T1/cmtt/m/n/10 (D1) H
 []


Overfull \hbox (51.24362pt too wide) in paragraph at lines 2468--2474
\T1/cmtt/m/n/10 *    [] 
 []


Underfull \hbox (badness 10000) detected at line 2474
\T1/cmtt/m/n/10 (D2) H
 []


Overfull \hbox (51.24362pt too wide) in paragraph at lines 2474--2474
[]     [] 
 []


Overfull \hbox (111.46413pt too wide) in paragraph at lines 2474--2475
[] \T1/cmtt/m/n/10 Restrictions: (WFFEQ-AB-BETA $ [] \OML/cmm/m/it/10 A[]$ $ []
 B[]$\T1/cmtt/m/n/10 ) Transformation: (pp D1 ss) ==> (pp D2 ss)  
 []


Underfull \hbox (badness 10000) detected at line 2484
\T1/cmtt/m/n/10 (D1) H
 []


Overfull \hbox (51.24362pt too wide) in paragraph at lines 2478--2484
\T1/cmtt/m/n/10 *    [] 
 []


Underfull \hbox (badness 10000) detected at line 2484
\T1/cmtt/m/n/10 (D2) H
 []


Overfull \hbox (51.24362pt too wide) in paragraph at lines 2484--2484
[]     [] 
 []


Overfull \hbox (106.21541pt too wide) in paragraph at lines 2484--2485
[] \T1/cmtt/m/n/10 Restrictions: (WFFEQ-AB-ETA $ [] \OML/cmm/m/it/10 A[]$ $ [] 
B[]$\T1/cmtt/m/n/10 ) Transformation: (pp D1 ss) ==> (pp D2 ss)  
 []


Underfull \hbox (badness 10000) detected at line 2494
\T1/cmtt/m/n/10 (D1) H
 []


Overfull \hbox (51.24362pt too wide) in paragraph at lines 2488--2494
\T1/cmtt/m/n/10 *    [] 
 []

[57]
Underfull \hbox (badness 10000) detected at line 2494
\T1/cmtt/m/n/10 (D2) H
 []


Overfull \hbox (51.24362pt too wide) in paragraph at lines 2494--2494
[]     [] 
 []


Overfull \hbox (121.96156pt too wide) in paragraph at lines 2494--2495
[] \T1/cmtt/m/n/10 Restrictions: (WFFEQ-AB-LAMBDA $ [] \OML/cmm/m/it/10 A[]$ $ 
[] B[]$\T1/cmtt/m/n/10 ) Transformation: (pp D1 ss) ==> (pp D2 ss)  
 []


Underfull \hbox (badness 10000) detected at line 2503
\T1/cmtt/m/n/10 (D1) H
 []


Overfull \hbox (51.24362pt too wide) in paragraph at lines 2498--2503
\T1/cmtt/m/n/10 *    [] 
 []


Underfull \hbox (badness 10000) detected at line 2503
\T1/cmtt/m/n/10 (D2) H
 []


Overfull \hbox (51.24362pt too wide) in paragraph at lines 2503--2503
[]     [] 
 []


Underfull \hbox (badness 10000) detected at line 2511
\T1/cmtt/m/n/10 (D1) H
 []


Overfull \hbox (51.24362pt too wide) in paragraph at lines 2507--2511
\T1/cmtt/m/n/10 *    [] 
 []


Underfull \hbox (badness 10000) detected at line 2511
\T1/cmtt/m/n/10 (D2) H
 []


Overfull \hbox (51.24362pt too wide) in paragraph at lines 2511--2511
[]     [] 
 []


Underfull \hbox (badness 10000) detected at line 2519
\T1/cmtt/m/n/10 (D1) H
 []


Overfull \hbox (51.24362pt too wide) in paragraph at lines 2515--2519
\T1/cmtt/m/n/10 *    [] 
 []


Underfull \hbox (badness 10000) detected at line 2519
\T1/cmtt/m/n/10 (D2) H
 []


Overfull \hbox (51.24362pt too wide) in paragraph at lines 2519--2519
[]     [] 
 []


Underfull \hbox (badness 10000) detected at line 2528
\T1/cmtt/m/n/10 (P1) H
 []


Overfull \hbox (25.00003pt too wide) in paragraph at lines 2523--2528
[] 
 []


Underfull \hbox (badness 10000) detected at line 2528
\T1/cmtt/m/n/10 (P2) H
 []


Overfull \hbox (56.49234pt too wide) in paragraph at lines 2528--2528
[] \T1/cmtt/m/n/10 *    [] 
 []


Underfull \hbox (badness 10000) detected at line 2536
\T1/cmtt/m/n/10 (P1) H
 []


Overfull \hbox (25.00003pt too wide) in paragraph at lines 2532--2536
[] 
 []


Underfull \hbox (badness 10000) detected at line 2536
\T1/cmtt/m/n/10 (P2) H
 []


Overfull \hbox (56.49234pt too wide) in paragraph at lines 2536--2536
[] \T1/cmtt/m/n/10 *    [] 
 []


Underfull \hbox (badness 10000) detected at line 2544
\T1/cmtt/m/n/10 (P1) H
 []


Overfull \hbox (25.00003pt too wide) in paragraph at lines 2540--2544
[] 
 []


Underfull \hbox (badness 10000) detected at line 2544
\T1/cmtt/m/n/10 (P2) H
 []


Overfull \hbox (56.49234pt too wide) in paragraph at lines 2544--2544
[] \T1/cmtt/m/n/10 *    [] 
 []


Underfull \hbox (badness 10000) detected at line 2559
\T1/cmtt/m/n/10 (D1) H
 []


Overfull \hbox (51.24362pt too wide) in paragraph at lines 2554--2559
\T1/cmtt/m/n/10 *    [] 
 []

[58]
Underfull \hbox (badness 10000) detected at line 2559
\T1/cmtt/m/n/10 (D2) H
 []


Overfull \hbox (51.24362pt too wide) in paragraph at lines 2559--2559
[]     [] 
 []


Underfull \hbox (badness 10000) detected at line 2568
\T1/cmtt/m/n/10 (D1) H
 []


Overfull \hbox (51.24362pt too wide) in paragraph at lines 2563--2568
\T1/cmtt/m/n/10 *    [] 
 []


Underfull \hbox (badness 10000) detected at line 2568
\T1/cmtt/m/n/10 (D2) H
 []


Overfull \hbox (51.24362pt too wide) in paragraph at lines 2568--2568
[]     [] 
 []


Underfull \hbox (badness 10000) detected at line 2577
\T1/cmtt/m/n/10 (P1) H
 []


Overfull \hbox (25.00003pt too wide) in paragraph at lines 2572--2577
[] 
 []


Underfull \hbox (badness 10000) detected at line 2577
\T1/cmtt/m/n/10 (P2) H
 []


Overfull \hbox (56.49234pt too wide) in paragraph at lines 2577--2577
[] \T1/cmtt/m/n/10 *    [] 
 []


Underfull \hbox (badness 10000) detected at line 2586
\T1/cmtt/m/n/10 (P1) H
 []


Overfull \hbox (25.00003pt too wide) in paragraph at lines 2581--2586
[] 
 []


Underfull \hbox (badness 10000) detected at line 2586
\T1/cmtt/m/n/10 (P2) H
 []


Overfull \hbox (56.49234pt too wide) in paragraph at lines 2586--2586
[] \T1/cmtt/m/n/10 *    [] 
 []


Underfull \hbox (badness 10000) detected at line 2595
\T1/cmtt/m/n/10 (D1) H
 []


Overfull \hbox (51.24362pt too wide) in paragraph at lines 2590--2595
\T1/cmtt/m/n/10 *    [] 
 []


Underfull \hbox (badness 10000) detected at line 2595
\T1/cmtt/m/n/10 (D2) H
 []


Overfull \hbox (51.24362pt too wide) in paragraph at lines 2595--2595
[]     [] 
 []


Underfull \hbox (badness 10000) detected at line 2604
\T1/cmtt/m/n/10 (D1) H
 []


Overfull \hbox (51.24362pt too wide) in paragraph at lines 2599--2604
\T1/cmtt/m/n/10 *    [] 
 []


Underfull \hbox (badness 10000) detected at line 2604
\T1/cmtt/m/n/10 (D2) H
 []


Overfull \hbox (51.24362pt too wide) in paragraph at lines 2604--2604
[]     [] 
 []


Underfull \hbox (badness 10000) detected at line 2612
\T1/cmtt/m/n/10 (P1) H
 []


Overfull \hbox (25.00003pt too wide) in paragraph at lines 2608--2612
[] 
 []


Underfull \hbox (badness 10000) detected at line 2612
\T1/cmtt/m/n/10 (P2) H
 []


Overfull \hbox (56.49234pt too wide) in paragraph at lines 2612--2612
[] \T1/cmtt/m/n/10 *    [] 
 []


Underfull \hbox (badness 10000) detected at line 2621
\T1/cmtt/m/n/10 (P1) H
 []


Overfull \hbox (25.00003pt too wide) in paragraph at lines 2616--2621
[] 
 []


Underfull \hbox (badness 10000) detected at line 2621
\T1/cmtt/m/n/10 (P2) H
 []


Overfull \hbox (56.49234pt too wide) in paragraph at lines 2621--2621
[] \T1/cmtt/m/n/10 *    [] 
 []


Underfull \hbox (badness 10000) detected at line 2631
\T1/cmtt/m/n/10 (P1) H
 []


Overfull \hbox (25.00003pt too wide) in paragraph at lines 2625--2631
[] 
 []

[59]
Underfull \hbox (badness 10000) detected at line 2631
\T1/cmtt/m/n/10 (P2) H
 []


Overfull \hbox (56.49234pt too wide) in paragraph at lines 2631--2631
[] \T1/cmtt/m/n/10 *    [] 
 []


Overfull \hbox (121.96156pt too wide) in paragraph at lines 2631--2632
[] \T1/cmtt/m/n/10 Restrictions: (INSTANCE-OF-REWRITING $ [] \OML/cmm/m/it/10 A
[]$ $ [] B[]$\T1/cmtt/m/n/10 ) Transformation: (P2 ss) ==> (P1 ss)  
 []

[60]
Chapter 4.
[61

] [62] [63] [64]
Chapter 5.

Overfull \hbox (40.80069pt too wide) in paragraph at lines 2990--3002
\T1/cmr/m/n/10 RULEP-TAC RULEP-TAC) (MAKE-ROOM :USE NAT-DED) DUPLICATE-
 []

[65

] [66]
Overfull \hbox (29.83115pt too wide) in paragraph at lines 3134--3141
\T1/cmr/m/n/10 FALSE-TAC INIT-TAC REFL+TAC LAMBDA-TAC NOT-TAC OR+TAC
 []


Overfull \hbox (46.6326pt too wide) in paragraph at lines 3134--3141
\T1/cmr/m/n/10 OR-TAC AND+TAC IMPLIES-TAC EQUIV+TAC EQUIV-TAC EXTO+TAC
 []


Overfull \hbox (24.55576pt too wide) in paragraph at lines 3134--3141
\T1/cmr/m/n/10 EQO-TAC ALL-TAC EX-ISTS+TAC EQFUNC-TAC EQUIV-WFFS+TAC
 []

[67]
Overfull \hbox (30.66757pt too wide) in paragraph at lines 3201--3208
\T1/cmr/m/n/10 EXISTS-PLINE-TAC INDIRECT-DISJ-PLINE-TAC EQUIV-EQ-CONTR-
 []


Overfull \hbox (27.61057pt too wide) in paragraph at lines 3233--3243
\T1/cmr/m/n/10 REWRITE-PLINE-TAC RULEC-TAC UGEN-TAC EGEN-TAC (THEN**
 []


Overfull \hbox (32.19388pt too wide) in paragraph at lines 3233--3243
\T1/cmr/m/n/10 UI-TAC UNSPONSOR-TAC) (THEN** UNNEC-EXP-TAC UNSPONSOR-
 []

[68]
Overfull \hbox (28.6756pt too wide) in paragraph at lines 3275--3277
[]\T1/cmr/m/n/10 (ORELSE TRUTH-TAC ABSURD-TAC MAKE-ROOM ICONJ*-
 []


Overfull \hbox (30.24991pt too wide) in paragraph at lines 3296--3300
\T1/cmr/m/n/10 PLAN-TAC EQUALITY-PLAN-TAC EQUIV-WFFS-PLAN-TAC RULEQ-
 []


Overfull \hbox (26.77853pt too wide) in paragraph at lines 3296--3300
\T1/cmr/m/n/10 PLAN-TAC LEXPD*-VARY-TAC IMPLICS-EQUIV-TAC ML::TRUTHP-
 []


Overfull \hbox (24.14029pt too wide) in paragraph at lines 3307--3310
\T1/cmr/m/n/10 RULEQ-SLINE-TAC LCONTR*-VARY-TAC EQUIV-DISJ-TAC EQUIV-
 []

[69]
Overfull \hbox (24.14029pt too wide) in paragraph at lines 3317--3321
\T1/cmr/m/n/10 EXP-SLINE-TAC EQUIV-DISJ-TAC EQUIV-IMPLICS-TAC LCONTR*-
 []


Overfull \hbox (23.44601pt too wide) in paragraph at lines 3364--3374
\T1/cmr/m/n/10 SUPPORT-TAC (THEN** ECONJ-TAC UNSPONSOR-TAC) DEDUCT-
 []

[70] [71] [72] [73] [74] [75]
Overfull \hbox (35.20178pt too wide) in paragraph at lines 3732--3736
[]\T1/cmr/m/n/10 (ORELSE SAME-TAC TRUTH-TAC ABSURD-TAC INDIRECT2-
 []


Overfull \hbox (28.7214pt too wide) in paragraph at lines 3732--3736
\T1/cmr/m/n/10 TAC IMPLICS-EQUIV-TAC PUSHNEG-TAC PULLNEG-TAC DEDUCT-
 []

[76] [77]
Overfull \hbox (20.41263pt too wide) in paragraph at lines 3903--3904
[]\T1/cmr/m/n/10 (ORELSE UGEN-TAC (THEN ABU-TAC UGEN-TAC) EGEN-
 []

[78] [79] [80] [81] [82]
Overfull \hbox (25.55246pt too wide) in paragraph at lines 4220--4226
[]\T1/cmr/m/n/10 (ORELSE (IFTHEN BETA-ETA-TOGETHER-TAC LCONTR*-
 []


Overfull \hbox (41.49716pt too wide) in paragraph at lines 4220--4226
\T1/cmr/m/n/10 BETA-ETA-SEPARATE-TAC (ORELSE LCONTR*-BETA-TAC LCONTR*-
 []


Overfull \hbox (39.64624pt too wide) in paragraph at lines 4228--4234
[]\T1/cmr/m/n/10 (ORELSE (IFTHEN BETA-ETA-TOGETHER-TAC LCONTR*-
 []


Overfull \hbox (41.49716pt too wide) in paragraph at lines 4228--4234
\T1/cmr/m/n/10 BETA-ETA-SEPARATE-TAC (ORELSE LCONTR*-BETA-TAC LCONTR*-
 []


Overfull \hbox (24.83456pt too wide) in paragraph at lines 4267--4272
\T1/cmr/m/n/10 BETA-ETA-SEPARATE-TAC (ORELSE LEXPD*-BETA-TAC LEXPD*-
 []


Overfull \hbox (31.31494pt too wide) in paragraph at lines 4274--4279
[]\T1/cmr/m/n/10 (ORELSE (IFTHEN BETA-ETA-TOGETHER-TAC LEXPD*-
 []


Overfull \hbox (24.83456pt too wide) in paragraph at lines 4274--4279
\T1/cmr/m/n/10 BETA-ETA-SEPARATE-TAC (ORELSE LEXPD*-BETA-TAC LEXPD*-
 []

[83] [84] [85]
Chapter 6.
[86

] [87]
Chapter 7.
[88

] [89] [90] [91] [92] [93] [94] [95]
Chapter 8.

Overfull \hbox (25.13184pt too wide) in paragraph at lines 4952--4956
\T1/cmr/m/n/10 Al-low-able prop-er-ties are: \T1/cmtt/m/n/10 EXTMATE-ARGTYPES\T
1/cmr/m/n/10 , \T1/cmtt/m/n/10 EXTMATE-ARGNAMES\T1/cmr/m/n/10 , \T1/cmtt/m/n/10
 EXTMATE-ARGHELP\T1/cmr/m/n/10 ,
 []

[96

]
Overfull \hbox (24.84528pt too wide) in paragraph at lines 5062--5066
\T1/cmr/m/n/10 FILENAME, VPD-STYLE, VPD-PTYPES, VPD-BRIEF and VPD-VPFPAGE
 []

[97] [98] [99]
Chapter 9.
[100

] [101] [102] [103]
Chapter 10.
[104

] [105] [106]
Chapter 11.
[107

] [108] [109] [110]
Chapter 12.
[111

]
Overfull \hbox (31.09375pt too wide) in paragraph at lines 5916--5918
[]\T1/cmr/m/n/10 SEE ALSO: ASSIGN-VAR, UNASSIGN-VAR, REMOVE-ALL-ASSIGNMENTS,
 []

[112]
Overfull \hbox (26.85867pt too wide) in paragraph at lines 5940--5941
[]\T1/cmr/m/n/10 SEE ALSO: PROB-A-BIL-ITY, IN-TER-PRET, MAX-BINDER-COMPUTATION,

 []


Overfull \hbox (61.91956pt too wide) in paragraph at lines 5948--5950
[]\T1/cmr/m/n/10 SEE ALSO: ASSIGN-VAR, SHOW-ASSIGNMENTS, REMOVE-ALL-ASSIGNMENTS
,
 []


Overfull \hbox (60.32272pt too wide) in paragraph at lines 5958--5959
[]\T1/cmr/m/n/10 SEE ALSO: COND-PROBABILITY, IN-TER-PRET, MAX-BINDER-COMPUTATIO
N,
 []


Overfull \hbox (56.36536pt too wide) in paragraph at lines 5963--5964
[]\T1/cmr/m/n/10 SEE ALSO: UNASSIGN-VAR, ASSIGN-VAR, IN-TER-PRET, SHOW-ASSIGNME
NTS 
 []

[113]
Chapter 13.
[114

] [115] [116] [117] [118] [119] [120] [121] [122] [123] [124]
Chapter 14.

Overfull \hbox (31.88483pt too wide) in paragraph at lines 6741--6742
[] \T1/cmtt/m/n/10 OR may be replaced by any of: INVERSE $\OML/cmm/m/it/10 ^^U 
p[]^^U q[]: q$ $\OMS/cmsy/m/n/10 _ \OML/cmm/m/it/10 p$ \T1/cmtt/m/n/10 IMPLIES 
$\OML/cmm/m/it/10 ^^U p[]^^U q[]:$
 []

[125

]
Chapter 15.
[126

] [127] [128] [129] [130]
Chapter 16.

Overfull \hbox (39.8061pt too wide) in paragraph at lines 6989--6992
[][] 
 []


Overfull \hbox (197.19923pt too wide) in paragraph at lines 7017--7020
[][] 
 []

[131

] [132]
Chapter 17.

Overfull \hbox (70.44899pt too wide) in paragraph at lines 7128--7134
[][] 
 []

[133

]
Chapter 18.
[134

]
Chapter 19.
[135

]
Chapter 20.
[136

]
Chapter 21.
[137

]
Chapter 22.
[138

] [139] [140] [141] [142] [143] [144] [145]
Overfull \hbox (27.97061pt too wide) in paragraph at lines 7756--7759
\T1/cmr/m/n/10 PSCHEMES, PCLASS-SCHEME-TREE, PCLASS-TREE, FETCH-LIBCLASS,
 []


Overfull \hbox (20.05588pt too wide) in paragraph at lines 7768--7771
\T1/cmr/m/n/10 PCLASS, PSCHEMES, PCLASS-SCHEME-TREE, PCLASS-TREE, FETCH-
 []

[146]
Overfull \hbox (20.55576pt too wide) in paragraph at lines 7792--7795
\T1/cmr/m/n/10 SCHEME, PSCHEMES, FETCH-LIBCLASS, FETCH-LIBCLASS*, PCLASS,
 []


Overfull \hbox (20.19473pt too wide) in paragraph at lines 7821--7825
\T1/cmr/m/n/10 DIRECTION, CLASS-SCHEME, CLASSIFY-CLASS, UNCLASSIFY-CLASS,
 []


Overfull \hbox (26.85977pt too wide) in paragraph at lines 7821--7825
\T1/cmr/m/n/10 PSCHEMES, PCLASS, PCLASS-SCHEME-TREE, PCLASS-TREE, CREATE-
 []


Overfull \hbox (30.956pt too wide) in paragraph at lines 7830--7834
\T1/cmr/m/n/10 CLASS, CLASSIFY-ITEM, UNCLASSIFY-ITEM, GOTO-CLASS, PSCHEMES,
 []

[147]
Overfull \hbox (34.4968pt too wide) in paragraph at lines 7854--7857
\T1/cmr/m/n/10 PCLASS, PSCHEMES, PCLASS-SCHEME-TREE, PCLASS-TREE, CLASSIFY-
 []


Overfull \hbox (24.70752pt too wide) in paragraph at lines 7871--7874
\T1/cmr/m/n/10 UNCLASSIFY-ITEM, GOTO-CLASS, CLASS-SCHEME, FETCH-LIBCLASS,
 []

[148]
Overfull \hbox (27.97061pt too wide) in paragraph at lines 7913--7916
\T1/cmr/m/n/10 PSCHEMES, PCLASS-SCHEME-TREE, PCLASS-TREE, FETCH-LIBCLASS,
 []


Overfull \hbox (27.97061pt too wide) in paragraph at lines 7921--7925
\T1/cmr/m/n/10 PSCHEMES, PCLASS-SCHEME-TREE, PCLASS-TREE, FETCH-LIBCLASS,
 []

[149]
Chapter 23.

Overfull \hbox (31.16428pt too wide) in paragraph at lines 7948--7951
\T1/cmr/m/n/10 TREE, PCLASS-TREE, CREATE-LIBCLASS, CLASSIFY-CLASS, CLASSIFY-
 []

[150

] [151]
Chapter 24.
[152

]
Chapter 25.
[153

] [154] [155] [156]
Chapter 26.
[157

] [158] [159]
Chapter 27.
[160

] [161] [162] [163] [164]
Overfull \hbox (38.0296pt too wide) in paragraph at lines 8662--8801
[][] 
 []

[165]
Overfull \vbox (1029.0pt too high) has occurred while \output is active []


[166] [167] [168] [169] [170] [171] [172]
Overfull \hbox (38.0296pt too wide) in paragraph at lines 9130--9187
[][] 
 []

[173]
Overfull \vbox (57.0pt too high) has occurred while \output is active []

 [174]
Overfull \hbox (38.0296pt too wide) in paragraph at lines 9193--9223
[][] 
 []


Overfull \hbox (22.06128pt too wide) in paragraph at lines 9229--9281
[][] 
 []

[175] [176] [177] [178]
Overfull \hbox (22.06128pt too wide) in paragraph at lines 9432--9460
[][] 
 []

[179] [180] [181]
Chapter 28.

Overfull \hbox (39.68384pt too wide) in paragraph at lines 9582--9586
\T1/cmtt/m/n/10 FLAGTYPE\T1/cmr/m/n/10 , \T1/cmtt/m/n/10 DEFAULT\T1/cmr/m/n/10 
, \T1/cmtt/m/n/10 PRE-CHANGE-FN\T1/cmr/m/n/10 , \T1/cmtt/m/n/10 CHANGE-FN\T1/cm
r/m/n/10 , \T1/cmtt/m/n/10 SUBJECTS\T1/cmr/m/n/10 , \T1/cmtt/m/n/10 RELEVANCY-P
RECONDITIONS\T1/cmr/m/n/10 ,
 []

[182

] [183] [184] [185] [186] [187] [188] [189] [190] [191] [192] [193]
[194] [195] [196] [197] [198] [199] [200] [201] [202] [203] [204]
Overfull \hbox (214.44955pt too wide) in paragraph at lines 10902--10924
\T1/cmr/m/n/10 NONE | OTREE | OSET | ========================+=========+=======
==+========+
 []


Overfull \hbox (317.89651pt too wide) in paragraph at lines 10929--10951
\T1/cmr/m/n/10 DEFAULT-EXPAND: | NONE | OTREE | OSET | ========================
+=========+=========+========+
 []

[205]
Overfull \hbox (317.89651pt too wide) in paragraph at lines 10956--10978
\T1/cmr/m/n/10 DEFAULT-EXPAND: | NONE | OTREE | OSET | ========================
+=========+=========+========+
 []

[206] [207] [208]
Overfull \hbox (43.53134pt too wide) in paragraph at lines 11126--11127
[]\T1/cmr/m/n/10 If NIL, record-ing events of type CONSIDERED-
 []


Overfull \hbox (23.72165pt too wide) in paragraph at lines 11132--11133
\T1/cmtt/m/n/10 MS93-1\T1/cmr/m/n/10 , \T1/cmtt/m/n/10 MS92-9\T1/cmr/m/n/10 , \
T1/cmtt/m/n/10 MS91-7\T1/cmr/m/n/10 , \T1/cmtt/m/n/10 MS91-6\T1/cmr/m/n/10 , \T
1/cmtt/m/n/10 MS90-9\T1/cmr/m/n/10 , \T1/cmtt/m/n/10 MS90-3\T1/cmr/m/n/10 , \T1
/cmtt/m/n/10 MS89\T1/cmr/m/n/10 , \T1/cmtt/m/n/10 MS88\T1/cmr/m/n/10 , \T1/cmtt
/m/n/10 MATING-SEARCH\T1/cmr/m/n/10 .
 []

[209] [210] [211]
Overfull \hbox (34.31982pt too wide) in paragraph at lines 11309--11314
\T1/cmr/m/n/10 GC-TIME for more in-for-ma-tion. It takes val-ues of type NULL-O
R-POSINTEGER
 []

[212] [213] [214] [215] [216] [217] [218] [219] [220] [221] [222] [223]
[224] [225] [226] [227]
Overfull \hbox (31.26147pt too wide) in paragraph at lines 12189--12191
\T1/cmr/m/n/10 takes val-ues of type IN-TE-GER+ and be-longs to sub-jects \T1/c
mtt/m/n/10 TRANSMIT\T1/cmr/m/n/10 , \T1/cmtt/m/n/10 UNIFICATION\T1/cmr/m/n/10 ,

 []

[228] [229] [230] [231] [232] [233]
Overfull \hbox (23.78616pt too wide) in paragraph at lines 12503--12507
[]\T1/cmr/m/n/10 If MS04-DELAY-UNIF-CONSTRAINTS
 []

[234]
Overfull \hbox (43.53024pt too wide) in paragraph at lines 12540--12543
[]\T1/cmr/m/n/10 If set to T (and MS04-DELAY-UNIF-CONSTRAINTS
 []

[235] [236] [237] [238]
Overfull \hbox (20.25027pt too wide) in paragraph at lines 12758--12759
[]\T1/cmr/m/n/10 See Also: MOD-ELS, MAX-DOMAIN-SIZE, MAX-BINDER-COMPUTATION
 []

[239]
Overfull \hbox (20.25027pt too wide) in paragraph at lines 12785--12786
[]\T1/cmr/m/n/10 See Also: MOD-ELS, MAX-DOMAIN-SIZE, MAX-BINDER-COMPUTATION
 []


Overfull \hbox (38.26874pt too wide) in paragraph at lines 12805--12807
[]\T1/cmr/m/n/10 If MS04-USE-SET-CONSTRAINTS
 []

[240] [241]
Overfull \hbox (55.23682pt too wide) in paragraph at lines 12916--12918
[]\T1/cmr/m/n/10 If MS04-USE-SET-CONSTRAINTS
 []

[242] [243] [244] [245]
Overfull \hbox (34.4957pt too wide) in paragraph at lines 13127--13128
\T1/cmr/m/n/10 SYM-BOL and be-longs to sub-jects \T1/cmtt/m/n/10 TRANSMIT\T1/cm
r/m/n/10 , \T1/cmtt/m/n/10 MS91-6\T1/cmr/m/n/10 , \T1/cmtt/m/n/10 MS89\T1/cmr/m
/n/10 , \T1/cmtt/m/n/10 MS88\T1/cmr/m/n/10 , \T1/cmtt/m/n/10 MATING-SEARCH\T1/c
mr/m/n/10 .
 []

[246] [247] [248] [249] [250] [251] [252] [253] [254] [255] [256] [257]
[258] [259] [260] [261] [262] [263] [264] [265] [266] [267] [268] [269]
[270] [271] [272] [273]
Overfull \hbox (24.08157pt too wide) in paragraph at lines 14755--14756
[]\T1/cmr/m/n/10 SEE ALSO: MODES-GWFFS, TEST-INIT, TPS-TEST, ADD-GOODMODES,
 []

[274] [275] [276]
Overfull \hbox (20.19254pt too wide) in paragraph at lines 14957--14965
\T1/cmr/m/n/10 CHECK, UNIF-COUNTER and UNIF-TRIGGER will be NIL. UNI-SEARCH-
 []


Overfull \hbox (27.62238pt too wide) in paragraph at lines 14957--14965
\T1/cmr/m/n/10 INTEGER and be-longs to sub-jects \T1/cmtt/m/n/10 TRANSMIT\T1/cm
r/m/n/10 , \T1/cmtt/m/n/10 MS98-1\T1/cmr/m/n/10 , \T1/cmtt/m/n/10 IMPORTANT\T1/
cmr/m/n/10 , \T1/cmtt/m/n/10 UNIFICATION\T1/cmr/m/n/10 .
 []

[277]
Overfull \hbox (23.52725pt too wide) in paragraph at lines 14982--14985
\T1/cmtt/m/n/10 MS98-1\T1/cmr/m/n/10 , \T1/cmtt/m/n/10 MS93-1\T1/cmr/m/n/10 , \
T1/cmtt/m/n/10 MS92-9\T1/cmr/m/n/10 , \T1/cmtt/m/n/10 MS91-7\T1/cmr/m/n/10 , \T
1/cmtt/m/n/10 MS90-9\T1/cmr/m/n/10 , \T1/cmtt/m/n/10 MS90-3\T1/cmr/m/n/10 , \T1
/cmtt/m/n/10 MATING-SEARCH\T1/cmr/m/n/10 , \T1/cmtt/m/n/10 IMPORTANT\T1/cmr/m/n
/10 .
 []

[278] [279] [280]
Overfull \hbox (31.16428pt too wide) in paragraph at lines 15134--15138
\T1/cmr/m/n/10 TREE, PCLASS-TREE, CREATE-LIBCLASS, CLASSIFY-CLASS, CLASSIFY-
 []

[281]
Chapter 29.
[282

] [283] [284] [285] [286] [287] [288] [289]
Chapter 30.
[290

] [291] [292] [293] [294] [295] [296]
Overfull \hbox (21.43732pt too wide) in paragraph at lines 16248--16252
[]\T1/cmr/m/n/10 A set-ting for DEFAULT-MS, DEFAULT-MATE and DEFAULT-EXPAND.
 []


Overfull \hbox (21.43732pt too wide) in paragraph at lines 16263--16267
[]\T1/cmr/m/n/10 A set-ting for DEFAULT-MS, DEFAULT-MATE and DEFAULT-EXPAND.
 []

[297] [298] [299] [300] [301] [302]
Overfull \hbox (42.07828pt too wide) in paragraph at lines 16649--16669
\T1/cmr/m/n/10 (set-flag 'backup-lib-dir '("/af-s/an-drew.cmu.edu/mcs/math/TPS/
tpslib/andrews/"
 []


Overfull \hbox (142.4982pt too wide) in paragraph at lines 16649--16669
\T1/cmr/m/n/10 drew.cmu.edu/mcs/math/TPS/tpslib/cebrown/" "/afs/andrew.cmu.edu/
mcs/math/TPS/tpslib/cebrown-
 []


Overfull \hbox (191.76395pt too wide) in paragraph at lines 16649--16669
\T1/cmr/m/n/10 "/af-s/an-drew.cmu.edu/mcs/math/TPS/tpslib/mbishop/" "/af-s/an-d
rew.cmu.edu/mcs/math/TPS/tpslib/mszudzik/"
 []


Overfull \hbox (161.46579pt too wide) in paragraph at lines 16649--16669
\T1/cmr/m/n/10 "/af-s/an-drew.cmu.edu/mcs/math/TPS/tpslib/chrisb/" "/af-s/an-dr
ew.cmu.edu/mcs/math/TPS/tpslib/hwxi/"
 []


Overfull \hbox (185.0989pt too wide) in paragraph at lines 16649--16669
\T1/cmr/m/n/10 "/af-s/an-drew.cmu.edu/mcs/math/TPS/tpslib/kaminski/" "/afs/andr
ew.cmu.edu/mcs/math/TPS/tpslib/kaminski-
 []


Overfull \hbox (158.93863pt too wide) in paragraph at lines 16649--16669
\T1/cmr/m/n/10 drew.cmu.edu/mcs/math/TPS/tpslib/mwasson/" "/af-s/an-drew.cmu.ed
u/mcs/math/TPS/tpslib/pmckenne/"
 []


Overfull \hbox (179.18369pt too wide) in paragraph at lines 16649--16669
\T1/cmr/m/n/10 "/af-s/an-drew.cmu.edu/mcs/math/TPS/tpslib/jkilgall/" "/af-s/an-
drew.cmu.edu/mcs/math/TPS/tpslib/chretien/"
 []


Overfull \hbox (173.60172pt too wide) in paragraph at lines 16649--16669
\T1/cmr/m/n/10 "/af-s/an-drew.cmu.edu/mcs/math/TPS/tpslib/tptp/" "/af-s/an-drew
.cmu.edu/mcs/math/TPS/tpslib/huilong/")) 
 []

[303]
Overfull \hbox (39.21786pt too wide) in paragraph at lines 16726--16728
\T1/cmr/m/n/10 user::bool-prop-mode)(cl-user::bool-prop-27 cl-user::bool-prop-m
ode)(cl-user::bool-
 []


Overfull \hbox (20.05588pt too wide) in paragraph at lines 16726--16728
\T1/cmr/m/n/10 user::bool-prop-34 cl-user::bool-prop-mode)(cl-user::bool-prop-3
5 cl-user::bool-
 []


Overfull \hbox (20.05588pt too wide) in paragraph at lines 16726--16728
\T1/cmr/m/n/10 user::bool-prop-40 cl-user::bool-prop-mode)(cl-user::bool-prop-4
1 cl-user::bool-
 []


Overfull \hbox (20.05588pt too wide) in paragraph at lines 16726--16728
\T1/cmr/m/n/10 user::bool-prop-46 cl-user::bool-prop-mode)(cl-user::bool-prop-4
7 cl-user::bool-
 []


Overfull \hbox (20.05588pt too wide) in paragraph at lines 16726--16728
\T1/cmr/m/n/10 user::bool-prop-51 cl-user::bool-prop-mode)(cl-user::bool-prop-5
2 cl-user::bool-
 []


Overfull \hbox (25.05466pt too wide) in paragraph at lines 16726--16728
\T1/cmr/m/n/10 user::bool-prop-56 cl-user::bool-prop-mode2)(cl-user::bool-prop-
57 cl-user::bool-
 []


Overfull \hbox (20.05588pt too wide) in paragraph at lines 16726--16728
\T1/cmr/m/n/10 user::bool-prop-68 cl-user::bool-prop-mode)(cl-user::bool-prop-6
9 cl-user::bool-
 []


Overfull \hbox (20.05588pt too wide) in paragraph at lines 16726--16728
\T1/cmr/m/n/10 user::bool-prop-74 cl-user::bool-prop-mode)(cl-user::bool-prop-7
5 cl-user::bool-
 []


Overfull \hbox (20.05588pt too wide) in paragraph at lines 16726--16728
\T1/cmr/m/n/10 user::bool-prop-79 cl-user::bool-prop-mode)(cl-user::bool-prop-8
0 cl-user::bool-
 []


Overfull \hbox (20.05588pt too wide) in paragraph at lines 16726--16728
\T1/cmr/m/n/10 user::bool-prop-84 cl-user::bool-prop-mode)(cl-user::bool-prop-8
5 cl-user::bool-
 []


Overfull \hbox (20.05588pt too wide) in paragraph at lines 16726--16728
\T1/cmr/m/n/10 user::bool-prop-89 cl-user::bool-prop-mode)(cl-user::bool-prop-9
0 cl-user::bool-
 []


Overfull \hbox (20.05588pt too wide) in paragraph at lines 16726--16728
\T1/cmr/m/n/10 user::bool-prop-96 cl-user::bool-prop-mode)(cl-user::bool-prop-9
7 cl-user::bool-
 []


Overfull \hbox (21.36111pt too wide) in paragraph at lines 16726--16728
\T1/cmr/m/n/10 99 cl-user::bool-prop-mode)(cl-user::bool-prop-100 cl-user::bool
-prop-mode)(cl-
 []


Overfull \hbox (30.05344pt too wide) in paragraph at lines 16726--16728
\T1/cmr/m/n/10 user::bool-prop-101 cl-user::bool-prop-mode)(cl-user::bool-prop-
102 cl-user::bool-
 []


Overfull \hbox (26.3599pt too wide) in paragraph at lines 16726--16728
\T1/cmr/m/n/10 113 cl-user::bool-prop-mode)(cl-user::bool-prop-114 cl-user::boo
l-prop-mode)(cl-
 []


Overfull \hbox (30.05344pt too wide) in paragraph at lines 16726--16728
\T1/cmr/m/n/10 user::bool-prop-115 cl-user::bool-prop-mode)(cl-user::bool-prop-
116 cl-user::bool-
 []

[304]
Overfull \hbox (21.36111pt too wide) in paragraph at lines 16730--16735
\T1/cmr/m/n/10 thm47-g) (cl-user::thm48 cl-user::mode-thm48-e) (cl-user::thm67 
cl-user::mode-
 []


Overfull \hbox (21.36111pt too wide) in paragraph at lines 16730--16735
\T1/cmr/m/n/10 user::thm301a cl-user::mode-thm301-a) (cl-user::thm303 cl-user::
mode-thm303-
 []


Overfull \hbox (24.13821pt too wide) in paragraph at lines 16737--16743
\T1/cmr/m/n/10 cl-user::mode-thm48-e) (cl-user::thm67 cl-user::mode-thm67-a) (c
l-user::thm115
 []


Overfull \hbox (26.08218pt too wide) in paragraph at lines 16737--16743
\T1/cmr/m/n/10 x5200) (cl-user::thm134 cl-user::mode-thm134-a) (cl-user::thm135
 cl-user::mode-
 []

[305]
Overfull \hbox (28.0817pt too wide) in paragraph at lines 16745--16747
\T1/cmr/m/n/10 fo-mode) (cl-user::thm100 cl-user::thm100-mode-b) (cl-user::pell
42 cl-user::ms98-
 []


Overfull \hbox (35.77426pt too wide) in paragraph at lines 16745--16747
\T1/cmr/m/n/10 cl-user::ms98-ho-mode3) (cl-user::x5305 cl-user::ms98-ho-primsub
s) (cl-user::x5308
 []


Overfull \hbox (29.52579pt too wide) in paragraph at lines 16745--16747
\T1/cmr/m/n/10 cl-user::ms98-ho-mode) (cl-user::x5310 cl-user::mode-x5310-ms98)
 (cl-user::x6004
 []


Overfull \hbox (39.49557pt too wide) in paragraph at lines 16745--16747
\T1/cmr/m/n/10 thm270-ms98) (cl-user::grp-comm2 cl-user::mode-grp-comm2-ms98) (
cl-user::equiv-
 []


Overfull \hbox (29.10922pt too wide) in paragraph at lines 16745--16747
\T1/cmr/m/n/10 01-02 cl-user::mode-equiv123-ms98) (cl-user::equiv-01-03 cl-user
::mode-equiv123-
 []

[306]
Overfull \hbox (33.02383pt too wide) in paragraph at lines 16749--16759
\T1/cmr/m/n/10 mode-thm583-pr00) (thm584 mode-thm584-pr00) (THM112A MODE-THM112
A-
 []


Overfull \hbox (21.36111pt too wide) in paragraph at lines 16761--16765
\T1/cmr/m/n/10 thm47-g) (cl-user::thm48 cl-user::mode-thm48-e) (cl-user::thm67 
cl-user::mode-
 []


Overfull \hbox (36.35745pt too wide) in paragraph at lines 16761--16765
\T1/cmr/m/n/10 cl-user::mode-thm117b) (cl-user::thm129 cl-user::mode-thm129-e) 
(cl-user::thm130
 []


Overfull \hbox (40.24539pt too wide) in paragraph at lines 16761--16765
\T1/cmr/m/n/10 cl-user::mode-thm129-b) (cl-user::thm131 cl-user::mode-thm131-a)
 (cl-user::thm133
 []


Overfull \hbox (28.85928pt too wide) in paragraph at lines 16761--16765
\T1/cmr/m/n/10 cl-user::mode-x5200) (cl-user::thm134 cl-user::mode-thm134-a) (c
l-user::thm300a
 []

[307]
Chapter 31.
[308

] [309] [310]
Chapter 32.
[311

] [312]
Chapter 33.
[313

]
Chapter 34.

Overfull \hbox (44.987pt too wide) in paragraph at lines 17039--17043
\T1/cmr/m/n/10 A mod-ule can be de-fined us-ing DEF-MOD-ULE. Al-low-able prop-e
r-ties are: \T1/cmtt/m/n/10 NEEDED-MODULES\T1/cmr/m/n/10 ,
 []

[314

]
Overfull \hbox (70.98558pt too wide) in paragraph at lines 17136--17137
[]\T1/cmtt/m/n/10 ETR-NAT-MACROS DIY NAT-ETR SYMSIMP SYMSIMP2 ETREES-AUTO-SUGGE
ST
 []


Overfull \hbox (32.99977pt too wide) in paragraph at lines 17170--17171
[]\T1/cmtt/m/n/10 ETREES-WFFOPS ETREES-WFFOPS2 ETREES-PRINT ETREES-JFORMS FTREE
S
 []


Overfull \hbox (38.24849pt too wide) in paragraph at lines 17183--17184
[]\T1/cmtt/m/n/10 EXT-SEQ EXT-SEQ-TOP EXT-MATE-TOP EXT-EXP-DAGS EXT-EXP-OPEN-DA
GS
 []

[315]
Overfull \hbox (33.46696pt too wide) in paragraph at lines 17201--17202
[]\T1/cmtt/m/n/10 SOCKET PROCESS SERV TPS-PROCESSES EXTERNAL
 []


Underfull \hbox (badness 10000) in paragraph at lines 17201--17202

 []


Overfull \hbox (43.49721pt too wide) in paragraph at lines 17245--17246
[]\T1/cmtt/m/n/10 JFORMS-LABELS JFORMS ORDER-COMPONENTS WEAK-MAC-AUTO JFORMS-ED
OPS
 []


Underfull \hbox (badness 10000) in paragraph at lines 17245--17246

 []

[316]
Overfull \hbox (49.92822pt too wide) in paragraph at lines 17332--17333
[]\T1/cmtt/m/n/10 MATH-LOGIC-2-RULES MATH-LOGIC-2-EXERCISES
 []


Underfull \hbox (badness 10000) in paragraph at lines 17332--17333

 []


Underfull \hbox (badness 10000) in paragraph at lines 17354--17355

 []


Overfull \hbox (36.16075pt too wide) in paragraph at lines 17362--17363
[]\T1/cmtt/m/n/10 ML2-CONST ML2-ABBREV ML2-ABBREV2 ML2-AXIOMS
 []

[317]
Overfull \hbox (65.14673pt too wide) in paragraph at lines 17372--17373
[]\T1/cmtt/m/n/10 ETREES-FLAGS ETREES-EXP-VARS ETREES-SKOLEM ETREES-LABELS
 []


Overfull \hbox (53.66415pt too wide) in paragraph at lines 17372--17373
\T1/cmtt/m/n/10 MATING-TOP DATA-STRUCTURES MATING-MACROS MONITOR-MACROS TEST-MA
CROS
 []


Underfull \hbox (badness 10000) in paragraph at lines 17372--17373

 []


Overfull \hbox (74.98952pt too wide) in paragraph at lines 17374--17375
[]\T1/cmtt/m/n/10 MATING-MOVE MATING-MATEOPS TIMING MONITOR TEST-TOP-TOP TEST-T
OP-SLISTS
 []


Overfull \hbox (20.94225pt too wide) in paragraph at lines 17384--17385
[]\T1/cmtt/m/n/10 MATING-TRANS MATING-MERGE MATING-MERGE2
 []


Overfull \hbox (108.18483pt too wide) in paragraph at lines 17405--17406
[]\T1/cmtt/m/n/10 ML-ETR-TACTICS-MAIN ML-ETR-TACTICS-PLINE ML-ETR-TACTICS-SLINE

 []


Overfull \hbox (116.64877pt too wide) in paragraph at lines 17405--17406
\T1/cmtt/m/n/10 ML-ETR-TACTICS-BOOK ML-ETR-TACTICS-EQ ML-ETR-TACTICS-NEG ML-ETR
-TACTICS-SYMSIMP
 []


Overfull \hbox (64.16159pt too wide) in paragraph at lines 17405--17406
\T1/cmtt/m/n/10 ML-ETR-TACTICS-SYMSIMP2 ML-NAT-ETR1 ML-NAT-ETR2 HX-NATREE-DUPLI
CATION
 []


Overfull \hbox (32.66928pt too wide) in paragraph at lines 17405--17406
\T1/cmtt/m/n/10 HX-NATREE-RULEP HX-NATREE-AUX HX-NATREE-CLEANUP HX-NATREE-DEBUG

 []


Underfull \hbox (badness 10000) in paragraph at lines 17405--17406

 []


Underfull \hbox (badness 10000) in paragraph at lines 17416--17417

 []

[318]
Overfull \hbox (41.79826pt too wide) in paragraph at lines 17445--17446
[]\T1/cmtt/m/n/10 MATING-AUX CONNECTIONS MATING MATING-PATHS UNIF-MAT MATING-DI
R
 []


Overfull \hbox (53.99464pt too wide) in paragraph at lines 17458--17459
[]\T1/cmtt/m/n/10 OPTION-TREE OPTION-TREE-AUX OPTION-TREE-MATEOPS OPTION-TREE-S
EARCH
 []


Underfull \hbox (badness 10000) in paragraph at lines 17458--17459

 []


Overfull \hbox (69.7408pt too wide) in paragraph at lines 17474--17475
[]\T1/cmtt/m/n/10 MS90-3-UNIF-SIMPL MS90-3-PATH-ENUM MS90-3-PATH-BKUP MS90-3-UN
IF-MATCH
 []


Overfull \hbox (27.42056pt too wide) in paragraph at lines 17474--17475
\T1/cmtt/m/n/10 MS90-3-UNIF-TREE MS90-3-UNIF-FO MS90-3-TOP MS90-3-EXPAND-ETREE
 []


Overfull \hbox (27.42056pt too wide) in paragraph at lines 17474--17475
\T1/cmtt/m/n/10 MS90-3-EXP-JFORM MIN-QUANT-ETREE MS90-3-PROP MS92-9-TOP MS93-1
 []


Underfull \hbox (badness 10000) in paragraph at lines 17474--17475

 []


Overfull \hbox (43.49721pt too wide) in paragraph at lines 17510--17511
[]\T1/cmtt/m/n/10 MS98-WEIGHTS MS98-TOP MS98-UNIF MS98-DAGIFY MS98-JFORM MS98-D
UPS
 []

[319]
Overfull \hbox (32.99977pt too wide) in paragraph at lines 17584--17585
[]\T1/cmtt/m/n/10 LINENUMBER1 LINENUMBER2 OTLNL PRTOTL OTL-FILEOUT OTL-REARRANG
E
 []

[320]
Overfull \hbox (43.49721pt too wide) in paragraph at lines 17715--17716
[]\T1/cmtt/m/n/10 RULE-BUILD RULE-BB RULE-BUILD-DEFAULT RULE-BUILD-CHECK RULE-C
MDS
 []

[321] [322]
Overfull \hbox (77.69922pt too wide) in paragraph at lines 17888--17889
[]\T1/cmtt/m/n/10 CONTEXTS-CORE CONTEXTS-AUTO CONTEXTS-MAINT CONTEXTS-TEACHER
 []


Overfull \hbox (74.65903pt too wide) in paragraph at lines 17888--17889
\T1/cmtt/m/n/10 CONTEXTS-ML SUBJECTS-CORE SUBJECTS-AUTO SUBJECTS-TEACHER SUBJEC
TS-MAINT
 []


Underfull \hbox (badness 10000) in paragraph at lines 17888--17889

 []


Overfull \hbox (40.34029pt too wide) in paragraph at lines 17900--17901
[]\T1/cmtt/m/n/10 UNIF-LAMBDA UNIF-SIMPL UNIF-MATCH UNIF-TREE UNIF-AUX
 []

[323]
Overfull \hbox (22.50233pt too wide) in paragraph at lines 17948--17949
[]\T1/cmtt/m/n/10 EDOPERA EDMOVE EDABB EDPRT EDILL EDSUB EDCHANGE EDMBED EDDEV
 []

[324]
Underfull \hbox (badness 10000) in paragraph at lines 18002--18003

 []

[325]
Chapter 35.
[326

] [327] [328] [329] [330] [331] [332] [333] [334] [335] [336] [337]
[338] [339] [340] [341] [342] [343] [344]
Chapter 36.

Overfull \hbox (55.9021pt too wide) in paragraph at lines 19142--19146
\T1/cmtt/m/n/10 TOP-PROMPT-FN\T1/cmr/m/n/10 , \T1/cmtt/m/n/10 COMMAND-INTERPRET
ER\T1/cmr/m/n/10 , \T1/cmtt/m/n/10 PRINT-*\T1/cmr/m/n/10 , \T1/cmtt/m/n/10 TOP-
LEVEL-CATEGORY\T1/cmr/m/n/10 , \T1/cmtt/m/n/10 TOP-LEVEL-CTREE\T1/cmr/m/n/10 ,
 []

[345

]
Overfull \hbox (49.29764pt too wide) in paragraph at lines 19203--19205
[]\T1/cmr/m/n/10 If the flag UNIXLIB-SHOWPATH is NIL, the prompt will be <LIB:<
CLASS><num>> 
 []


Overfull \hbox (21.77768pt too wide) in paragraph at lines 19206--19210
[]\T1/cmr/m/n/10 See Also: UNIXLIB, PSCHEMES, CLASS-SCHEME, UNIXLIB-SHOWPATH,
 []

[346]
Chapter 37.
[347

] [348] [349] [350] [351] [352] [353] [354]
Chapter 38.
[355

] [356] [357]
Overfull \hbox (28.5538pt too wide) in paragraph at lines 19981--19982
\T1/cmr/m/n/10 auto-global-sort rewriting-auto-max-wff-size rewriting-auto-min-
depth rewriting-
 []


Overfull \hbox (28.13724pt too wide) in paragraph at lines 19997--19998
\T1/cmr/m/n/10 primsub-next-forall ms03-weight-primsub-next-not-equals ms03-wei
ght-primsub-
 []


Overfull \hbox (32.1918pt too wide) in paragraph at lines 19997--19998
\T1/cmr/m/n/10 ms03-weight-rigidrigid-eqn ms03-weight-rigidrigid-flexeqn ms03-w
eight-rigidrigid-
 []


Overfull \hbox (20.0281pt too wide) in paragraph at lines 19997--19998
\T1/cmr/m/n/10 check-unif-depth ms04-delay-flexrigid-mates ms04-delay-unif-cons
traints ms04-
 []

[358]
Overfull \hbox (29.2203pt too wide) in paragraph at lines 20021--20022
\T1/cmr/m/n/10 options-verbose penalty-for-each-primsub penalty-for-multiple-pr
imsubs penalty-
 []


Overfull \hbox (28.66489pt too wide) in paragraph at lines 20023--20024
\T1/cmr/m/n/10 minimality-check ms98-num-of-dups ms98-pollute-global-rewrites m
s98-primsub-
 []


Overfull \hbox (23.72165pt too wide) in paragraph at lines 20023--20024
\T1/cmr/m/n/10 ms98-unif-hack ms98-unif-hack2 ms98-use-colors ms98-valid-pair m
s98-variable-
 []

[359]
Overfull \hbox (20.77792pt too wide) in paragraph at lines 20027--20028
\T1/cmr/m/n/10 ms diy2-init-time-limit diy2-num-iterations diy2-time-increase-f
actor interrupt-
 []


Overfull \hbox (25.36014pt too wide) in paragraph at lines 20039--20040
\T1/cmr/m/n/10 prim-bdtypes prim-bdtypes-auto prim-prefix primsub-method which-
constraints 
 []

[360]
Overfull \hbox (25.83224pt too wide) in paragraph at lines 20085--20086
[]\T1/cmr/m/n/10 UNIFICATION:   apply-match countsubs-first dneg-imitation eta-
rule imitation-
 []

[361] [362] [363] [364] [365]
Overfull \hbox (23.93832pt too wide) in paragraph at lines 20465--20476
\T1/cmr/m/n/10 MATE-CMD EXTSE-QCMD FLAG FLAG-MODE FLA-VOR GET-G-WFFTYPE
 []

[366] [367] [368] [369]
Overfull \hbox (37.68497pt too wide) in paragraph at lines 20719--20722
\T1/cmr/m/n/10 MONSTRO-TAC NOT-TAC OR+TAC OR-TAC PFENNING*-TAC PFENNING-
 []


Overfull \hbox (20.88571pt too wide) in paragraph at lines 20719--20722
\T1/cmr/m/n/10 REFL+TAC REWRITE-PLINE-P-TAC REWRITE-PLINE-TAC REWRITE-
 []


Overfull \hbox (40.60092pt too wide) in paragraph at lines 20719--20722
\T1/cmr/m/n/10 SLINE-TAC SLINE-TAC SUB=-TAC TRUE+TAC ABSURD-TAC BACKCHAIN-
 []


Overfull \hbox (32.965pt too wide) in paragraph at lines 20719--20722
\T1/cmr/m/n/10 CLASS-DISJ-TAC DEDUCT-TAC DISJ-EQUIV-TAC DISJ-IMP-TAC ECONJ*-
 []


Overfull \hbox (24.35599pt too wide) in paragraph at lines 20719--20722
\T1/cmr/m/n/10 RIGHT-TAC OR-LEMMA-TAC PROP-PRIM PROPO-SI-TIONAL PULLNEG-
 []


Overfull \hbox (30.74442pt too wide) in paragraph at lines 20719--20722
\T1/cmr/m/n/10 NEG-SEL-PLAN-TAC NEG-SEL-SLINE-TAC QUAN-TIFI-CA-TIONAL RULEC-
 []


Overfull \hbox (44.48996pt too wide) in paragraph at lines 20719--20722
\T1/cmr/m/n/10 TAC EQUALITY-SLINE-TAC EXT=-PLAN-TAC EXT=-SLINE-TAC LEIBNIZ=-
 []


Overfull \hbox (32.41068pt too wide) in paragraph at lines 20719--20722
\T1/cmr/m/n/10 TAC NEG-REW-PLAN-TAC NEG-REW-SLINE-TAC BETA-ETA-SEPARATE-
 []


Overfull \hbox (23.59338pt too wide) in paragraph at lines 20719--20722
\T1/cmr/m/n/10 TAC BETA-ETA-TOGETHER-TAC BETA-ONLY-TAC EQUIV-EQ-CONTR-
 []


Overfull \hbox (25.74454pt too wide) in paragraph at lines 20719--20722
\T1/cmr/m/n/10 TAC LCONTR*-ETA-TAC LCONTR*-TAC LCONTR*-VARY-TAC LEXPD*-
 []


Overfull \hbox (51.57156pt too wide) in paragraph at lines 20719--20722
\T1/cmr/m/n/10 BETA-TAC LEXPD*-ETA-TAC LEXPD*-TAC LEXPD*-VARY-TAC DUPLICATE-
 []


Overfull \hbox (20.26086pt too wide) in paragraph at lines 20719--20722
\T1/cmr/m/n/10 MATING-TAC REWRITE-SLINE-P-TAC SHOW-CURRENT-PLAN SHOW-
 []

[370] [371] [372] [373] [374] [375] [376] [377] [378] [379]
Chapter 39.
[380

] [381] [382]
Overfull \hbox (28.80154pt too wide) in paragraph at lines 21502--21509
\T1/cmr/m/n/10 (DE-FWFFTEST tps-object & rest props) will set RE-SULT-TYPE to B
OOLEAN,
 []

[383] [384] [385]
Chapter 40.

Overfull \hbox (23.68774pt too wide) in paragraph at lines 21616--21620
\T1/cmtt/m/n/10 ARGHELP\T1/cmr/m/n/10 , \T1/cmtt/m/n/10 DEFAULTFNS\T1/cmr/m/n/1
0 , \T1/cmtt/m/n/10 MAINFNS\T1/cmr/m/n/10 , \T1/cmtt/m/n/10 APPLICABLE-Q\T1/cmr
/m/n/10 , \T1/cmtt/m/n/10 APPLICABLE-P\T1/cmr/m/n/10 , \T1/cmtt/m/n/10 REPLACES
\T1/cmr/m/n/10 , \T1/cmtt/m/n/10 PRINT-OP\T1/cmr/m/n/10 ,
 []

[386

] [387] [388]
Overfull \hbox (48.10129pt too wide) in paragraph at lines 21835--21849
\T1/cmr/m/n/10 ETREE: <3>MATE x2106 <Mate4>GO <Mate5>MERGE-TREE <Mate6>SAVE-
 []


Overfull \hbox (22.5253pt too wide) in paragraph at lines 21835--21849
\T1/cmr/m/n/10 ETREE SAVE-FILE (FILE-SPEC): File in which to save the etree ["x
2106.etr"]>
 []


Overfull \hbox (48.10129pt too wide) in paragraph at lines 21855--21869
\T1/cmr/m/n/10 ETREE: <3>MATE x2106 <Mate4>GO <Mate5>MERGE-TREE <Mate6>SAVE-
 []


Overfull \hbox (22.5253pt too wide) in paragraph at lines 21855--21869
\T1/cmr/m/n/10 ETREE SAVE-FILE (FILE-SPEC): File in which to save the etree ["x
2106.etr"]>
 []

[389] [390] [391] [392] [393] [394] [395] [396]
Overfull \hbox (25.59128pt too wide) in paragraph at lines 22444--22446
[]\T1/cmr/m/n/10 Replace the right-hand side of an in-fix op-er-a-tor non-destr
uctively. 
 []

[397] [398] [399] [400] [401] [402] [403]
Overfull \hbox (24.60541pt too wide) in paragraph at lines 22905--22908
[]\T1/cmr/m/n/10 Verifies that wff1 and wff2 are equal up to lambda-normalizati
on
 []

[404] [405] [406]
Chapter 41.

Overfull \hbox (38.96179pt too wide) in paragraph at lines 23047--23051
\T1/cmr/m/n/10 de-fined us-ing DE-FWF-FREC. Al-low-able prop-er-ties are: \T1/c
mtt/m/n/10 ARGNAMES\T1/cmr/m/n/10 , \T1/cmtt/m/n/10 MULTIPLE-RECURSION\T1/cmr/m
/n/10 ,
 []

[407

] [408] [409]
Chapter 42.
[410

] [411]
Chapter 43.
[412

] [413]
Chapter 44.

Overfull \hbox (45.1825pt too wide) in paragraph at lines 23402--23406
\T1/cmtt/m/n/10 PRINT-SPACE-P\T1/cmr/m/n/10 , \T1/cmtt/m/n/10 TERPRI-HEURISTICS
\T1/cmr/m/n/10 , \T1/cmtt/m/n/10 PRINT-TYPESYM\T1/cmr/m/n/10 , \T1/cmtt/m/n/10 
PRINT-TYPE-CHAR\T1/cmr/m/n/10 , \T1/cmtt/m/n/10 PRINT-INDENT\T1/cmr/m/n/10 ,
 []


Overfull \hbox (45.1825pt too wide) in paragraph at lines 23402--23406
\T1/cmtt/m/n/10 DISPLAY-POSTFIX\T1/cmr/m/n/10 , \T1/cmtt/m/n/10 BEGIN-ENVIRONME
NT\T1/cmr/m/n/10 , \T1/cmtt/m/n/10 END-ENVIRONMENT\T1/cmr/m/n/10 , \T1/cmtt/m/n
/10 TEXT-PREFIX\T1/cmr/m/n/10 , \T1/cmtt/m/n/10 TEXT-POSTFIX\T1/cmr/m/n/10 ,
 []

[414

] [415]
Chapter 45.
[416

]
Chapter 46.
[417

]
Chapter 47.

Overfull \hbox (44.68262pt too wide) in paragraph at lines 23528--23532
\T1/cmtt/m/n/10 RRULES\T1/cmr/m/n/10 , \T1/cmtt/m/n/10 EXTENDS\T1/cmr/m/n/10 , 
\T1/cmtt/m/n/10 OTHER-STUFF\T1/cmr/m/n/10 , \T1/cmtt/m/n/10 RELATION-SIGN\T1/cm
r/m/n/10 , \T1/cmtt/m/n/10 REFLEXIVE\T1/cmr/m/n/10 , \T1/cmtt/m/n/10 CONGRUENT\
T1/cmr/m/n/10 , \T1/cmtt/m/n/10 DERIVED-APPFN\T1/cmr/m/n/10 ,
 []

[418

]
Chapter 48.
[419

] [420] [421] [422] [423] [424] [425] [426] [427] [428]
Chapter 49.
[429

] [430]
Overfull \hbox (22.69412pt too wide) in paragraph at lines 24280--24284
\T1/cmr/m/n/10 SIZE, REWRITING-AUTO-MAX-WFF-SIZE, REWRITING-AUTO-SUBSTS 
 []

[431] [432] [433]
Chapter 50.
[434

] [435] [436] [437] [438] [439] [440] [441] [442] [443]
Chapter 51.
[444

]
Chapter 52.
[445

] [446] [447] [448]
Chapter 53.
[449

]
Chapter 54.

Overfull \hbox (30.21405pt too wide) in paragraph at lines 25315--25319
[]\T1/cmr/m/n/10 PATHNUM-REVERSED is the same as T-REVERSED.
 []

[450

] [451]
Chapter 55.
[452

] [453]
Chapter 56.
[454

]
Chapter 57.
[455

] [456] [457] [458] [459] [460] [461] [462] [463] [464] [465] [466]
[467] [468] [469] [470] [471] [472] [473] [474] [475] [476] [477] [478]
[479] [480] [481] [482] [483] [484] [485] [486] [487] [488] [489] [490]
[491] [492] [493] [494]
Chapter 58.
[495

] [496] [497] [498] [499]
Chapter 59.
[500

]
Chapter 60.
[501

] [502] [503] [504] [505] [506] [507] [508]) [509] (./latex-manual.ind
[510


] [511] [512] [513] [514] [515] [516] [517] [518] [519] [520] [521]
[522] [523] [524] [525] [526] [527] [528] [529] [530] [531] [532] [533]
[534] [535] [536] [537] [538] [539] [540] [541] [542] [543] [544] [545]
[546] [547] [548] [549] [550] [551] [552] [553] [554] [555] [556] [557]
[558] [559] [560] [561] [562] [563] [564] [565] [566] [567] [568] [569]
[570] [571] [572] [573] [574] [575] [576] [577] [578] [579] [580] [581]
[582] [583] [584] [585] [586] [587] [588] [589] [590] [591] [592] [593]
[594] [595]) (./latex-manual.aux (./latex-preamble.aux) (./latex-facilities.aux
)) ) 
Here is how much of TeX's memory you used:
 2945 strings out of 495062
 37179 string characters out of 1182644
 157076 words of memory out of 3000000
 6106 multiletter control sequences out of 15000+50000
 19693 words of font info for 43 fonts, out of 3000000 for 9000
 28 hyphenation exceptions out of 8191
 59i,8n,40p,3800b,1506s stack positions out of 5000i,500n,10000p,200000b,50000s

Output written on latex-manual.dvi (596 pages, 1467552 bytes).
