@Comment{ERRLOG of scribe-manual.mss by Scribe 8.2 on 9 August 2011 at 13:12}

Error in text found while processing the manuscript.
scribe-facilities.mss, line 8413:  ms03-weight-primsub-falsehood@=ms03-weight-primsub-first-and@>ms03-weight-primsub-first-equals
Line too wide; lost "ls".

Error in text.
scribe-facilities.mss, line 8414:  ms03-weight-primsub-first-exists@=ms03-weight-primsub-first-forall@>ms03-weight-primsub-first-not-equals
Line too wide; lost "t-equals".

Error in text.
scribe-facilities.mss, line 8415:  ms03-weight-primsub-first-not-proj@=ms03-weight-primsub-first-or@>ms03-weight-primsub-first-proj
Line too wide; lost "j".

Error in text.
scribe-facilities.mss, line 8416:  ms03-weight-primsub-next-and@=ms03-weight-primsub-next-equals@>ms03-weight-primsub-next-exists
Line too wide; lost "ists".

Error in text.
scribe-facilities.mss, line 8417:  ms03-weight-primsub-next-forall@=ms03-weight-primsub-next-not-equals@>ms03-weight-primsub-next-not-proj
Line too wide; lost "ext-not-proj".

Error in text.
scribe-facilities.mss, line 8717:  ms03-weight-primsub-first-and@=ms03-weight-primsub-first-equals@>ms03-weight-primsub-first-exists
Line too wide; lost "sts".

Error in text.
scribe-facilities.mss, line 8718:  ms03-weight-primsub-first-forall@=ms03-weight-primsub-first-not-equals@>ms03-weight-primsub-first-not-proj
Line too wide; lost "st-not-proj".

Error in text.
scribe-facilities.mss, line 8720:  ms03-weight-primsub-next-equals@=ms03-weight-primsub-next-exists@>ms03-weight-primsub-next-forall
Line too wide; lost "forall".

Error in text.
scribe-facilities.mss, line 8721:  ms03-weight-primsub-next-not-equals@=ms03-weight-primsub-next-not-proj@>ms03-weight-primsub-next-or
Line too wide; lost "-next-or".

Error in text.
scribe-facilities.mss, line 8731:  ms04-max-flexrigid-neg-mates@=ms04-max-flexrigid-neg-proj-mates@>ms04-max-flexrigid-proj-mates
Line too wide; lost "es".

Error in text.
scribe-facilities.mss, line 8761:  ms03-weight-primsub-first-and@=ms03-weight-primsub-first-equals@>ms03-weight-primsub-first-exists
Line too wide; lost "sts".

Error in text.
scribe-facilities.mss, line 8762:  ms03-weight-primsub-first-forall@=ms03-weight-primsub-first-not-equals@>ms03-weight-primsub-first-not-proj
Line too wide; lost "st-not-proj".

Error in text.
scribe-facilities.mss, line 8764:  ms03-weight-primsub-next-equals@=ms03-weight-primsub-next-exists@>ms03-weight-primsub-next-forall
Line too wide; lost "forall".

Error in text.
scribe-facilities.mss, line 8765:  ms03-weight-primsub-next-not-equals@=ms03-weight-primsub-next-not-proj@>ms03-weight-primsub-next-or
Line too wide; lost "-next-or".

Error in text.
scribe-facilities.mss, line 8784:  ms03-weight-primsub-first-exists@=ms03-weight-primsub-first-forall@>ms03-weight-primsub-first-not-equals
Line too wide; lost "t-equals".

Error in text.
scribe-facilities.mss, line 8785:  ms03-weight-primsub-first-not-proj@=ms03-weight-primsub-first-or@>ms03-weight-primsub-first-proj
Line too wide; lost "j".

Error in text.
scribe-facilities.mss, line 8786:  ms03-weight-primsub-next-and@=ms03-weight-primsub-next-equals@>ms03-weight-primsub-next-exists
Line too wide; lost "ists".

Error in text.
scribe-facilities.mss, line 8787:  ms03-weight-primsub-next-forall@=ms03-weight-primsub-next-not-equals@>ms03-weight-primsub-next-not-proj
Line too wide; lost "ext-not-proj".

Error in text.
scribe-facilities.mss, line 8797:  ms04-max-flexrigid-neg-mates@=ms04-max-flexrigid-neg-proj-mates@>ms04-max-flexrigid-proj-mates
Line too wide; lost "es".

Error in text.
scribe-facilities.mss, line 8925:  ms03-weight-primsub-first-and@=ms03-weight-primsub-first-equals@>ms03-weight-primsub-first-exists
Line too wide; lost "sts".

Error in text.
scribe-facilities.mss, line 8926:  ms03-weight-primsub-first-forall@=ms03-weight-primsub-first-not-equals@>ms03-weight-primsub-first-not-proj
Line too wide; lost "st-not-proj".

Error in text.
scribe-facilities.mss, line 8928:  ms03-weight-primsub-next-equals@=ms03-weight-primsub-next-exists@>ms03-weight-primsub-next-forall
Line too wide; lost "forall".

Error in text.
scribe-facilities.mss, line 8929:  ms03-weight-primsub-next-not-equals@=ms03-weight-primsub-next-not-proj@>ms03-weight-primsub-next-or
Line too wide; lost "-next-or".
Page 283, line 28: 1 special character$n needed.
Page 283, line 29: 1 special character$n needed.
Page 284, line 12: 1 special character$n needed.
Page 284, line 16: 1 special character$n needed.
Page 284, line 18: 1 special character$n needed.
Page 284, line 27: 1 special character$n needed.
Page 284, line 28: 1 special character$n needed.
Page 285, line 26: 1 special character$n needed.
Page 294, line 51: 1 special character$n needed.
Page 294, line 52: 1 special character$n needed.
Page 295, line 27: 1 special character$n needed.
Page 295, line 29: 1 special character$n needed.
Page 295, line 31: 1 special character$n needed.
Page 295, line 33: 1 special character$n needed.
Page 295, line 37: 1 special character$n needed.
Page 295, line 38: 1 special character$n needed.
Page 295, line 56: 1 special character$n needed.
Page 338, line 4: 1 special character$n needed.
Page 338, line 5: 1 special character$n needed.
Page 338, line 40: 1 special character$n needed.
Page 338, line 45: 1 special character$n needed.
Page 338, line 47: 1 special character$n needed.
Page 338, line 52: 1 special character$n needed.
Page 338, line 56: 1 special character$n needed.
Page 338, line 57: 1 special character$n needed.
Page 339, line 52: 1 special character$n needed.
