This is TeX, Version 3.14159 (Web2C 7.3.1) (format=latex 2000.3.7)  1 DEC 2001 06:38
**manual2
(manual2.tex
LaTeX2e <1998/12/01> patch level 1
Babel <v3.6x> and hyphenation patterns for american, french, german, ngerman, i
talian, nohyphenation, loaded.
(/usr/share/texmf/tex/latex/amslatex/amsbook.cls
Document Class: amsbook 1997/03/26 v1.2r
\linespacing=\dimen102
\normalparindent=\dimen103
\normaltopskip=\skip41
(/usr/share/texmf/tex/latex/amslatex/amsgen.sty
File: amsgen 1996/10/29 v1.2b
\@emptytoks=\toks14
\ex@=\dimen104
)
(/usr/share/texmf/tex/latex/amslatex/amsmath.sty
Package: amsmath 1997/03/20 v1.2d AMS math features
\@mathmargin=\skip42

(/usr/share/texmf/tex/latex/amslatex/amstext.sty
Package: amstext 1996/10/28 v1.2b

(/usr/share/texmf/tex/latex/amslatex/amsgen.sty
File: amsgen 1996/10/29 v1.2b
\@emptytoks=\toks15
\ex@=\dimen105
))
(/usr/share/texmf/tex/latex/amslatex/amsbsy.sty
Package: amsbsy 1996/10/28 v1.2b
\pmbraise@=\dimen106
)
(/usr/share/texmf/tex/latex/amslatex/amsopn.sty
Package: amsopn 1996/10/28 v1.2b operator names
)
LaTeX Info: Redefining \frac on input line 188.
\uproot@=\count79
\leftroot@=\count80
\classnum@=\count81
\DOTSCASE@=\count82
LaTeX Info: Redefining \dots on input line 335.
LaTeX Info: Redefining \ldots on input line 418.
LaTeX Info: Redefining \cdots on input line 422.
\Mathstrutbox@=\box26
\strutbox@=\box27
\big@size=\dimen107
LaTeX Font Info:    Redeclaring font encoding OML on input line 500.
LaTeX Font Info:    Redeclaring font encoding OMS on input line 501.
\skewcharcount@=\count83
\familycount@=\count84
\pointcount@=\count85
\accentdimen@=\dimen108
\accentmu@=\count86
\minaw@=\dimen109
\c@MaxMatrixCols=\count87
\dotsspace@=\muskip10
\c@parentequation=\count88
\dspbrk@lvl=\count89
\tag@help=\toks16
\row@=\count90
\column@=\count91
\maxfields@=\count92
\andhelp@=\toks17
\eqnshift@=\dimen110
\alignsep@=\dimen111
\tagshift@=\dimen112
\tagwidth@=\dimen113
\totwidth@=\dimen114
\lineht@=\dimen115
\@envbody=\toks18
\multlinegap=\skip43
\multlinetaggap=\skip44
)
LaTeX Font Info:    Try loading font information for U+msa on input line 370.

(/usr/share/texmf/tex/latex/amsfonts/umsa.fd
File: umsa.fd 1995/01/05 v2.2e AMS font definitions
)
(/usr/share/texmf/tex/latex/amsfonts/amsfonts.sty
Package: amsfonts 1997/09/17 v2.2e
\symAMSa=\mathgroup4
\symAMSb=\mathgroup5
LaTeX Font Info:    Overwriting math alphabet `\mathfrak' in version `bold'
(Font)                  U/euf/m/n --> U/euf/b/n on input line 133.
)
\abstractbox=\box28
\listisep=\skip45
\c@part=\count93
\c@chapter=\count94
\c@section=\count95
\c@subsection=\count96
\c@subsubsection=\count97
\c@paragraph=\count98
\c@figure=\count99
\c@table=\count100
\abovecaptionskip=\skip46
\belowcaptionskip=\skip47
\captionindent=\dimen116

(/usr/share/texmf/tex/latex/amslatex/amsthm.sty
Package: amsthm 1996/10/24 v1.2d
\thm@style=\toks19
\thm@bodyfont=\toks20
\thm@headfont=\toks21
\thm@notefont=\toks22
\thm@headpunct=\toks23
\thm@preskip=\skip48
\thm@postskip=\skip49
))
(/usr/share/texmf/tex/latex/amslatex/amscd.sty
Package: amscd 1996/10/28 v1.2b
\athelp@=\toks24
\bigaw@=\dimen117
\minCDarrowwidth=\dimen118
)
(/usr/share/texmf/tex/latex/amsfonts/amssymb.sty
Package: amssymb 1996/11/03 v2.2b
)
(/usr/share/texmf/tex/latex/base/fontenc.sty
Package: fontenc 1999/02/24 v1.9t Standard LaTeX package

(/usr/share/texmf/tex/latex/base/t1enc.def
File: t1enc.def 1999/02/24 v1.9t Standard LaTeX file
LaTeX Font Info:    Redeclaring font encoding T1 on input line 25.
))
(/usr/share/texmf/tex/generic/xypic/xy.sty
(/usr/share/texmf/tex/generic/xypic/xy.tex Bootstrap'ing: catcodes, docmode,
(/usr/share/texmf/tex/generic/xypic/xyrecat.tex)
(/usr/share/texmf/tex/generic/xypic/xyidioms.tex)

 Xy-pic version 3.7 <1999/02/16>
 Copyright (c) 1991-1998 by Kristoffer H. Rose <krisrose@ens-lyon.fr>
 Xy-pic is free software: see the User's Guide for details.

Loading kernel: messages; fonts; allocations: state,
\X@c=\dimen119
\Y@c=\dimen120
\U@c=\dimen121
\D@c=\dimen122
\L@c=\dimen123
\R@c=\dimen124
\Edge@c=\toks25
\X@p=\dimen125
\Y@p=\dimen126
\U@p=\dimen127
\D@p=\dimen128
\L@p=\dimen129
\R@p=\dimen130
\Edge@p=\toks26
\X@origin=\dimen131
\Y@origin=\dimen132
\X@xbase=\dimen133
\Y@xbase=\dimen134
\X@ybase=\dimen135
\Y@ybase=\dimen136
\X@min=\dimen137
\Y@min=\dimen138
\X@max=\dimen139
\Y@max=\dimen140
\lastobjectbox@=\box29
\zerodotbox@=\box30
\almostz@=\dimen141
 direction,
\d@X=\dimen142
\d@Y=\dimen143
\K@=\count101
\KK@=\count102
\Direction=\count103
\K@dXdY=\dimen144
\K@dYdX=\dimen145
\xyread@=\read1
\xywrite@=\write3
\csp@=\count104
\quotPTK@=\dimen146

utility macros; pictures: \xy, positions,
\swaptoks@@=\toks27
\connectobjectbox@@=\box31
 objects,
\styletoks@=\toks28
 decorations;
kernel objects: directionals, circles, text; options; algorithms: directions,
edges, connections;  Xy-pic loaded)
Package: xy 1999/02/16 Xy-pic version 3.7

(/usr/share/texmf/tex/generic/xypic/xyall.tex
 Xy-pic option: All features v.3.3
(/usr/share/texmf/tex/generic/xypic/xycurve.tex
 Xy-pic option: Curve and Spline extension v.3.7 curve,
\crv@cnt@=\count105
\crvpts@=\toks29
\splinebox@=\box32
\splineval@=\dimen147
\splinedepth@=\dimen148
\splinetol@=\dimen149
\splinelength@=\dimen150
 circles,
\L@=\dimen151
 loaded)
(/usr/share/texmf/tex/generic/xypic/xyframe.tex
 Xy-pic option: Frame and Bracket extension v.3.7 loaded)
(/usr/share/texmf/tex/generic/xypic/xycmtip.tex
 Xy-pic option: Computer Modern tip extension v.3.3
(/usr/share/texmf/tex/generic/xypic/xytips.tex
 Xy-pic option: More Tips extension v.3.3 loaded) loaded)
(/usr/share/texmf/tex/generic/xypic/xyline.tex
 Xy-pic option: Line styles extension v.3.6
\xylinethick@=\dimen152
 loaded)
(/usr/share/texmf/tex/generic/xypic/xyrotate.tex
 Xy-pic option: Rotate and Scale extension v.3.3 loaded)
(/usr/share/texmf/tex/generic/xypic/xycolor.tex
 Xy-pic option: Colour extension v.3.3 loaded)
(/usr/share/texmf/tex/generic/xypic/xymatrix.tex
 Xy-pic option: Matrix feature v.3.4
\Row=\count106
\Col=\count107
\queue@=\toks30
\queue@@=\toks31
\qcount@=\count108
\qcount@@=\count109
\matrixsize@=\count110
 loaded)
(/usr/share/texmf/tex/generic/xypic/xyarrow.tex
 Xy-pic option: Arrow and Path feature v.3.5 path, \ar, loaded)
(/usr/share/texmf/tex/generic/xypic/xygraph.tex
 Xy-pic option: Graph feature v.3.7 loaded) loaded))
(/usr/share/texmf/tex/latex/misc/bbold.sty
Package: bbold 1994/04/06 Bbold symbol package
LaTeX Font Info:    Redeclaring math alphabet \mathbb on input line 39.
) (named.sty)
\@indexfile=\write4
\openout4 = `manual2.idx'.


Writing index file manual2.idx
(/home/theorem/tps/doc/lib/tps.tex
\hypbox=\box33
\turnstylelength=\dimen153
\formulabox=\box34
\formulawd=\dimen154
\processname=\box35
\realtime=\box36
\inruntime=\box37
\gctime=\box38
\igctime=\box39
\processnamewd=\dimen155
\realtimewd=\dimen156
\inruntimewd=\dimen157
\gctimewd=\dimen158
\igctimewd=\dimen159
\diffwd=\dimen160
\ndiffwd=\dimen161
\tempa=\box40
\tempb=\box41
\tempc=\dimen162
\tempd=\box42
\gappremises=\box43
) (ndmacros.tex
\tempa=\box44
\tempb=\box45
\tempc=\dimen163
\tempd=\box46
\tempsrc=\box47
\tempded=\box48
\tempdedA=\box49
\tempdedB=\box50
)
(/home/theorem/tps/doc/lib/vpd.tex
\ssbox=\box51
\sscount=\count111
\litcount=\count112
)
\c@definition=\count113
 (manual2.aux)
\openout1 = `manual2.aux'.

LaTeX Font Info:    Checking defaults for OML/cmm/m/it on input line 84.
LaTeX Font Info:    ... okay on input line 84.
LaTeX Font Info:    Checking defaults for T1/cmr/m/n on input line 84.
LaTeX Font Info:    ... okay on input line 84.
LaTeX Font Info:    Checking defaults for OT1/cmr/m/n on input line 84.
LaTeX Font Info:    ... okay on input line 84.
LaTeX Font Info:    Checking defaults for OMS/cmsy/m/n on input line 84.
LaTeX Font Info:    ... okay on input line 84.
LaTeX Font Info:    Checking defaults for OMX/cmex/m/n on input line 84.
LaTeX Font Info:    ... okay on input line 84.
LaTeX Font Info:    Checking defaults for U/cmr/m/n on input line 84.
LaTeX Font Info:    ... okay on input line 84.
LaTeX Font Info:    Try loading font information for U+msa on input line 84.

(/usr/share/texmf/tex/latex/amsfonts/umsa.fd
File: umsa.fd 1995/01/05 v2.2e AMS font definitions
)
LaTeX Font Info:    Try loading font information for U+msb on input line 84.

(/usr/share/texmf/tex/latex/amsfonts/umsb.fd
File: umsb.fd 1995/01/05 v2.2e AMS font definitions
) [1


]
LaTeX Font Info:    Try loading font information for OMS+cmr on input line 110.


(/usr/share/texmf/tex/latex/base/omscmr.fd
File: omscmr.fd 1998/03/27 v2.5g Standard LaTeX font definitions
)
LaTeX Font Info:    Font shape `OMS/cmr/m/n' in size <10.95> not available
(Font)              Font shape `OMS/cmsy/m/n' tried instead on input line 110.
 [2]
Contents
(manual2.toc)
\tf@toc=\write5
\openout5 = `manual2.toc'.

 [3

] [4

]
Preface
[5] [6

] (setvars.tex
Chapter 1

LaTeX Warning: Citation `Andrews89' on page 1 undefined on input line 24.


LaTeX Warning: Citation `Andrews95b' on page 1 undefined on input line 24.


LaTeX Warning: Citation `Andrews99' on page 1 undefined on input line 24.


LaTeX Warning: Citation `Bledsoe77' on page 1 undefined on input line 27.


LaTeX Warning: Citation `Bledsoe79' on page 1 undefined on input line 27.


LaTeX Warning: Citation `Bledsoe83' on page 1 undefined on input line 27.


LaTeX Warning: Citation `Bledsoe93' on page 1 undefined on input line 27.


LaTeX Warning: Citation `Bailin93' on page 1 undefined on input line 28.

LaTeX Font Info:    Try loading font information for T1+cmtt on input line 39.
(/usr/share/texmf/tex/latex/base/t1cmtt.fd
File: t1cmtt.fd 1998/03/27 v2.5g Standard LaTeX font definitions
)

LaTeX Warning: Citation `Andrews00a' on page 1 undefined on input line 46.

[1

]

LaTeX Warning: Reference `acyclicity' on page 2 undefined on input line 83.

[2]

LaTeX Warning: Reference `exp-pf-lemmas' on page 3 undefined on input line 181.


[3] [4] [5]
Underfull \vbox (badness 10000) has occurred while \output is active []

 [6]
[7] [8] [9] [10] [11] [12] [13] [14]
Overfull \hbox (28.69179pt too wide) in paragraph at lines 778--780
[]\T1/cmr/bx/n/10.95 make-clos-setvar-lemma-negf-1[] \T1/cmr/m/n/10.95 This fun
c-tion con-structs $\OML/cmm/m/it/10.95 NEGF[]$
 []


Overfull \hbox (25.70216pt too wide) in paragraph at lines 780--789
\T1/cmr/m/n/10.95 onto []\T1/cmtt/m/n/10.95 clist\T1/cmr/m/n/10.95 . So, we bui
ld $\OML/cmm/m/it/10.95 NEGF[]$ \T1/cmr/m/n/10.95 as a con-junc-tion $\OML/cmm/
m/it/10.95 NEGF[] \OMS/cmsy/m/n/10.95 ^
 []


Underfull \vbox (badness 3907) has occurred while \output is active []

 [15]
Underfull \vbox (badness 2521) has occurred while \output is active []

 [16]
[17] [18] [19] [20] [21] [22]
Underfull \vbox (badness 2293) has occurred while \output is active []

 [23]
[24]) [25] [26

]
No file manual2.bbl.
No file manual2.ind.
(manual2.aux)

LaTeX Warning: There were undefined references.

 ) 
Here is how much of TeX's memory you used:
 4459 strings out of 10898
 46489 string characters out of 96882
 135156 words of memory out of 263001
 7185 multiletter control sequences out of 10000+0
 20083 words of font info for 60 fonts, out of 400000 for 1000
 175 hyphenation exceptions out of 1000
 34i,75n,48p,260b,1307s stack positions out of 300i,100n,500p,50000b,4000s

Output written on manual2.dvi (32 pages, 91448 bytes).
