This is pdfTeX, Version 3.1415926-1.40.10 (TeX Live 2009/Debian) (format=latex 2011.4.11)  19 MAY 2011 16:51
entering extended mode
 %&-line parsing enabled.
**manual
(./manual.tex
LaTeX2e <2009/09/24>
Babel <v3.8l> and hyphenation patterns for english, usenglishmax, dumylang, noh
yphenation, loaded.
(/usr/share/texmf-texlive/tex/latex/amscls/amsbook.cls
Document Class: amsbook 2009/07/02 v2.20.1
\linespacing=\dimen102
\normalparindent=\dimen103
\normaltopskip=\skip41
(/usr/share/texmf-texlive/tex/latex/amsmath/amsmath.sty
Package: amsmath 2000/07/18 v2.13 AMS math features
\@mathmargin=\skip42

For additional information on amsmath, use the `?' option.
(/usr/share/texmf-texlive/tex/latex/amsmath/amstext.sty
Package: amstext 2000/06/29 v2.01

(/usr/share/texmf-texlive/tex/latex/amsmath/amsgen.sty
File: amsgen.sty 1999/11/30 v2.0
\@emptytoks=\toks14
\ex@=\dimen104
))
(/usr/share/texmf-texlive/tex/latex/amsmath/amsbsy.sty
Package: amsbsy 1999/11/29 v1.2d
\pmbraise@=\dimen105
)
(/usr/share/texmf-texlive/tex/latex/amsmath/amsopn.sty
Package: amsopn 1999/12/14 v2.01 operator names
)
\inf@bad=\count79
LaTeX Info: Redefining \frac on input line 211.
\uproot@=\count80
\leftroot@=\count81
LaTeX Info: Redefining \overline on input line 307.
\classnum@=\count82
\DOTSCASE@=\count83
LaTeX Info: Redefining \ldots on input line 379.
LaTeX Info: Redefining \dots on input line 382.
LaTeX Info: Redefining \cdots on input line 467.
\Mathstrutbox@=\box26
\strutbox@=\box27
\big@size=\dimen106
LaTeX Font Info:    Redeclaring font encoding OML on input line 567.
LaTeX Font Info:    Redeclaring font encoding OMS on input line 568.
\macc@depth=\count84
\c@MaxMatrixCols=\count85
\dotsspace@=\muskip10
\c@parentequation=\count86
\dspbrk@lvl=\count87
\tag@help=\toks15
\row@=\count88
\column@=\count89
\maxfields@=\count90
\andhelp@=\toks16
\eqnshift@=\dimen107
\alignsep@=\dimen108
\tagshift@=\dimen109
\tagwidth@=\dimen110
\totwidth@=\dimen111
\lineht@=\dimen112
\@envbody=\toks17
\multlinegap=\skip43
\multlinetaggap=\skip44
\mathdisplay@stack=\toks18
LaTeX Info: Redefining \[ on input line 2666.
LaTeX Info: Redefining \] on input line 2667.
)
LaTeX Font Info:    Try loading font information for U+msa on input line 367.

(/usr/share/texmf-texlive/tex/latex/amsfonts/umsa.fd
File: umsa.fd 2009/06/22 v3.00 AMS symbols A
)
(/usr/share/texmf-texlive/tex/latex/amsfonts/amsfonts.sty
Package: amsfonts 2009/06/22 v3.00 Basic AMSFonts support
\symAMSa=\mathgroup4
\symAMSb=\mathgroup5
LaTeX Font Info:    Overwriting math alphabet `\mathfrak' in version `bold'
(Font)                  U/euf/m/n --> U/euf/b/n on input line 96.
)
\copyins=\insert233
\abstractbox=\box28
\listisep=\skip45
\c@part=\count91
\c@chapter=\count92
\c@section=\count93
\c@subsection=\count94
\c@subsubsection=\count95
\c@paragraph=\count96
\c@subparagraph=\count97
\c@figure=\count98
\c@table=\count99
\abovecaptionskip=\skip46
\belowcaptionskip=\skip47
\captionindent=\dimen113
\thm@style=\toks19
\thm@bodyfont=\toks20
\thm@headfont=\toks21
\thm@notefont=\toks22
\thm@headpunct=\toks23
\thm@preskip=\skip48
\thm@postskip=\skip49
\thm@headsep=\skip50
\dth@everypar=\toks24
)
(/usr/share/texmf-texlive/tex/latex/amsmath/amscd.sty
Package: amscd 1999/11/29 v1.2d
\athelp@=\toks25
\minaw@=\dimen114
\bigaw@=\dimen115
\minCDarrowwidth=\dimen116
)
(/usr/share/texmf-texlive/tex/latex/amsfonts/amssymb.sty
Package: amssymb 2009/06/22 v3.00
)
(/usr/share/texmf-texlive/tex/latex/base/fontenc.sty
Package: fontenc 2005/09/27 v1.99g Standard LaTeX package

(/usr/share/texmf-texlive/tex/latex/base/t1enc.def
File: t1enc.def 2005/09/27 v1.99g Standard LaTeX file
LaTeX Font Info:    Redeclaring font encoding T1 on input line 43.
))
(/usr/share/texmf-texlive/tex/generic/xypic/xy.sty
(/usr/share/texmf-texlive/tex/generic/xypic/xy.tex Bootstrap'ing: catcodes,
docmode, (/usr/share/texmf-texlive/tex/generic/xypic/xyrecat.tex)
(/usr/share/texmf-texlive/tex/generic/xypic/xyidioms.tex)

 Xy-pic version 3.7 <1999/02/16>
 Copyright (c) 1991-1998 by Kristoffer H. Rose <krisrose@ens-lyon.fr>
 Xy-pic is free software: see the User's Guide for details.

Loading kernel: messages; fonts; allocations: state,
\X@c=\dimen117
\Y@c=\dimen118
\U@c=\dimen119
\D@c=\dimen120
\L@c=\dimen121
\R@c=\dimen122
\Edge@c=\toks26
\X@p=\dimen123
\Y@p=\dimen124
\U@p=\dimen125
\D@p=\dimen126
\L@p=\dimen127
\R@p=\dimen128
\Edge@p=\toks27
\X@origin=\dimen129
\Y@origin=\dimen130
\X@xbase=\dimen131
\Y@xbase=\dimen132
\X@ybase=\dimen133
\Y@ybase=\dimen134
\X@min=\dimen135
\Y@min=\dimen136
\X@max=\dimen137
\Y@max=\dimen138
\lastobjectbox@=\box29
\zerodotbox@=\box30
\almostz@=\dimen139
 direction,
\d@X=\dimen140
\d@Y=\dimen141
\K@=\count100
\KK@=\count101
\Direction=\count102
\K@dXdY=\dimen142
\K@dYdX=\dimen143
\xyread@=\read1
\xywrite@=\write3
\csp@=\count103
\quotPTK@=\dimen144

utility macros; pictures: \xy, positions,
\swaptoks@@=\toks28
\connectobjectbox@@=\box31
 objects,
\styletoks@=\toks29
 decorations;
kernel objects: directionals, circles, text; options; algorithms: directions,
edges, connections;  Xy-pic loaded)
Package: xy 1999/02/16 Xy-pic version 3.7

(/usr/share/texmf-texlive/tex/generic/xypic/xyall.tex
 Xy-pic option: All features v.3.3
(/usr/share/texmf-texlive/tex/generic/xypic/xycurve.tex
 Xy-pic option: Curve and Spline extension v.3.7 curve,
\crv@cnt@=\count104
\crvpts@=\toks30
\splinebox@=\box32
\splineval@=\dimen145
\splinedepth@=\dimen146
\splinetol@=\dimen147
\splinelength@=\dimen148
 circles,
\L@=\dimen149
 loaded)
(/usr/share/texmf-texlive/tex/generic/xypic/xyframe.tex
 Xy-pic option: Frame and Bracket extension v.3.7 loaded)
(/usr/share/texmf-texlive/tex/generic/xypic/xycmtip.tex
 Xy-pic option: Computer Modern tip extension v.3.3
(/usr/share/texmf-texlive/tex/generic/xypic/xytips.tex
 Xy-pic option: More Tips extension v.3.3 loaded) loaded)
(/usr/share/texmf-texlive/tex/generic/xypic/xyline.tex
 Xy-pic option: Line styles extension v.3.6
\xylinethick@=\dimen150
 loaded)
(/usr/share/texmf-texlive/tex/generic/xypic/xyrotate.tex
 Xy-pic option: Rotate and Scale extension v.3.3 loaded)
(/usr/share/texmf-texlive/tex/generic/xypic/xycolor.tex
 Xy-pic option: Colour extension v.3.3 loaded)
(/usr/share/texmf-texlive/tex/generic/xypic/xymatrix.tex
 Xy-pic option: Matrix feature v.3.4
\Row=\count105
\Col=\count106
\queue@=\toks31
\queue@@=\toks32
\qcount@=\count107
\qcount@@=\count108
\matrixsize@=\count109
 loaded)
(/usr/share/texmf-texlive/tex/generic/xypic/xyarrow.tex
 Xy-pic option: Arrow and Path feature v.3.5 path, \ar, loaded)
(/usr/share/texmf-texlive/tex/generic/xypic/xygraph.tex
 Xy-pic option: Graph feature v.3.7 loaded) loaded))
(/usr/share/texmf-texlive/tex/latex/bbold/bbold.sty
Package: bbold 1994/04/06 Bbold symbol package
LaTeX Font Info:    Redeclaring math alphabet \mathbb on input line 42.
) (./named.sty)
\@indexfile=\write4
\openout4 = `manual.idx'.


Writing index file manual.idx
(/home/theorem/tps/doc/lib/tps.tex
\hypbox=\box33
\turnstylelength=\dimen151
\formulabox=\box34
\formulawd=\dimen152
\processname=\box35
\realtime=\box36
\inruntime=\box37
\gctime=\box38
\igctime=\box39
\processnamewd=\dimen153
\realtimewd=\dimen154
\inruntimewd=\dimen155
\gctimewd=\dimen156
\igctimewd=\dimen157
\diffwd=\dimen158
\ndiffwd=\dimen159
\tempa=\box40
\tempb=\box41
\tempc=\dimen160
\tempd=\box42
\gappremises=\box43
) (./ndmacros.tex
\tempa=\box44
\tempb=\box45
\tempc=\dimen161
\tempd=\box46
\tempsrc=\box47
\tempded=\box48
\tempdedA=\box49
\tempdedB=\box50
)
(/home/theorem/tps/doc/lib/vpd.tex
\ssbox=\box51
\sscount=\count110
\litcount=\count111
)
\c@definition=\count112
 (./manual.aux)
\openout1 = `manual.aux'.

LaTeX Font Info:    Checking defaults for OML/cmm/m/it on input line 84.
LaTeX Font Info:    ... okay on input line 84.
LaTeX Font Info:    Checking defaults for T1/cmr/m/n on input line 84.
LaTeX Font Info:    ... okay on input line 84.
LaTeX Font Info:    Checking defaults for OT1/cmr/m/n on input line 84.
LaTeX Font Info:    ... okay on input line 84.
LaTeX Font Info:    Checking defaults for OMS/cmsy/m/n on input line 84.
LaTeX Font Info:    ... okay on input line 84.
LaTeX Font Info:    Checking defaults for OMX/cmex/m/n on input line 84.
LaTeX Font Info:    ... okay on input line 84.
LaTeX Font Info:    Checking defaults for U/cmr/m/n on input line 84.
LaTeX Font Info:    ... okay on input line 84.
LaTeX Font Info:    Try loading font information for U+msa on input line 84.

(/usr/share/texmf-texlive/tex/latex/amsfonts/umsa.fd
File: umsa.fd 2009/06/22 v3.00 AMS symbols A
)
LaTeX Font Info:    Try loading font information for U+msb on input line 84.

(/usr/share/texmf-texlive/tex/latex/amsfonts/umsb.fd
File: umsb.fd 2009/06/22 v3.00 AMS symbols B
) [1




]
LaTeX Font Info:    Try loading font information for OMS+cmr on input line 112.


(/usr/share/texmf-texlive/tex/latex/base/omscmr.fd
File: omscmr.fd 1999/05/25 v2.5h Standard LaTeX font definitions
)
LaTeX Font Info:    Font shape `OMS/cmr/m/n' in size <10.95> not available
(Font)              Font shape `OMS/cmsy/m/n' tried instead on input line 112.
 [2]
Contents
(./manual.toc [3


]
Underfull \vbox (badness 1137) has occurred while \output is active []

 [4]
[5]
Underfull \vbox (badness 1137) has occurred while \output is active []

 [6]
[7])
\tf@toc=\write5
\openout5 = `manual.toc'.

 [8]
Preface
[9


] [10


] (./intro.tex
Chapter 1
[1


]
LaTeX Font Info:    Try loading font information for T1+cmtt on input line 61.
 (/usr/share/texmf-texlive/tex/latex/base/t1cmtt.fd
File: t1cmtt.fd 1999/05/25 v2.5h Standard LaTeX font definitions
) [2] [3] [4] [5]
Overfull \hbox (68.15202pt too wide) in paragraph at lines 329--331
[]\T1/cmtt/m/n/10.95 xterm -geometry 80x54--14-2 '#723+0' -fn vtsingle -fb vtsy
mbold-sb
 []

[6] [7]
Underfull \vbox (badness 10000) has occurred while \output is active []

 [8]
Overfull \hbox (58.63625pt too wide) in paragraph at lines 504--511
\T1/cmr/m/n/10.95 this per-ma-nent by adding \T1/cmtt/m/n/10.95 #lucid(change-m
emory-management :growth-limit
 []


Underfull \vbox (badness 10000) has occurred while \output is active []

 [9]
(./tar.tex
Overfull \hbox (221.7884pt too wide) in paragraph at lines 3--8
 \T1/cmr/m/n/10.95 3.4.1.\T1/cmr/m/it/10.95 Making a tar file for Dis-tri-bu-ti
on.[] \T1/cmr/m/n/10.95 You can ex-e-cute \T1/cmtt/m/n/10.95 /afs/andrew/mcs/ma
th/TPS/admin/tps-dist/make-tar.exe
 []


Overfull \hbox (64.37782pt too wide) in paragraph at lines 32--32
[]     \T1/cmtt/m/n/10.95 Login to gtps as root (so that you can write a file i
n /home/ftp/pub).[] 
 []


Overfull \hbox (41.74434pt too wide) in paragraph at lines 32--32
[]     \T1/cmtt/m/n/10.95 ln -sf /home/ftp/pub/tps3-date.tar.gz /home/httpd/htm
l/tps3.tar.gz[] 
 []


Overfull \hbox (47.40271pt too wide) in paragraph at lines 32--32
[]    \T1/cmtt/m/n/10.95 (It's important that the tar file is not put into the 
same directory[] 
 []


Overfull \hbox (100.08035pt too wide) in paragraph at lines 76--84
 \T1/cmr/m/n/10.95 3.4.2.\T1/cmr/m/it/10.95 Distribution of \T1/cmr/m/sc/10.95 
Tps3 \T1/cmr/m/it/10.95 via http.[] \T1/cmr/m/n/10.95 There is a perl script \T
1/cmtt/m/n/10.95 /home/httpd/cgi-bin/tpsdist.pl
 []

[10])
Underfull \vbox (badness 10000) has occurred while \output is active []

 [11]
[12] [13] [14]
Overfull \hbox (38.99217pt too wide) in paragraph at lines 749--755
\T1/cmr/m/n/10.95 ex-port the file-name from \T1/cmr/m/it/10.95 /afs/andrew/mcs
/math/TPS/lisp/<package>.exp\T1/cmr/m/n/10.95 .
 []


Underfull \vbox (badness 1210) has occurred while \output is active []

 [15]
[16]
Overfull \hbox (41.74434pt too wide) in paragraph at lines 848--848
[]\T1/cmtt/m/n/10.95 [btps]/afs/andrew/mcs/math/TPS/lisp% grep -i defflag *.lis
p > flagcount[] 
 []


Overfull \hbox (58.71945pt too wide) in paragraph at lines 848--848
[]\T1/cmtt/m/n/10.95 {\it Edit the file flagcount to eliminate lines which do n
ot define flags}[] 
 []


Overfull \hbox (47.40271pt too wide) in paragraph at lines 866--866
[]\T1/cmtt/m/n/10.95 ;; if it's a list, it's a subject name, and we don't want 
to count them.[] 
 []

[17]
Overfull \hbox (24.76923pt too wide) in paragraph at lines 944--944
[]  \T1/cmtt/m/n/10.95 (see http://members.tripod.com/~oldboard/assembly/ansi_c
odes.html)[] 
 []

[18] [19]) (./tps-struct.tex [20]
Chapter 2
LaTeX Font Info:    Try loading font information for T1+cmss on input line 14.
(/usr/share/texmf-texlive/tex/latex/base/t1cmss.fd
File: t1cmss.fd 1999/05/25 v2.5h Standard LaTeX font definitions
) [21


]
Overfull \hbox (60.84447pt too wide) in paragraph at lines 103--109
\T1/cmr/m/n/10.95 tion, a com-mand in-ter-preter, and so on. There is a global 
list called \T1/cmtt/m/n/10.95 global-toplevellist
 []

[22] [23]) (./top-levels.tex [24]
Chapter 3
[25


]
Overfull \hbox (53.06108pt too wide) in paragraph at lines 71--71
[]  \T1/cmtt/m/n/10.95 (mhelp "Invert PRINTEDTFLAG, that is switch automatic re
cording of wffs[] 
 []


Overfull \hbox (41.74434pt too wide) in paragraph at lines 71--71
[]\T1/cmtt/m/n/10.95 in a file either on or off.  When switching on, the curren
t wff will be[] 
 []


Overfull \hbox (36.08597pt too wide) in paragraph at lines 71--71
[]\T1/cmtt/m/n/10.95 written to the PRINTEDTFILE. Notice that the resulting fil
e will be in[] 
 []


Overfull \hbox (36.08597pt too wide) in paragraph at lines 71--71
[]\T1/cmtt/m/n/10.95 Scribe format; if you want something you can reload into T
PS, then use[] 
 []

) (./mexprs.tex [26]
Chapter 4

Overfull \hbox (35.52054pt too wide) in paragraph at lines 32--34
[]\T1/cmr/m/n/10.95 There are ac-tu-ally two other pos-si-ble en-tries, \T1/cmt
t/m/n/10.95 Wffop-Typelist \T1/cmr/m/n/10.95 and \T1/cmtt/m/n/10.95 WffArgTypes
\T1/cmr/m/n/10.95 ;
 []

[27


]
Underfull \vbox (badness 10000) has occurred while \output is active []

 [28]
Overfull \hbox (24.76923pt too wide) in paragraph at lines 140--140
[]\T1/cmtt/m/n/10.95 {({\it property1} {\it value1}) ({\it property2} {\it valu
e2}) ...})[] 
 []

[29] [30]) (./wffrep.tex [31] [32


]
Chapter 5
[33]
Overfull \hbox (20.8874pt too wide) in paragraph at lines 106--113
[]\T1/cmr/m/n/10.95 These are just like prop-sym[], ex-cept that they also have
 a \T1/cmtt/m/n/10.95 STANDS-FOR
 []

[34]
Overfull \hbox (55.8104pt too wide) in paragraph at lines 154--154
 []   \T1/cmtt/m/n/10.95 (defn "lambda P(OA) lambda R(OA). forall x . P x impli
es R x"))[] 
 []


Overfull \hbox (34.14954pt too wide) in paragraph at lines 183--204
[][] 
 []


Underfull \vbox (badness 10000) has occurred while \output is active []

 [35]
[36] [37] [38]
Overfull \hbox (115.30316pt too wide) in paragraph at lines 419--419
[]\T1/cmtt/m/n/10.95 {\it The above definition is for math-logic-1, where foral
l can only bind individual[] 
 []

[39]
Overfull \hbox (53.06108pt too wide) in paragraph at lines 439--439
[]\T1/cmtt/m/n/10.95 FORALL x(I) [R(OI) x IMPLIES P(OI) x] AND FORALL x [~Q(OI)
 x IMPLIES R x][] 
 []


Overfull \hbox (53.06108pt too wide) in paragraph at lines 439--439
[]\T1/cmtt/m/n/10.95 ((IMPLIES (AND (|x<I>| . FORALL) (IMPLIES R<OI> . |x<I>|) 
P<OI> . |x<I>|)[] 
 []


Overfull \hbox (30.4276pt too wide) in paragraph at lines 453--453
[]\T1/cmtt/m/n/10.95 (REPRESENTS ((IMPLIES (AND (|x<I>| . FORALL) (IMPLIES R<OI
> . |x<I>|)[] 
 []


Overfull \hbox (87.0113pt too wide) in paragraph at lines 453--453
[] \T1/cmtt/m/n/10.95 P<OI> . |x<I>|) (|x<I>| . FORALL) (IMPLIES NOT Q<OI> . |x
<I>|) R<OI> . |x<I>|)[] 
 []


Overfull \hbox (64.37782pt too wide) in paragraph at lines 466--466
[]                 \T1/cmtt/m/n/10.95 (IMPLIES R<OI> . |x<I>|) P<OI> . |x<I>|) 
(|x<I>| . FORALL)[] 
 []

) (./flavors.tex [40] [41] [42]
Overfull \hbox (58.71945pt too wide) in paragraph at lines 156--156
[]   \T1/cmtt/m/n/10.95 ;;to keep track of nodes from which this node originate
d when copying a[] 
 []


Overfull \hbox (30.4276pt too wide) in paragraph at lines 170--170
[]  \T1/cmtt/m/n/10.95 (include etree (name (intern-str (create-namestring leaf
-name))))))[] 
 []

) (./wffprint.tex [43] [44]
Chapter 6

Underfull \vbox (badness 10000) has occurred while \output is active []

 [45


]
[46] [47] [48]
Underfull \vbox (badness 10000) has occurred while \output is active []

 [49]
Underfull \hbox (badness 10000) in paragraph at lines 305--311

 []

[50] [51] [52]
Underfull \hbox (badness 10000) in paragraph at lines 495--528

 []


Underfull \hbox (badness 10000) in paragraph at lines 495--528

 []


Underfull \hbox (badness 10000) in paragraph at lines 495--528

 []


Underfull \hbox (badness 10000) in paragraph at lines 495--528

 []


Underfull \hbox (badness 10000) in paragraph at lines 495--528

 []

[53] [54] [55] [56] [57] [58] [59] [60] [61] [62]) (./vpforms.tex [63])
(./printingproofs.tex) (./wffops.tex [64] [65] [66


]
Chapter 7

Overfull \hbox (44.49365pt too wide) in paragraph at lines 38--38
 []\T1/cmtt/m/n/10.95 (throwfail "Type " (t1.typesym) " does not match " (t2.ty
pesym))[] 
 []

[67] [68]
Overfull \hbox (30.4276pt too wide) in paragraph at lines 167--167
[]  \T1/cmtt/m/n/10.95 (arghelp "lambda variable" "term to be extracted" "contr
acted form"[] 
 []


Underfull \vbox (badness 1210) has occurred while \output is active []

 [69]
Overfull \hbox (36.08597pt too wide) in paragraph at lines 167--167
[]  \T1/cmtt/m/n/10.95 (mhelp "Substitute for types from list ((old . new) ...)
 in gwff."))[] 
 []


Overfull \hbox (36.08597pt too wide) in paragraph at lines 203--203
[]\T1/cmtt/m/n/10.95 ; the function wffeq-def1 is pages long, so it's not quote
d here. Look[] 
 []

[70] [71]
Overfull \hbox (53.06108pt too wide) in paragraph at lines 542--542
[]\T1/cmtt/m/n/10.95 the function used for substitution by default, or there ma
y be a function[] 
 []


Overfull \hbox (24.76923pt too wide) in paragraph at lines 542--542
[]  \T1/cmtt/m/n/10.95 (applicable-p (lambda (term var inwff) (free-for term va
r inwff)))[] 
 []


Overfull \hbox (47.40271pt too wide) in paragraph at lines 542--542
[]   \T1/cmtt/m/n/10.95 "Substitute a term for the free occurrences of variable
 in a gwff."))[] 
 []

[72]
Overfull \hbox (64.37782pt too wide) in paragraph at lines 542--542
[]  \T1/cmtt/m/n/10.95 "This function should be used with extreme caution. Ther
e's an underlying[] 
 []


Overfull \hbox (53.06108pt too wide) in paragraph at lines 542--542
[]  \T1/cmtt/m/n/10.95 assumption that TERM is free for VAR in INWFF (which is 
true if TERM is[] 
 []


Overfull \hbox (30.4276pt too wide) in paragraph at lines 542--542
[]   \T1/cmtt/m/n/10.95 "Substitute a term for the free occurrences of variable
 in a gwff.[] 
 []


Underfull \vbox (badness 10000) has occurred while \output is active []

 [73]
Underfull \vbox (badness 10000) has occurred while \output is active []

 [74]
Overfull \hbox (58.71945pt too wide) in paragraph at lines 542--542
[]\T1/cmtt/m/n/10.95 troublesome one and we may eventually need to change it gl
obally so as not[] 
 []


Overfull \hbox (58.71945pt too wide) in paragraph at lines 542--542
[]\T1/cmtt/m/n/10.95 The following are a sequence of functions which instantiat
e abbreviations.[] 
 []


Overfull \hbox (36.08597pt too wide) in paragraph at lines 542--542
[]\T1/cmtt/m/n/10.95 predicate should return something non-NIL, if this occurre
nce is to be[] 
 []


Underfull \vbox (badness 10000) has occurred while \output is active []

 [75]
Overfull \hbox (47.40271pt too wide) in paragraph at lines 542--542
[]\T1/cmtt/m/n/10.95 The occurrences will be lambda-contracted, but not lambda-
normalized."))[] 
 []


Overfull \hbox (64.37782pt too wide) in paragraph at lines 542--542
[]   \T1/cmtt/m/n/10.95 inwff #'(lambda (abbsym chkarg) (not (memq abbsym chkar
g))) exceptions))[] 
 []


Underfull \vbox (badness 10000) has occurred while \output is active []

 [76]
Overfull \hbox (30.4276pt too wide) in paragraph at lines 542--542
[] \T1/cmtt/m/n/10.95 (cond ((or (logconst-q inwff) (propsym-q inwff) (pmpropsy
m-q inwff))[] 
 []


Overfull \hbox (30.4276pt too wide) in paragraph at lines 542--542
[]\T1/cmtt/m/n/10.95 (t (let ((newcar (instantiate-definitions (car inwff) chkf
n chkarg)))[] 
 []

[77]
Overfull \hbox (87.0113pt too wide) in paragraph at lines 627--627
[] \T1/cmtt/m/n/10.95 ((FORALL w<I>) (OR LIT5 LIT6)) ((EXISTS u<I>) ((FORALL v<
I>) (OR LIT7 LIT8))))[] 
 []


Overfull \hbox (87.0113pt too wide) in paragraph at lines 627--627
[] \T1/cmtt/m/n/10.95 ((FORALL w<I>) (OR LIT5 LIT6)) ((EXISTS u<I>) ((FORALL v<
I>) (OR LIT7 LIT8))))[] 
 []


Overfull \hbox (87.0113pt too wide) in paragraph at lines 627--627
[] \T1/cmtt/m/n/10.95 ((FORALL w<I>) (OR LIT5 LIT6)) ((EXISTS u<I>) ((FORALL v<
I>) (OR LIT7 LIT8))))[] 
 []


Overfull \hbox (87.0113pt too wide) in paragraph at lines 627--627
[] \T1/cmtt/m/n/10.95 ((FORALL w<I>) (OR LIT5 LIT6)) ((EXISTS u<I>) ((FORALL v<
I>) (OR LIT7 LIT8))))[] 
 []


Overfull \hbox (87.0113pt too wide) in paragraph at lines 627--627
[] \T1/cmtt/m/n/10.95 ((FORALL w<I>) (OR LIT5 LIT6)) ((EXISTS u<I>) ((FORALL v<
I>) (OR LIT7 LIT8))))[] 
 []


Overfull \hbox (87.0113pt too wide) in paragraph at lines 627--627
[] \T1/cmtt/m/n/10.95 ((FORALL w<I>) (OR LIT5 LIT6)) ((EXISTS u<I>) ((FORALL v<
I>) (OR LIT7 LIT8))))[] 
 []


Overfull \hbox (87.0113pt too wide) in paragraph at lines 627--627
[]\T1/cmtt/m/n/10.95 <Ed24>(setq cc '((FORALL x<I>) (OR ((FORALL y<I>) LIT0) ((
FORALL z<I>) LIT1))))[] 
 []


Underfull \vbox (badness 10000) has occurred while \output is active []

 [78]
Overfull \hbox (87.0113pt too wide) in paragraph at lines 627--627
[] \T1/cmtt/m/n/10.95 ((FORALL w<I>) (OR LIT5 LIT6)) ((EXISTS u<I>) ((FORALL v<
I>) (OR LIT7 LIT8))))[] 
 []

[79] [80]
Overfull \hbox (64.37782pt too wide) in paragraph at lines 800--800
[]   \T1/cmtt/m/n/10.95 "Instantiate a top-level universal or existential binde
r with a term."))[] 
 []


Overfull \hbox (30.4276pt too wide) in paragraph at lines 800--800
[]\T1/cmtt/m/n/10.95 (throwfail "Instantiate only existential or universal quan
tifiers," t[] 
 []


Underfull \vbox (badness 10000) has occurred while \output is active []

 [81]
[82] [83]) (./help.tex [84]
Chapter 8

Overfull \hbox (36.85919pt too wide) in paragraph at lines 37--48
\T1/cmr/m/n/10.95 func-tion is pro-vided to han-dle such char-ac-ters in \T1/cm
r/m/it/10.95 la-tex-doc.lisp \T1/cmr/m/n/10.95 as \T1/cmtt/m/n/10.95 princ-mhel
p-latex[]\T1/cmr/m/n/10.95 .
 []

[85


] [86]
Overfull \hbox (22.20892pt too wide) in paragraph at lines 140--142
[]\T1/cmr/m/n/10.95 In the T[]Xversions of the man-u-als, one uses the cor-re-s
pond-ing T[]Xcommands. 
 []

[87]) (./flags.tex [88]
Chapter 9

Overfull \hbox (92.66968pt too wide) in paragraph at lines 13--13
[]  \T1/cmtt/m/n/10.95 (mhelp "When T, one of the primitive substitutions will 
introduce negation."))[] 
 []


Overfull \hbox (92.66968pt too wide) in paragraph at lines 30--30
[]  \T1/cmtt/m/n/10.95 (mhelp "When T, one of the primitive substitutions will 
introduce negation."))[] 
 []


Underfull \vbox (badness 7030) has occurred while \output is active []

 [89


]
[90]
Overfull \hbox (30.4276pt too wide) in paragraph at lines 135--135
[]\T1/cmtt/m/n/10.95 If some positive integer n, we reject any component using 
more than n[] 
 []

[91] [92]) (./monitor.tex [93] [94


]
Chapter 10

Overfull \hbox (41.74434pt too wide) in paragraph at lines 33--33
[]  \T1/cmtt/m/n/10.95 (mhelp "Prints out the given string every time the monit
or is called,[] 
 []


Overfull \hbox (62.72954pt too wide) in paragraph at lines 36--47
\T1/cmr/m/n/10.95 sym-bol cor-re-spond-ing to the name of the mon-i-tor func-ti
on, \T1/cmtt/m/n/10.95 *current-monitorfn-params*
 []

[95]) (./rules.tex [96]
Chapter 11
) (./etps.tex [97


] [98


]
Chapter 12
[99] (./outline.tex [100] [101]
Overfull \hbox (30.4276pt too wide) in paragraph at lines 83--83
[] \T1/cmtt/m/n/10.95 (H2) H,H2  ! P m                           Inductive Assu
mption on m[] 
 []


Overfull \hbox (30.4276pt too wide) in paragraph at lines 83--83
[]\T1/cmtt/m/n/10.95 *(P4) H     ! FORALL n . NAT n IMPLIES P n           Induc
tion: D1 D3[] 
 []


Overfull \hbox (36.08597pt too wide) in paragraph at lines 93--93
[]\T1/cmtt/m/n/10.95 *(P3)  H      !A(O) AND B(O)                              
 Conj: P1 P2[] 
 []

[102] [103] [104] [105] [106] [107]
Overfull \hbox (27.88719pt too wide) in paragraph at lines 483--486
[]\T1/cmr/m/n/10.95 For non-existent \T1/cmr/m/it/10.95 dlines d\T1/cmr/m/n/10.
95 , we let $\OML/cmm/m/it/10.95 L[] \OT1/cmr/m/n/10.95 = \OML/cmm/m/it/10.95 H
[] \OMS/cmsy/m/n/10.95 [ \OML/cmm/m/it/10.95 S[]$\T1/cmr/m/n/10.95 . If \T1/cmt
t/m/n/10.95 AUTO-GENERATE-HYPS
 []


Overfull \hbox (26.71883pt too wide) in paragraph at lines 487--490
[]\T1/cmr/m/n/10.95 For non-existent \T1/cmr/m/it/10.95 plines p\T1/cmr/m/n/10.
95 , we let $\OML/cmm/m/it/10.95 L[] \OT1/cmr/m/n/10.95 = \OML/cmm/m/it/10.95 H
[] \OMS/cmsy/m/n/10.95 [ \OML/cmm/m/it/10.95 S[]$\T1/cmr/m/n/10.95 . If \T1/cmt
t/m/n/10.95 AUTO-GENERATE-HYPS
 []

[108])) (./mating.tex [109] [110


]
Chapter 13

Overfull \hbox (23.0557pt too wide) in paragraph at lines 28--30
 \T1/cmr/bx/n/10.95 1.1.Expansion Tree.[] \T1/cmr/m/n/10.95 The data struc-ture
 etree[], de-fined in etrees-labels.lisp[],
 []

[111]
Overfull \hbox (47.40271pt too wide) in paragraph at lines 184--184
[]\T1/cmtt/m/n/10.95 Cc: issar@K.GP.CS.CMU.EDU, hwxi@K.GP.CS.CMU.EDU, mbishop@K
.GP.CS.CMU.EDU[] 
 []


Overfull \hbox (36.08597pt too wide) in paragraph at lines 184--184
[]\T1/cmtt/m/n/10.95 >in the structure current-topnode are for? (Of course, may
be we should[] 
 []


Overfull \hbox (24.76923pt too wide) in paragraph at lines 184--184
[]\T1/cmtt/m/n/10.95 Sorry it took so long to reply.  At first glance, I though
t this was[] 
 []


Overfull \hbox (41.74434pt too wide) in paragraph at lines 184--184
[]\T1/cmtt/m/n/10.95 the mating-search top-level, is the node of the expansion 
tree that you[] 
 []


Overfull \hbox (47.40271pt too wide) in paragraph at lines 184--184
[]\T1/cmtt/m/n/10.95 are currently looking at.  Commands like D (down), UP, ^ (
move to root),[] 
 []


Overfull \hbox (53.06108pt too wide) in paragraph at lines 184--184
[]\T1/cmtt/m/n/10.95 use and change the value of this variable (see etrees-wffo
ps, mating-top,[] 
 []


Overfull \hbox (64.37782pt too wide) in paragraph at lines 184--184
[]\T1/cmtt/m/n/10.95 Actually, the unification top-level uses this same variabl
e name, of course[] 
 []


Overfull \hbox (30.4276pt too wide) in paragraph at lines 184--184
[]\T1/cmtt/m/n/10.95 rebinding it during the duration of the top-level (so ther
e's no real[] 
 []


Underfull \vbox (badness 1210) has occurred while \output is active []

 [112]
Overfull \hbox (36.08597pt too wide) in paragraph at lines 184--184
[]\T1/cmtt/m/n/10.95 Now, STATUS and PREDECESSOR are actually slots in every ex
pansion tree[] 
 []


Overfull \hbox (36.08597pt too wide) in paragraph at lines 184--184
[]\T1/cmtt/m/n/10.95 Each etree node has a status, which is a nonnegative integ
er.  0 means[] 
 []


Overfull \hbox (53.06108pt too wide) in paragraph at lines 184--184
[]\T1/cmtt/m/n/10.95 were not in the tree), while positive values indicate the 
node is active,[] 
 []


Overfull \hbox (70.0362pt too wide) in paragraph at lines 184--184
[]\T1/cmtt/m/n/10.95 By the etree's status, you could rank certain expansions a
s more interesting[] 
 []


Overfull \hbox (47.40271pt too wide) in paragraph at lines 184--184
[]\T1/cmtt/m/n/10.95 Originally, this status was kept in a slot in each etree n
ode.  I didn't[] 
 []


Overfull \hbox (58.71945pt too wide) in paragraph at lines 184--184
[]\T1/cmtt/m/n/10.95 really like this, because then you can't share etree nodes
 among different[] 
 []


Overfull \hbox (75.69456pt too wide) in paragraph at lines 184--184
[]\T1/cmtt/m/n/10.95 "virtual" expansion trees.  For example, during the MS90-9
 search procedures,[] 
 []


Overfull \hbox (53.06108pt too wide) in paragraph at lines 184--184
[]\T1/cmtt/m/n/10.95 expansions.  There are, however, many "virtual" expansion 
trees, that is,[] 
 []


Overfull \hbox (30.4276pt too wide) in paragraph at lines 184--184
[]\T1/cmtt/m/n/10.95 expansion trees with the same root, but with different sub
sets of the[] 
 []


Overfull \hbox (30.4276pt too wide) in paragraph at lines 184--184
[]\T1/cmtt/m/n/10.95 expansions "turned on".  Each one of these virtual trees i
s kept in a[] 
 []


Overfull \hbox (36.08597pt too wide) in paragraph at lines 184--184
[]\T1/cmtt/m/n/10.95 separate eproof structure.  For this reason, the statuses 
are actually[] 
 []


Overfull \hbox (64.37782pt too wide) in paragraph at lines 184--184
[]\T1/cmtt/m/n/10.95 kept in a hashtable in the eproof structure as well, so ch
anging the status[] 
 []


Overfull \hbox (41.74434pt too wide) in paragraph at lines 184--184
[]\T1/cmtt/m/n/10.95 of a node in one virtual tree doesn't affect its status in
 other trees.[] 
 []


Overfull \hbox (87.0113pt too wide) in paragraph at lines 184--184
[]\T1/cmtt/m/n/10.95 Assume we have a tree with root expansion node EXP0, and c
hildren LEAF1, LEAF2.[] 
 []


Overfull \hbox (75.69456pt too wide) in paragraph at lines 184--184
[]\T1/cmtt/m/n/10.95 Then we have potentially 3 virtual trees: one where LEAF1 
has positive status[] 
 []


Overfull \hbox (92.66968pt too wide) in paragraph at lines 184--184
[]\T1/cmtt/m/n/10.95 and LEAF2 has 0 (is not there); one where LEAF2 positive s
tatus and LEAF1 has 0;[] 
 []


Overfull \hbox (36.08597pt too wide) in paragraph at lines 184--184
[]\T1/cmtt/m/n/10.95 and one where both LEAF1 and LEAF2 have positive status (a
re thus both[] 
 []


Overfull \hbox (64.37782pt too wide) in paragraph at lines 184--184
[]\T1/cmtt/m/n/10.95 considered in the proof process).  Functions that do thing
s like create the[] 
 []


Overfull \hbox (70.0362pt too wide) in paragraph at lines 184--184
[]\T1/cmtt/m/n/10.95 Because statuses are now kept separate from the nodes them
selves, the STATUS[] 
 []


Overfull \hbox (47.40271pt too wide) in paragraph at lines 184--184
[]\T1/cmtt/m/n/10.95 slot is an anachronism, and actually can now be removed (d
elete the form[] 
 []


Overfull \hbox (58.71945pt too wide) in paragraph at lines 184--184
[]\T1/cmtt/m/n/10.95 PREDECESSOR is related.  This is a symbol, the name of the
 etree node from[] 
 []


Overfull \hbox (70.0362pt too wide) in paragraph at lines 184--184
[]\T1/cmtt/m/n/10.95 which this node originated.  For example, suppose we have 
a leaf node LEAF0.[] 
 []


Overfull \hbox (81.35294pt too wide) in paragraph at lines 184--184
[]\T1/cmtt/m/n/10.95 If we deepen this node, then we will get something like EX
P0 as a result.  Its[] 
 []


Overfull \hbox (41.74434pt too wide) in paragraph at lines 184--184
[]\T1/cmtt/m/n/10.95 PREDECESSOR slot will be LEAF0. If we then change the stat
us of all its[] 
 []


Overfull \hbox (47.40271pt too wide) in paragraph at lines 184--184
[]\T1/cmtt/m/n/10.95 expansions to 0, then this node is effectively a leaf node
 again, and it[] 
 []


Underfull \vbox (badness 10000) has occurred while \output is active []

 [113]
Overfull \hbox (41.74434pt too wide) in paragraph at lines 184--184
[]\T1/cmtt/m/n/10.95 statuses hashtable; so effectively a node can inherit the 
status of the[] 
 []


Underfull \vbox (badness 1762) has occurred while \output is active []

 [114]
Underfull \vbox (badness 10000) has occurred while \output is active []

 [115]
Underfull \vbox (badness 1210) has occurred while \output is active []

 [116]
Underfull \vbox (badness 10000) has occurred while \output is active []

 [117]
Overfull \hbox (27.78267pt too wide) in paragraph at lines 386--390
[]\T1/cmr/m/n/10.95 The fol-low-ing global vari-ables are used by dual in-stan-
ti-a-tion (when REWRITE-
 []


Overfull \hbox (72.7855pt too wide) in paragraph at lines 414--414
 []    \T1/cmtt/m/n/10.95 (<instantiated wff-or-symbol> . <leaf with uninstanti
ated form>))[] 
 []

[118] [119] [120]
Overfull \hbox (39.20023pt too wide) in paragraph at lines 551--555
\T1/cmr/m/n/10.95 NONE[], then rewrite the equa-tion (de-pend-ing on REWRITE-EQ
UALITIES[])
 []


Overfull \hbox (27.51854pt too wide) in paragraph at lines 570--570
 []\T1/cmtt/m/n/10.95 ((DUAL SUBSET REFLEXIVE) (EAGER TRANSITIVE) (NONE INJECTI
VE))[] 
 []

[121]
Overfull \hbox (66.0853pt too wide) in paragraph at lines 606--612
[]\T1/cmr/m/n/10.95 Extra slots, called \T1/cmtt/m/n/10.95 exp-var-selected \T1
/cmr/m/n/10.95 on ex-pan-sion vari-ables and \T1/cmtt/m/n/10.95 universal-selec
ted
 []

[122]
Underfull \vbox (badness 7558) has occurred while \output is active []

 [123]
[124]
Overfull \hbox (30.32181pt too wide) in paragraph at lines 807--816
[]\T1/cmr/m/n/10.95 msearch[] does the search. It re-turns \T1/cmtt/m/n/10.95 (
dup-record ms90-3-mating unif-prob)\T1/cmr/m/n/10.95 .
 []

[125] [126] [127] [128] [129]
Overfull \hbox (96.48082pt too wide) detected at line 1123
[]
 []


Underfull \vbox (badness 1038) has occurred while \output is active []

 [130]
Overfull \hbox (53.06108pt too wide) in paragraph at lines 1158--1158
[]\T1/cmtt/m/n/10.95 |             L14      FORALL q^9                         
              |[] 
 []


Overfull \hbox (53.06108pt too wide) in paragraph at lines 1158--1158
[]\T1/cmtt/m/n/10.95 |            A x^18 OR  |           L15                L16
 |            |[] 
 []


Overfull \hbox (53.06108pt too wide) in paragraph at lines 1158--1158
[]\T1/cmtt/m/n/10.95 |                       |~q^9 [LAMBDA x FALSEHOOD] OR q^9 
A|            |[] 
 []


Overfull \hbox (53.06108pt too wide) in paragraph at lines 1158--1158
[]\T1/cmtt/m/n/10.95 |                                                         
              |[] 
 []


Overfull \hbox (53.06108pt too wide) in paragraph at lines 1158--1158
[]\T1/cmtt/m/n/10.95 ||  L5   |    |  L7   |                                   
              |[] 
 []


Overfull \hbox (53.06108pt too wide) in paragraph at lines 1158--1158
[]\T1/cmtt/m/n/10.95 ||A x^15 |    |A x^15 |    FORALL q^7                     
              |[] 
 []


Overfull \hbox (53.06108pt too wide) in paragraph at lines 1158--1158
[]\T1/cmtt/m/n/10.95 ||       | OR |       | OR  |               L9            
         L10 ||[] 
 []


Overfull \hbox (53.06108pt too wide) in paragraph at lines 1158--1158
[]\T1/cmtt/m/n/10.95 ||  L6   |    |  L8   |     |~q^7 [LAMBDA x .A x OR FALSEH
OOD] OR q^7 A||[] 
 []


Overfull \hbox (53.06108pt too wide) in paragraph at lines 1158--1158
[]\T1/cmtt/m/n/10.95 ||~A x^15|    |~A x^15|                                   
              |[] 
 []


Overfull \hbox (53.06108pt too wide) in paragraph at lines 1158--1158
[]\T1/cmtt/m/n/10.95 |                                                         
              |[] 
 []


Overfull \hbox (53.06108pt too wide) in paragraph at lines 1158--1158
[]\T1/cmtt/m/n/10.95 |                                  L1                     
              |[] 
 []


Overfull \hbox (53.06108pt too wide) in paragraph at lines 1158--1158
[]\T1/cmtt/m/n/10.95 |                    P [LAMBDA x .A x OR FALSEHOOD]       
              |[] 
 []


Overfull \hbox (53.06108pt too wide) in paragraph at lines 1158--1158
[]\T1/cmtt/m/n/10.95 |                                                         
              |[] 
 []


Overfull \hbox (53.06108pt too wide) in paragraph at lines 1158--1158
[]\T1/cmtt/m/n/10.95 |                                  L2                     
              |[] 
 []


Overfull \hbox (53.06108pt too wide) in paragraph at lines 1158--1158
[]\T1/cmtt/m/n/10.95 |                                 ~P A                    
              |[] 
 []

[131] [132]) (./merging.tex [133] [134


]
Chapter 14
[135] [136]
Overfull \hbox (23.3121pt too wide) in paragraph at lines 152--159
\T1/cmr/m/n/10.95 CHEAPEST-CLIST-SPANNING-PATH[], which FIND-ALT-CHEAPEST-CLIST
-
 []

[137] [138]
Underfull \vbox (badness 10000) has occurred while \output is active []

 [139]
[140] [141]
Underfull \vbox (badness 10000) has occurred while \output is active []

 [142]
[143] [144] [145] [146]
Overfull \hbox (65.18597pt too wide) detected at line 605
[]
 []


Overfull \hbox (33.7483pt too wide) in paragraph at lines 616--618
[]\T1/cmr/bx/n/10.95 cleanup-leibniz-expansions[] \T1/cmr/m/n/10.95 Start with 
a pos-i-tive sub-tree ([]\T1/cmtt/m/n/10.95 eq-rew-node\T1/cmr/m/n/10.95 )
 []

[147] [148]
Underfull \vbox (badness 10000) has occurred while \output is active []

 [149]
Overfull \hbox (21.164pt too wide) in paragraph at lines 724--728
[]\T1/cmr/m/n/10.95 The func-tions of RAISE-LAMBDA-NODES are in the file \T1/cm
r/m/it/10.95 mating-merge2.lisp[]\T1/cmr/m/n/10.95 .
 []

[150] [151] [152] [153] [154] [155]
Underfull \vbox (badness 10000) has occurred while \output is active []

 [156]
[157]
Underfull \vbox (badness 2582) has occurred while \output is active []

 [158]
[159] [160]
Underfull \vbox (badness 10000) has occurred while \output is active []

 [161])
(./unification.tex [162]
Chapter 15
[163


] [164]) (./setvars.tex [165] [166


]
Chapter 16

Overfull \hbox (100.4679pt too wide) in paragraph at lines 24--33
\T1/cmr/m/n/10.95 work re-gard-ing in-stan-ti-at-ing set vari-ables in other co
n-texts in-clude [] Ble77[], [] Ble79[], [] Ble83[], [] BF93[],
 []

[167] [168] [169] [170] [171]
Underfull \vbox (badness 10000) has occurred while \output is active []

 [172]
[173] [174] [175] [176] [177] [178] [179] [180]
Overfull \hbox (33.65038pt too wide) in paragraph at lines 778--780
[]\T1/cmr/bx/n/10.95 make-clos-setvar-lemma-negf-1[] \T1/cmr/m/n/10.95 This fun
c-tion con-structs $\OML/cmm/m/it/10.95 NEGF[]$
 []


Overfull \hbox (41.583pt too wide) in paragraph at lines 780--789
\OML/cmm/m/it/10.95 NEGF[] \OMS/cmsy/m/n/10.95 ^ \OML/cmm/m/it/10.95 NEGF[]$ \T
1/cmr/m/n/10.95 where $\OML/cmm/m/it/10.95 NEGF[]$ \T1/cmr/m/n/10.95 and $\OML/
cmm/m/it/10.95 NEGF[]$
 []

[181] [182]
Overfull \hbox (20.40456pt too wide) in paragraph at lines 866--875
[]\T1/cmr/bx/n/10.95 make-clos-setvar-lemma-negf-6[] \T1/cmr/m/n/10.95 This fun
c-tion con-structs $\OML/cmm/m/it/10.95 Kuu[]$
 []

[183]
Overfull \hbox (29.78598pt too wide) in paragraph at lines 880--882
\T1/cmr/m/n/10.95 The cor-re-spond-ing se-lected vari-able $\OML/cmm/m/it/10.95
 w[]$ \T1/cmr/m/n/10.95 is used to cre-ate $\OML/cmm/m/it/10.95 Kuu[]$
 []

[184] [185] [186] [187] [188] [189]
Underfull \vbox (badness 10000) has occurred while \output is active []

 [190])
(./tactics.tex [191] [192


]
Chapter 17
[193]
Underfull \vbox (badness 10000) has occurred while \output is active []

 [194]
Overfull \hbox (114.06746pt too wide) in paragraph at lines 117--142
[][] 
 []


Overfull \hbox (102.89961pt too wide) in paragraph at lines 158--170
[][] 
 []


Underfull \vbox (badness 10000) has occurred while \output is active []

 [195]
Underfull \vbox (badness 10000) has occurred while \output is active []

 [196]
[197]
Underfull \hbox (badness 10000) in paragraph at lines 261--263

 []

[198] (./prog-tactics.tex [199]
Underfull \vbox (badness 10000) has occurred while \output is active []

 [200]))
(./translation.tex [201] [202


]
Chapter 18
(./epr-npr-translate.tex
Overfull \hbox (20.95021pt too wide) in paragraph at lines 30--32
[]\T1/cmr/m/n/10.95 Replace skolem terms by pa-ram-e-ters (if ap-pli-ca-ble) (\
T1/cmtt/m/n/10.95 subst-skol-terms\T1/cmr/m/n/10.95 ) 
 []


Overfull \hbox (66.33778pt too wide) in paragraph at lines 33--36
\T1/cmr/m/n/10.95 Leib-niz equal-ity nodes for sub-sti-tu-tion of equal-ity nod
es (\T1/cmtt/m/n/10.95 remove-leibniz-nodes\T1/cmr/m/n/10.95 ) 
 []

[203]) (./nat-etr.tex [204] [205] [206] [207] [208] [209]
Underfull \hbox (badness 10000) in paragraph at lines 284--285

 []


Underfull \hbox (badness 10000) in paragraph at lines 291--293

 []

[210]
Underfull \hbox (badness 10000) in paragraph at lines 297--298

 []


Underfull \hbox (badness 10000) in paragraph at lines 302--303

 []


Underfull \hbox (badness 10000) in paragraph at lines 307--309

 []

[211] [212]
LaTeX Font Info:    Try loading font information for U+euf on input line 427.
 (/usr/share/texmf-texlive/tex/latex/amsfonts/ueuf.fd
File: ueuf.fd 2009/06/22 v3.00 Euler Fraktur
) [213]
Overfull \hbox (26.565pt too wide) in paragraph at lines 497--505
 \T1/cmr/m/n/10.95 3.1.7.\T1/cmr/m/it/10.95 Normalization of Proofs.[] \T1/cmr/
m/n/10.95 There is now a \T1/cmr/m/sc/10.95 Tps3 \T1/cmr/m/n/10.95 com-mand NOR
MALIZE-
 []

[214]
Underfull \vbox (badness 10000) has occurred while \output is active []

 [215]
[216]
Underfull \vbox (badness 1210) has occurred while \output is active []

 [217])
(./cut1.tex [218] [219] [220] [221] [222] [223] [224] [225] [226] [227]
[228] [229]) [230]) (./library-rewrite.tex [231] [232


]
Chapter 19
[233]) (./teach.tex [234]
Chapter 20
[235


] [236] [237]
Overfull \hbox (64.37782pt too wide) in paragraph at lines 217--217
[]  \T1/cmtt/m/n/10.95 (template-names (userid dproof numberoflines computed-co
de date daytime))[] 
 []


Overfull \hbox (81.35294pt too wide) in paragraph at lines 217--217
[]  \T1/cmtt/m/n/10.95 (setq computed-code (code-list (eval `(list ,@(get 'done
-exc 'template))))))[] 
 []


Overfull \hbox (53.06108pt too wide) in paragraph at lines 217--217
[]  \T1/cmtt/m/n/10.95 (template ((status-userid) kind dproof (status-date) (st
atus-daytime)))[] 
 []


Underfull \vbox (badness 10000) has occurred while \output is active []

 [238]
Overfull \hbox (36.08597pt too wide) in paragraph at lines 239--239
[]\T1/cmtt/m/n/10.95 (msgf "Could not write score file.  Trying again ... (abor
t with ^G)")[] 
 []


Overfull \hbox (115.30316pt too wide) in paragraph at lines 239--239
[]      \T1/cmtt/m/n/10.95 (msgf "You have completed the proof.  Since this is 
not an assigned exercise,"[] 
 []


Overfull \hbox (70.0362pt too wide) in paragraph at lines 288--288
[]   \T1/cmtt/m/n/10.95 (eventargs multiple)   ;; selected variables in the var
-template of event[] 
 []

[239]
Overfull \hbox (36.08597pt too wide) in paragraph at lines 288--288
[]   \T1/cmtt/m/n/10.95 (passed-args multiple) ;; values needed by DO-FN (init 
in BEGIN-FN)[] 
 []


Overfull \hbox (36.08597pt too wide) in paragraph at lines 288--288
[]   \T1/cmtt/m/n/10.95 (do-fn singlefn)       ;; args = eventargs ;; special =
 passed-args[] 
 []


Underfull \vbox (badness 1210) has occurred while \output is active []

 [240])
(./grader.tex [241] [242


]
Chapter 21

Overfull \hbox (76.94829pt too wide) in paragraph at lines 19--25
\T1/cmr/m/n/10.95 later ver-sions it is: \T1/cmtt/m/n/10.95 xterm \T1/cmr/m/it/
10.95 <many xterm switches> \T1/cmtt/m/n/10.95 -e /usr/theorem/bin/run-tps
 []

) (./interface.tex [243] [244


]
Chapter 22
[245]
Underfull \vbox (badness 1210) has occurred while \output is active []

 [246]
[247]
Overfull \hbox (93.89081pt too wide) in paragraph at lines 198--202
\T1/cmr/m/n/10.95 the main java files (e.g., /home/theorem/tps/java/ and /home/
theorem/tps/java/tps/).
 []

[248]) [249] [250


] (./manual.bbl
Bibliography

Underfull \vbox (badness 10000) has occurred while \output is active []

 [251


])
(./manual.ind [252]
Index
[253



] [254] [255] [256] [257] [258] [259] [260] [261

]) (./manual.aux) ) 
Here is how much of TeX's memory you used:
 4903 strings out of 495062
 53646 string characters out of 1182644
 149228 words of memory out of 3000000
 7743 multiletter control sequences out of 15000+50000
 27434 words of font info for 78 fonts, out of 3000000 for 9000
 189 hyphenation exceptions out of 8191
 34i,74n,48p,577b,827s stack positions out of 5000i,500n,10000p,200000b,50000s

Output written on manual.dvi (271 pages, 807516 bytes).
